{"/Users/gilsongabriel/Dev/CMS/Commitzero/dist/esm/cli/colors.js": {"path":"/Users/gilsongabriel/Dev/CMS/Commitzero/dist/esm/cli/colors.js","all":false,"statementMap":{"0":{"start":{"line":1,"column":0},"end":{"line":1,"column":24}},"1":{"start":{"line":2,"column":0},"end":{"line":2,"column":20}},"2":{"start":{"line":3,"column":0},"end":{"line":3,"column":43}},"3":{"start":{"line":4,"column":0},"end":{"line":4,"column":79}},"4":{"start":{"line":5,"column":0},"end":{"line":5,"column":67}},"5":{"start":{"line":6,"column":0},"end":{"line":6,"column":40}},"6":{"start":{"line":7,"column":0},"end":{"line":7,"column":1}},"7":{"start":{"line":8,"column":0},"end":{"line":8,"column":28}},"8":{"start":{"line":9,"column":0},"end":{"line":9,"column":19}},"9":{"start":{"line":10,"column":0},"end":{"line":10,"column":21}},"10":{"start":{"line":11,"column":0},"end":{"line":11,"column":43}},"11":{"start":{"line":12,"column":0},"end":{"line":12,"column":1}},"12":{"start":{"line":13,"column":0},"end":{"line":13,"column":18}},"13":{"start":{"line":14,"column":0},"end":{"line":14,"column":30}},"14":{"start":{"line":15,"column":0},"end":{"line":15,"column":29}},"15":{"start":{"line":16,"column":0},"end":{"line":16,"column":30}},"16":{"start":{"line":17,"column":0},"end":{"line":17,"column":32}},"17":{"start":{"line":18,"column":0},"end":{"line":18,"column":33}},"18":{"start":{"line":19,"column":0},"end":{"line":19,"column":31}},"19":{"start":{"line":20,"column":0},"end":{"line":20,"column":34}},"20":{"start":{"line":21,"column":0},"end":{"line":21,"column":31}},"21":{"start":{"line":22,"column":0},"end":{"line":22,"column":31}},"22":{"start":{"line":23,"column":0},"end":{"line":23,"column":2}}},"s":{"0":35,"1":65,"2":65,"3":65,"4":65,"5":65,"6":65,"7":65,"8":65,"9":65,"10":65,"11":65,"12":35,"13":35,"14":35,"15":35,"16":35,"17":35,"18":35,"19":35,"20":35,"21":35,"22":35},"branchMap":{"0":{"type":"branch","line":1,"loc":{"start":{"line":1,"column":0},"end":{"line":23,"column":2}},"locations":[{"start":{"line":1,"column":0},"end":{"line":23,"column":2}}]},"1":{"type":"branch","line":2,"loc":{"start":{"line":2,"column":0},"end":{"line":7,"column":1}},"locations":[{"start":{"line":2,"column":0},"end":{"line":7,"column":1}}]},"2":{"type":"branch","line":6,"loc":{"start":{"line":6,"column":17},"end":{"line":6,"column":39}},"locations":[{"start":{"line":6,"column":17},"end":{"line":6,"column":39}}]},"3":{"type":"branch","line":8,"loc":{"start":{"line":8,"column":0},"end":{"line":12,"column":1}},"locations":[{"start":{"line":8,"column":0},"end":{"line":12,"column":1}}]},"4":{"type":"branch","line":10,"loc":{"start":{"line":10,"column":8},"end":{"line":10,"column":21}},"locations":[{"start":{"line":10,"column":8},"end":{"line":10,"column":21}}]},"5":{"type":"branch","line":14,"loc":{"start":{"line":14,"column":10},"end":{"line":14,"column":29}},"locations":[{"start":{"line":14,"column":10},"end":{"line":14,"column":29}}]},"6":{"type":"branch","line":16,"loc":{"start":{"line":16,"column":9},"end":{"line":16,"column":29}},"locations":[{"start":{"line":16,"column":9},"end":{"line":16,"column":29}}]},"7":{"type":"branch","line":17,"loc":{"start":{"line":17,"column":11},"end":{"line":17,"column":31}},"locations":[{"start":{"line":17,"column":11},"end":{"line":17,"column":31}}]},"8":{"type":"branch","line":18,"loc":{"start":{"line":18,"column":12},"end":{"line":18,"column":32}},"locations":[{"start":{"line":18,"column":12},"end":{"line":18,"column":32}}]},"9":{"type":"branch","line":21,"loc":{"start":{"line":21,"column":10},"end":{"line":21,"column":30}},"locations":[{"start":{"line":21,"column":10},"end":{"line":21,"column":30}}]}},"b":{"0":[35],"1":[65],"2":[0],"3":[65],"4":[0],"5":[22],"6":[7],"7":[17],"8":[4],"9":[15]},"fnMap":{"0":{"name":"enabled","decl":{"start":{"line":2,"column":0},"end":{"line":7,"column":1}},"loc":{"start":{"line":2,"column":0},"end":{"line":7,"column":1}},"line":2},"1":{"name":"wrap","decl":{"start":{"line":8,"column":0},"end":{"line":12,"column":1}},"loc":{"start":{"line":8,"column":0},"end":{"line":12,"column":1}},"line":8},"2":{"name":"bold","decl":{"start":{"line":14,"column":10},"end":{"line":14,"column":29}},"loc":{"start":{"line":14,"column":10},"end":{"line":14,"column":29}},"line":14},"3":{"name":"dim","decl":{"start":{"line":15,"column":9},"end":{"line":15,"column":28}},"loc":{"start":{"line":15,"column":9},"end":{"line":15,"column":28}},"line":15},"4":{"name":"red","decl":{"start":{"line":16,"column":9},"end":{"line":16,"column":29}},"loc":{"start":{"line":16,"column":9},"end":{"line":16,"column":29}},"line":16},"5":{"name":"green","decl":{"start":{"line":17,"column":11},"end":{"line":17,"column":31}},"loc":{"start":{"line":17,"column":11},"end":{"line":17,"column":31}},"line":17},"6":{"name":"yellow","decl":{"start":{"line":18,"column":12},"end":{"line":18,"column":32}},"loc":{"start":{"line":18,"column":12},"end":{"line":18,"column":32}},"line":18},"7":{"name":"blue","decl":{"start":{"line":19,"column":10},"end":{"line":19,"column":30}},"loc":{"start":{"line":19,"column":10},"end":{"line":19,"column":30}},"line":19},"8":{"name":"magenta","decl":{"start":{"line":20,"column":13},"end":{"line":20,"column":33}},"loc":{"start":{"line":20,"column":13},"end":{"line":20,"column":33}},"line":20},"9":{"name":"cyan","decl":{"start":{"line":21,"column":10},"end":{"line":21,"column":30}},"loc":{"start":{"line":21,"column":10},"end":{"line":21,"column":30}},"line":21},"10":{"name":"gray","decl":{"start":{"line":22,"column":10},"end":{"line":22,"column":30}},"loc":{"start":{"line":22,"column":10},"end":{"line":22,"column":30}},"line":22}},"f":{"0":65,"1":65,"2":22,"3":0,"4":7,"5":17,"6":4,"7":0,"8":0,"9":15,"10":0}}
,"/Users/gilsongabriel/Dev/CMS/Commitzero/dist/esm/cli/index.js": {"path":"/Users/gilsongabriel/Dev/CMS/Commitzero/dist/esm/cli/index.js","all":false,"statementMap":{"0":{"start":{"line":1,"column":0},"end":{"line":1,"column":19}},"1":{"start":{"line":2,"column":0},"end":{"line":2,"column":76}},"2":{"start":{"line":3,"column":0},"end":{"line":3,"column":44}},"3":{"start":{"line":4,"column":0},"end":{"line":4,"column":42}},"4":{"start":{"line":5,"column":0},"end":{"line":5,"column":42}},"5":{"start":{"line":6,"column":0},"end":{"line":6,"column":41}},"6":{"start":{"line":7,"column":0},"end":{"line":7,"column":36}},"7":{"start":{"line":8,"column":0},"end":{"line":8,"column":47}},"8":{"start":{"line":9,"column":0},"end":{"line":9,"column":49}},"9":{"start":{"line":10,"column":0},"end":{"line":10,"column":62}},"10":{"start":{"line":11,"column":0},"end":{"line":11,"column":51}},"11":{"start":{"line":12,"column":0},"end":{"line":12,"column":88}},"12":{"start":{"line":13,"column":0},"end":{"line":13,"column":73}},"13":{"start":{"line":14,"column":0},"end":{"line":14,"column":51}},"14":{"start":{"line":15,"column":0},"end":{"line":15,"column":68}},"15":{"start":{"line":16,"column":0},"end":{"line":16,"column":65}},"16":{"start":{"line":17,"column":0},"end":{"line":17,"column":67}},"17":{"start":{"line":18,"column":0},"end":{"line":18,"column":53}},"18":{"start":{"line":19,"column":0},"end":{"line":19,"column":32}},"19":{"start":{"line":20,"column":0},"end":{"line":20,"column":57}},"20":{"start":{"line":21,"column":0},"end":{"line":21,"column":48}},"21":{"start":{"line":22,"column":0},"end":{"line":22,"column":47}},"22":{"start":{"line":23,"column":0},"end":{"line":23,"column":58}},"23":{"start":{"line":24,"column":0},"end":{"line":24,"column":22}},"24":{"start":{"line":25,"column":0},"end":{"line":25,"column":27}},"25":{"start":{"line":26,"column":0},"end":{"line":26,"column":1}},"26":{"start":{"line":27,"column":0},"end":{"line":27,"column":22}},"27":{"start":{"line":28,"column":0},"end":{"line":28,"column":27}},"28":{"start":{"line":29,"column":0},"end":{"line":29,"column":1}},"29":{"start":{"line":30,"column":0},"end":{"line":30,"column":45}},"30":{"start":{"line":31,"column":0},"end":{"line":31,"column":9}},"31":{"start":{"line":32,"column":0},"end":{"line":32,"column":74}},"32":{"start":{"line":33,"column":0},"end":{"line":33,"column":24}},"33":{"start":{"line":34,"column":0},"end":{"line":34,"column":48}},"34":{"start":{"line":35,"column":0},"end":{"line":35,"column":24}},"35":{"start":{"line":36,"column":0},"end":{"line":36,"column":43}},"36":{"start":{"line":37,"column":0},"end":{"line":37,"column":24}},"37":{"start":{"line":38,"column":0},"end":{"line":38,"column":43}},"38":{"start":{"line":39,"column":0},"end":{"line":39,"column":24}},"39":{"start":{"line":40,"column":0},"end":{"line":40,"column":79}},"40":{"start":{"line":41,"column":0},"end":{"line":41,"column":24}},"41":{"start":{"line":42,"column":0},"end":{"line":42,"column":5}},"42":{"start":{"line":43,"column":0},"end":{"line":43,"column":13}},"43":{"start":{"line":44,"column":0},"end":{"line":44,"column":17}},"44":{"start":{"line":45,"column":0},"end":{"line":45,"column":1}},"45":{"start":{"line":46,"column":0},"end":{"line":46,"column":30}},"46":{"start":{"line":47,"column":0},"end":{"line":47,"column":9}},"47":{"start":{"line":48,"column":0},"end":{"line":48,"column":66}},"48":{"start":{"line":49,"column":0},"end":{"line":49,"column":52}},"49":{"start":{"line":50,"column":0},"end":{"line":50,"column":38}},"50":{"start":{"line":51,"column":0},"end":{"line":51,"column":26}},"51":{"start":{"line":52,"column":0},"end":{"line":52,"column":40}},"52":{"start":{"line":53,"column":0},"end":{"line":53,"column":5}},"53":{"start":{"line":54,"column":0},"end":{"line":54,"column":11}},"54":{"start":{"line":55,"column":0},"end":{"line":55,"column":13}},"55":{"start":{"line":56,"column":0},"end":{"line":56,"column":93}},"56":{"start":{"line":57,"column":0},"end":{"line":57,"column":56}},"57":{"start":{"line":58,"column":0},"end":{"line":58,"column":42}},"58":{"start":{"line":59,"column":0},"end":{"line":59,"column":30}},"59":{"start":{"line":60,"column":0},"end":{"line":60,"column":44}},"60":{"start":{"line":61,"column":0},"end":{"line":61,"column":9}},"61":{"start":{"line":62,"column":0},"end":{"line":62,"column":15}},"62":{"start":{"line":63,"column":0},"end":{"line":63,"column":63}},"63":{"start":{"line":64,"column":0},"end":{"line":64,"column":27}},"64":{"start":{"line":65,"column":0},"end":{"line":65,"column":42}},"65":{"start":{"line":66,"column":0},"end":{"line":66,"column":9}},"66":{"start":{"line":67,"column":0},"end":{"line":67,"column":5}},"67":{"start":{"line":68,"column":0},"end":{"line":68,"column":14}},"68":{"start":{"line":69,"column":0},"end":{"line":69,"column":1}},"69":{"start":{"line":70,"column":0},"end":{"line":70,"column":26}},"70":{"start":{"line":71,"column":0},"end":{"line":71,"column":21}},"71":{"start":{"line":72,"column":0},"end":{"line":72,"column":9}},"72":{"start":{"line":73,"column":0},"end":{"line":73,"column":66}},"73":{"start":{"line":74,"column":0},"end":{"line":74,"column":52}},"74":{"start":{"line":75,"column":0},"end":{"line":75,"column":38}},"75":{"start":{"line":76,"column":0},"end":{"line":76,"column":59}},"76":{"start":{"line":77,"column":0},"end":{"line":77,"column":5}},"77":{"start":{"line":78,"column":0},"end":{"line":78,"column":11}},"78":{"start":{"line":79,"column":0},"end":{"line":79,"column":13}},"79":{"start":{"line":80,"column":0},"end":{"line":80,"column":93}},"80":{"start":{"line":81,"column":0},"end":{"line":81,"column":56}},"81":{"start":{"line":82,"column":0},"end":{"line":82,"column":42}},"82":{"start":{"line":83,"column":0},"end":{"line":83,"column":63}},"83":{"start":{"line":84,"column":0},"end":{"line":84,"column":9}},"84":{"start":{"line":85,"column":0},"end":{"line":85,"column":15}},"85":{"start":{"line":86,"column":0},"end":{"line":86,"column":63}},"86":{"start":{"line":87,"column":0},"end":{"line":87,"column":27}},"87":{"start":{"line":88,"column":0},"end":{"line":88,"column":44}},"88":{"start":{"line":89,"column":0},"end":{"line":89,"column":9}},"89":{"start":{"line":90,"column":0},"end":{"line":90,"column":5}},"90":{"start":{"line":91,"column":0},"end":{"line":91,"column":50}},"91":{"start":{"line":92,"column":0},"end":{"line":92,"column":1}},"92":{"start":{"line":93,"column":0},"end":{"line":93,"column":27}},"93":{"start":{"line":94,"column":0},"end":{"line":94,"column":66}},"94":{"start":{"line":95,"column":0},"end":{"line":95,"column":1}},"95":{"start":{"line":96,"column":0},"end":{"line":96,"column":34}},"96":{"start":{"line":97,"column":0},"end":{"line":97,"column":29}},"97":{"start":{"line":98,"column":0},"end":{"line":98,"column":27}},"98":{"start":{"line":99,"column":0},"end":{"line":99,"column":32}},"99":{"start":{"line":100,"column":0},"end":{"line":100,"column":19}},"100":{"start":{"line":101,"column":0},"end":{"line":101,"column":21}},"101":{"start":{"line":102,"column":0},"end":{"line":102,"column":22}},"102":{"start":{"line":103,"column":0},"end":{"line":103,"column":26}},"103":{"start":{"line":104,"column":0},"end":{"line":104,"column":27}},"104":{"start":{"line":105,"column":0},"end":{"line":105,"column":87}},"105":{"start":{"line":106,"column":0},"end":{"line":106,"column":27}},"106":{"start":{"line":107,"column":0},"end":{"line":107,"column":9}},"107":{"start":{"line":108,"column":0},"end":{"line":108,"column":41}},"108":{"start":{"line":109,"column":0},"end":{"line":109,"column":54}},"109":{"start":{"line":110,"column":0},"end":{"line":110,"column":24}},"110":{"start":{"line":111,"column":0},"end":{"line":111,"column":5}},"111":{"start":{"line":112,"column":0},"end":{"line":112,"column":13}},"112":{"start":{"line":113,"column":0},"end":{"line":113,"column":56}},"113":{"start":{"line":114,"column":0},"end":{"line":114,"column":1}},"114":{"start":{"line":115,"column":0},"end":{"line":115,"column":30}},"115":{"start":{"line":116,"column":0},"end":{"line":116,"column":50}},"116":{"start":{"line":117,"column":0},"end":{"line":117,"column":78}},"117":{"start":{"line":118,"column":0},"end":{"line":118,"column":1}},"118":{"start":{"line":119,"column":0},"end":{"line":119,"column":63}},"119":{"start":{"line":120,"column":0},"end":{"line":120,"column":28}},"120":{"start":{"line":121,"column":0},"end":{"line":121,"column":36}},"121":{"start":{"line":122,"column":0},"end":{"line":122,"column":22}},"122":{"start":{"line":123,"column":0},"end":{"line":123,"column":48}},"123":{"start":{"line":124,"column":0},"end":{"line":124,"column":36}},"124":{"start":{"line":125,"column":0},"end":{"line":125,"column":22}},"125":{"start":{"line":126,"column":0},"end":{"line":126,"column":24}},"126":{"start":{"line":127,"column":0},"end":{"line":127,"column":1}},"127":{"start":{"line":128,"column":0},"end":{"line":128,"column":47}},"128":{"start":{"line":129,"column":0},"end":{"line":129,"column":28}},"129":{"start":{"line":130,"column":0},"end":{"line":130,"column":29}},"130":{"start":{"line":131,"column":0},"end":{"line":131,"column":22}},"131":{"start":{"line":132,"column":0},"end":{"line":132,"column":48}},"132":{"start":{"line":133,"column":0},"end":{"line":133,"column":18}},"133":{"start":{"line":134,"column":0},"end":{"line":134,"column":1}},"134":{"start":{"line":135,"column":0},"end":{"line":135,"column":34}},"135":{"start":{"line":136,"column":0},"end":{"line":136,"column":27}},"136":{"start":{"line":137,"column":0},"end":{"line":137,"column":26}},"137":{"start":{"line":138,"column":0},"end":{"line":138,"column":23}},"138":{"start":{"line":139,"column":0},"end":{"line":139,"column":27}},"139":{"start":{"line":140,"column":0},"end":{"line":140,"column":35}},"140":{"start":{"line":141,"column":0},"end":{"line":141,"column":35}},"141":{"start":{"line":142,"column":0},"end":{"line":142,"column":1}},"142":{"start":{"line":143,"column":0},"end":{"line":143,"column":45}},"143":{"start":{"line":144,"column":0},"end":{"line":144,"column":46}},"144":{"start":{"line":145,"column":0},"end":{"line":145,"column":30}},"145":{"start":{"line":146,"column":0},"end":{"line":146,"column":36}},"146":{"start":{"line":147,"column":0},"end":{"line":147,"column":24}},"147":{"start":{"line":148,"column":0},"end":{"line":148,"column":1}},"148":{"start":{"line":149,"column":0},"end":{"line":149,"column":44}},"149":{"start":{"line":150,"column":0},"end":{"line":150,"column":46}},"150":{"start":{"line":151,"column":0},"end":{"line":151,"column":30}},"151":{"start":{"line":152,"column":0},"end":{"line":152,"column":35}},"152":{"start":{"line":153,"column":0},"end":{"line":153,"column":16}},"153":{"start":{"line":154,"column":0},"end":{"line":154,"column":59}},"154":{"start":{"line":155,"column":0},"end":{"line":155,"column":1}},"155":{"start":{"line":156,"column":0},"end":{"line":156,"column":55}},"156":{"start":{"line":157,"column":0},"end":{"line":157,"column":70}},"157":{"start":{"line":158,"column":0},"end":{"line":158,"column":23}},"158":{"start":{"line":159,"column":0},"end":{"line":159,"column":15}},"159":{"start":{"line":160,"column":0},"end":{"line":160,"column":46}},"160":{"start":{"line":161,"column":0},"end":{"line":161,"column":90}},"161":{"start":{"line":162,"column":0},"end":{"line":162,"column":51}},"162":{"start":{"line":163,"column":0},"end":{"line":163,"column":97}},"163":{"start":{"line":164,"column":0},"end":{"line":164,"column":23}},"164":{"start":{"line":165,"column":0},"end":{"line":165,"column":25}},"165":{"start":{"line":166,"column":0},"end":{"line":166,"column":11}},"166":{"start":{"line":167,"column":0},"end":{"line":167,"column":7}},"167":{"start":{"line":168,"column":0},"end":{"line":168,"column":31}},"168":{"start":{"line":169,"column":0},"end":{"line":169,"column":52}},"169":{"start":{"line":170,"column":0},"end":{"line":170,"column":15}},"170":{"start":{"line":171,"column":0},"end":{"line":171,"column":5}},"171":{"start":{"line":172,"column":0},"end":{"line":172,"column":69}},"172":{"start":{"line":173,"column":0},"end":{"line":173,"column":9}},"173":{"start":{"line":174,"column":0},"end":{"line":174,"column":63}},"174":{"start":{"line":175,"column":0},"end":{"line":175,"column":96}},"175":{"start":{"line":176,"column":0},"end":{"line":176,"column":53}},"176":{"start":{"line":177,"column":0},"end":{"line":177,"column":43}},"177":{"start":{"line":178,"column":0},"end":{"line":178,"column":66}},"178":{"start":{"line":179,"column":0},"end":{"line":179,"column":9}},"179":{"start":{"line":180,"column":0},"end":{"line":180,"column":94}},"180":{"start":{"line":181,"column":0},"end":{"line":181,"column":29}},"181":{"start":{"line":182,"column":0},"end":{"line":182,"column":11}},"182":{"start":{"line":183,"column":0},"end":{"line":183,"column":79}},"183":{"start":{"line":184,"column":0},"end":{"line":184,"column":16}},"184":{"start":{"line":185,"column":0},"end":{"line":185,"column":5}},"185":{"start":{"line":186,"column":0},"end":{"line":186,"column":15}},"186":{"start":{"line":187,"column":0},"end":{"line":187,"column":73}},"187":{"start":{"line":188,"column":0},"end":{"line":188,"column":22}},"188":{"start":{"line":189,"column":0},"end":{"line":189,"column":71}},"189":{"start":{"line":190,"column":0},"end":{"line":190,"column":34}},"190":{"start":{"line":191,"column":0},"end":{"line":191,"column":9}},"191":{"start":{"line":192,"column":0},"end":{"line":192,"column":40}},"192":{"start":{"line":193,"column":0},"end":{"line":193,"column":35}},"193":{"start":{"line":194,"column":0},"end":{"line":194,"column":9}},"194":{"start":{"line":195,"column":0},"end":{"line":195,"column":62}},"195":{"start":{"line":196,"column":0},"end":{"line":196,"column":5}},"196":{"start":{"line":197,"column":0},"end":{"line":197,"column":1}},"197":{"start":{"line":198,"column":0},"end":{"line":198,"column":50}},"198":{"start":{"line":199,"column":0},"end":{"line":199,"column":9}},"199":{"start":{"line":200,"column":0},"end":{"line":200,"column":42}},"200":{"start":{"line":201,"column":0},"end":{"line":201,"column":56}},"201":{"start":{"line":202,"column":0},"end":{"line":202,"column":54}},"202":{"start":{"line":203,"column":0},"end":{"line":203,"column":31}},"203":{"start":{"line":204,"column":0},"end":{"line":204,"column":59}},"204":{"start":{"line":205,"column":0},"end":{"line":205,"column":54}},"205":{"start":{"line":206,"column":0},"end":{"line":206,"column":11}},"206":{"start":{"line":207,"column":0},"end":{"line":207,"column":52}},"207":{"start":{"line":208,"column":0},"end":{"line":208,"column":61}},"208":{"start":{"line":209,"column":0},"end":{"line":209,"column":9}},"209":{"start":{"line":210,"column":0},"end":{"line":210,"column":5}},"210":{"start":{"line":211,"column":0},"end":{"line":211,"column":13}},"211":{"start":{"line":212,"column":0},"end":{"line":212,"column":1}},"212":{"start":{"line":213,"column":0},"end":{"line":213,"column":50}},"213":{"start":{"line":214,"column":0},"end":{"line":214,"column":104}},"214":{"start":{"line":215,"column":0},"end":{"line":215,"column":72}},"215":{"start":{"line":216,"column":0},"end":{"line":216,"column":93}},"216":{"start":{"line":217,"column":0},"end":{"line":217,"column":26}},"217":{"start":{"line":218,"column":0},"end":{"line":218,"column":70}},"218":{"start":{"line":219,"column":0},"end":{"line":219,"column":76}},"219":{"start":{"line":220,"column":0},"end":{"line":220,"column":36}},"220":{"start":{"line":221,"column":0},"end":{"line":221,"column":5}},"221":{"start":{"line":222,"column":0},"end":{"line":222,"column":86}},"222":{"start":{"line":223,"column":0},"end":{"line":223,"column":84}},"223":{"start":{"line":224,"column":0},"end":{"line":224,"column":69}},"224":{"start":{"line":225,"column":0},"end":{"line":225,"column":1}},"225":{"start":{"line":226,"column":0},"end":{"line":226,"column":38}},"226":{"start":{"line":227,"column":0},"end":{"line":227,"column":43}},"227":{"start":{"line":228,"column":0},"end":{"line":228,"column":38}},"228":{"start":{"line":229,"column":0},"end":{"line":229,"column":46}},"229":{"start":{"line":230,"column":0},"end":{"line":230,"column":55}},"230":{"start":{"line":231,"column":0},"end":{"line":231,"column":5}},"231":{"start":{"line":232,"column":0},"end":{"line":232,"column":44}},"232":{"start":{"line":233,"column":0},"end":{"line":233,"column":32}},"233":{"start":{"line":234,"column":0},"end":{"line":234,"column":5}},"234":{"start":{"line":235,"column":0},"end":{"line":235,"column":47}},"235":{"start":{"line":236,"column":0},"end":{"line":236,"column":12}},"236":{"start":{"line":237,"column":0},"end":{"line":237,"column":16}},"237":{"start":{"line":238,"column":0},"end":{"line":238,"column":1}},"238":{"start":{"line":239,"column":0},"end":{"line":239,"column":39}},"239":{"start":{"line":240,"column":0},"end":{"line":240,"column":45}},"240":{"start":{"line":241,"column":0},"end":{"line":241,"column":35}},"241":{"start":{"line":242,"column":0},"end":{"line":242,"column":1}},"242":{"start":{"line":243,"column":0},"end":{"line":243,"column":51}},"243":{"start":{"line":244,"column":0},"end":{"line":244,"column":51}},"244":{"start":{"line":245,"column":0},"end":{"line":245,"column":28}},"245":{"start":{"line":246,"column":0},"end":{"line":246,"column":15}},"246":{"start":{"line":247,"column":0},"end":{"line":247,"column":46}},"247":{"start":{"line":248,"column":0},"end":{"line":248,"column":41}},"248":{"start":{"line":249,"column":0},"end":{"line":249,"column":74}},"249":{"start":{"line":250,"column":0},"end":{"line":250,"column":48}},"250":{"start":{"line":251,"column":0},"end":{"line":251,"column":24}},"251":{"start":{"line":252,"column":0},"end":{"line":252,"column":48}},"252":{"start":{"line":253,"column":0},"end":{"line":253,"column":37}},"253":{"start":{"line":254,"column":0},"end":{"line":254,"column":32}},"254":{"start":{"line":255,"column":0},"end":{"line":255,"column":51}},"255":{"start":{"line":256,"column":0},"end":{"line":256,"column":22}},"256":{"start":{"line":257,"column":0},"end":{"line":257,"column":65}},"257":{"start":{"line":258,"column":0},"end":{"line":258,"column":9}},"258":{"start":{"line":259,"column":0},"end":{"line":259,"column":16}},"259":{"start":{"line":260,"column":0},"end":{"line":260,"column":15}},"260":{"start":{"line":261,"column":0},"end":{"line":261,"column":5}},"261":{"start":{"line":262,"column":0},"end":{"line":262,"column":33}},"262":{"start":{"line":263,"column":0},"end":{"line":263,"column":96}},"263":{"start":{"line":264,"column":0},"end":{"line":264,"column":5}},"264":{"start":{"line":265,"column":0},"end":{"line":265,"column":38}},"265":{"start":{"line":266,"column":0},"end":{"line":266,"column":1}},"266":{"start":{"line":267,"column":0},"end":{"line":267,"column":58}},"267":{"start":{"line":268,"column":0},"end":{"line":268,"column":61}},"268":{"start":{"line":269,"column":0},"end":{"line":269,"column":30}},"269":{"start":{"line":270,"column":0},"end":{"line":270,"column":34}},"270":{"start":{"line":271,"column":0},"end":{"line":271,"column":14}},"271":{"start":{"line":272,"column":0},"end":{"line":272,"column":27}},"272":{"start":{"line":273,"column":0},"end":{"line":273,"column":15}},"273":{"start":{"line":274,"column":0},"end":{"line":274,"column":61}},"274":{"start":{"line":275,"column":0},"end":{"line":275,"column":44}},"275":{"start":{"line":276,"column":0},"end":{"line":276,"column":43}},"276":{"start":{"line":277,"column":0},"end":{"line":277,"column":72}},"277":{"start":{"line":278,"column":0},"end":{"line":278,"column":82}},"278":{"start":{"line":279,"column":0},"end":{"line":279,"column":65}},"279":{"start":{"line":280,"column":0},"end":{"line":280,"column":71}},"280":{"start":{"line":281,"column":0},"end":{"line":281,"column":73}},"281":{"start":{"line":282,"column":0},"end":{"line":282,"column":92}},"282":{"start":{"line":283,"column":0},"end":{"line":283,"column":16}},"283":{"start":{"line":284,"column":0},"end":{"line":284,"column":5}},"284":{"start":{"line":285,"column":0},"end":{"line":285,"column":1}},"285":{"start":{"line":286,"column":0},"end":{"line":286,"column":46}},"286":{"start":{"line":287,"column":0},"end":{"line":287,"column":9}},"287":{"start":{"line":288,"column":0},"end":{"line":288,"column":56}},"288":{"start":{"line":289,"column":0},"end":{"line":289,"column":68}},"289":{"start":{"line":290,"column":0},"end":{"line":290,"column":60}},"290":{"start":{"line":291,"column":0},"end":{"line":291,"column":78}},"291":{"start":{"line":292,"column":0},"end":{"line":292,"column":52}},"292":{"start":{"line":293,"column":0},"end":{"line":293,"column":28}},"293":{"start":{"line":294,"column":0},"end":{"line":294,"column":52}},"294":{"start":{"line":295,"column":0},"end":{"line":295,"column":20}},"295":{"start":{"line":296,"column":0},"end":{"line":296,"column":9}},"296":{"start":{"line":297,"column":0},"end":{"line":297,"column":5}},"297":{"start":{"line":298,"column":0},"end":{"line":298,"column":17}},"298":{"start":{"line":299,"column":0},"end":{"line":299,"column":60}},"299":{"start":{"line":300,"column":0},"end":{"line":300,"column":16}},"300":{"start":{"line":301,"column":0},"end":{"line":301,"column":5}},"301":{"start":{"line":302,"column":0},"end":{"line":302,"column":1}},"302":{"start":{"line":303,"column":0},"end":{"line":303,"column":52}},"303":{"start":{"line":304,"column":0},"end":{"line":304,"column":34}},"304":{"start":{"line":305,"column":0},"end":{"line":305,"column":30}},"305":{"start":{"line":306,"column":0},"end":{"line":306,"column":20}},"306":{"start":{"line":307,"column":0},"end":{"line":307,"column":18}},"307":{"start":{"line":308,"column":0},"end":{"line":308,"column":96}},"308":{"start":{"line":309,"column":0},"end":{"line":309,"column":51}},"309":{"start":{"line":310,"column":0},"end":{"line":310,"column":20}},"310":{"start":{"line":311,"column":0},"end":{"line":311,"column":5}},"311":{"start":{"line":312,"column":0},"end":{"line":312,"column":70}},"312":{"start":{"line":313,"column":0},"end":{"line":313,"column":25}},"313":{"start":{"line":314,"column":0},"end":{"line":314,"column":61}},"314":{"start":{"line":315,"column":0},"end":{"line":315,"column":16}},"315":{"start":{"line":316,"column":0},"end":{"line":316,"column":21}},"316":{"start":{"line":317,"column":0},"end":{"line":317,"column":5}},"317":{"start":{"line":318,"column":0},"end":{"line":318,"column":46}},"318":{"start":{"line":319,"column":0},"end":{"line":319,"column":90}},"319":{"start":{"line":320,"column":0},"end":{"line":320,"column":51}},"320":{"start":{"line":321,"column":0},"end":{"line":321,"column":62}},"321":{"start":{"line":322,"column":0},"end":{"line":322,"column":23}},"322":{"start":{"line":323,"column":0},"end":{"line":323,"column":23}},"323":{"start":{"line":324,"column":0},"end":{"line":324,"column":11}},"324":{"start":{"line":325,"column":0},"end":{"line":325,"column":7}},"325":{"start":{"line":326,"column":0},"end":{"line":326,"column":31}},"326":{"start":{"line":327,"column":0},"end":{"line":327,"column":53}},"327":{"start":{"line":328,"column":0},"end":{"line":328,"column":21}},"328":{"start":{"line":329,"column":0},"end":{"line":329,"column":5}},"329":{"start":{"line":330,"column":0},"end":{"line":330,"column":92}},"330":{"start":{"line":331,"column":0},"end":{"line":331,"column":47}},"331":{"start":{"line":332,"column":0},"end":{"line":332,"column":16}},"332":{"start":{"line":333,"column":0},"end":{"line":333,"column":1}},"333":{"start":{"line":334,"column":0},"end":{"line":334,"column":47}},"334":{"start":{"line":335,"column":0},"end":{"line":335,"column":48}},"335":{"start":{"line":336,"column":0},"end":{"line":336,"column":43}},"336":{"start":{"line":337,"column":0},"end":{"line":337,"column":9}},"337":{"start":{"line":338,"column":0},"end":{"line":338,"column":61}},"338":{"start":{"line":339,"column":0},"end":{"line":339,"column":16}},"339":{"start":{"line":340,"column":0},"end":{"line":340,"column":19}},"340":{"start":{"line":341,"column":0},"end":{"line":341,"column":47}},"341":{"start":{"line":342,"column":0},"end":{"line":342,"column":13}},"342":{"start":{"line":343,"column":0},"end":{"line":343,"column":41}},"343":{"start":{"line":344,"column":0},"end":{"line":344,"column":9}},"344":{"start":{"line":345,"column":0},"end":{"line":345,"column":17}},"345":{"start":{"line":346,"column":0},"end":{"line":346,"column":13}},"346":{"start":{"line":347,"column":0},"end":{"line":347,"column":72}},"347":{"start":{"line":348,"column":0},"end":{"line":348,"column":65}},"348":{"start":{"line":349,"column":0},"end":{"line":349,"column":9}},"349":{"start":{"line":350,"column":0},"end":{"line":350,"column":15}},"350":{"start":{"line":351,"column":0},"end":{"line":351,"column":88}},"351":{"start":{"line":352,"column":0},"end":{"line":352,"column":9}},"352":{"start":{"line":353,"column":0},"end":{"line":353,"column":5}},"353":{"start":{"line":354,"column":0},"end":{"line":354,"column":17}},"354":{"start":{"line":355,"column":0},"end":{"line":355,"column":56}},"355":{"start":{"line":356,"column":0},"end":{"line":356,"column":43}},"356":{"start":{"line":357,"column":0},"end":{"line":357,"column":12}},"357":{"start":{"line":358,"column":0},"end":{"line":358,"column":16}},"358":{"start":{"line":359,"column":0},"end":{"line":359,"column":5}},"359":{"start":{"line":360,"column":0},"end":{"line":360,"column":1}},"360":{"start":{"line":361,"column":0},"end":{"line":361,"column":37}},"361":{"start":{"line":362,"column":0},"end":{"line":362,"column":21}},"362":{"start":{"line":363,"column":0},"end":{"line":363,"column":9}},"363":{"start":{"line":364,"column":0},"end":{"line":364,"column":36}},"364":{"start":{"line":365,"column":0},"end":{"line":365,"column":5}},"365":{"start":{"line":366,"column":0},"end":{"line":366,"column":13}},"366":{"start":{"line":367,"column":0},"end":{"line":367,"column":45}},"367":{"start":{"line":368,"column":0},"end":{"line":368,"column":1}},"368":{"start":{"line":369,"column":0},"end":{"line":369,"column":30}},"369":{"start":{"line":370,"column":0},"end":{"line":370,"column":9}},"370":{"start":{"line":371,"column":0},"end":{"line":371,"column":36}},"371":{"start":{"line":372,"column":0},"end":{"line":372,"column":5}},"372":{"start":{"line":373,"column":0},"end":{"line":373,"column":13}},"373":{"start":{"line":374,"column":0},"end":{"line":374,"column":45}},"374":{"start":{"line":375,"column":0},"end":{"line":375,"column":1}},"375":{"start":{"line":376,"column":0},"end":{"line":376,"column":53}},"376":{"start":{"line":377,"column":0},"end":{"line":377,"column":66}},"377":{"start":{"line":378,"column":0},"end":{"line":378,"column":68}},"378":{"start":{"line":379,"column":0},"end":{"line":379,"column":56}},"379":{"start":{"line":380,"column":0},"end":{"line":380,"column":57}},"380":{"start":{"line":381,"column":0},"end":{"line":381,"column":96}},"381":{"start":{"line":382,"column":0},"end":{"line":382,"column":93}},"382":{"start":{"line":383,"column":0},"end":{"line":383,"column":63}},"383":{"start":{"line":384,"column":0},"end":{"line":384,"column":61}},"384":{"start":{"line":385,"column":0},"end":{"line":385,"column":73}},"385":{"start":{"line":386,"column":0},"end":{"line":386,"column":82}},"386":{"start":{"line":387,"column":0},"end":{"line":387,"column":90}},"387":{"start":{"line":388,"column":0},"end":{"line":388,"column":69}},"388":{"start":{"line":389,"column":0},"end":{"line":389,"column":48}},"389":{"start":{"line":390,"column":0},"end":{"line":390,"column":15}},"390":{"start":{"line":391,"column":0},"end":{"line":391,"column":16}},"391":{"start":{"line":392,"column":0},"end":{"line":392,"column":17}},"392":{"start":{"line":393,"column":0},"end":{"line":393,"column":21}},"393":{"start":{"line":394,"column":0},"end":{"line":394,"column":20}},"394":{"start":{"line":395,"column":0},"end":{"line":395,"column":45}},"395":{"start":{"line":396,"column":0},"end":{"line":396,"column":7}},"396":{"start":{"line":397,"column":0},"end":{"line":397,"column":15}},"397":{"start":{"line":398,"column":0},"end":{"line":398,"column":1}},"398":{"start":{"line":399,"column":0},"end":{"line":399,"column":44}},"399":{"start":{"line":400,"column":0},"end":{"line":400,"column":30}},"400":{"start":{"line":401,"column":0},"end":{"line":401,"column":57}},"401":{"start":{"line":402,"column":0},"end":{"line":402,"column":53}},"402":{"start":{"line":403,"column":0},"end":{"line":403,"column":54}},"403":{"start":{"line":404,"column":0},"end":{"line":404,"column":67}},"404":{"start":{"line":405,"column":0},"end":{"line":405,"column":16}},"405":{"start":{"line":406,"column":0},"end":{"line":406,"column":20}},"406":{"start":{"line":407,"column":0},"end":{"line":407,"column":5}},"407":{"start":{"line":408,"column":0},"end":{"line":408,"column":20}},"408":{"start":{"line":409,"column":0},"end":{"line":409,"column":1}},"409":{"start":{"line":410,"column":0},"end":{"line":410,"column":53}},"410":{"start":{"line":411,"column":0},"end":{"line":411,"column":55}},"411":{"start":{"line":412,"column":0},"end":{"line":412,"column":18}},"412":{"start":{"line":413,"column":0},"end":{"line":413,"column":15}},"413":{"start":{"line":414,"column":0},"end":{"line":414,"column":46}},"414":{"start":{"line":415,"column":0},"end":{"line":415,"column":56}},"415":{"start":{"line":416,"column":0},"end":{"line":416,"column":40}},"416":{"start":{"line":417,"column":0},"end":{"line":417,"column":13}},"417":{"start":{"line":418,"column":0},"end":{"line":418,"column":24}},"418":{"start":{"line":419,"column":0},"end":{"line":419,"column":35}},"419":{"start":{"line":420,"column":0},"end":{"line":420,"column":80}},"420":{"start":{"line":421,"column":0},"end":{"line":421,"column":19}},"421":{"start":{"line":422,"column":0},"end":{"line":422,"column":9}},"422":{"start":{"line":423,"column":0},"end":{"line":423,"column":25}},"423":{"start":{"line":424,"column":0},"end":{"line":424,"column":63}},"424":{"start":{"line":425,"column":0},"end":{"line":425,"column":81}},"425":{"start":{"line":426,"column":0},"end":{"line":426,"column":68}},"426":{"start":{"line":427,"column":0},"end":{"line":427,"column":15}},"427":{"start":{"line":428,"column":0},"end":{"line":428,"column":5}},"428":{"start":{"line":429,"column":0},"end":{"line":429,"column":36}},"429":{"start":{"line":430,"column":0},"end":{"line":430,"column":21}},"430":{"start":{"line":431,"column":0},"end":{"line":431,"column":71}},"431":{"start":{"line":432,"column":0},"end":{"line":432,"column":16}},"432":{"start":{"line":433,"column":0},"end":{"line":433,"column":15}},"433":{"start":{"line":434,"column":0},"end":{"line":434,"column":5}},"434":{"start":{"line":435,"column":0},"end":{"line":435,"column":23}},"435":{"start":{"line":436,"column":0},"end":{"line":436,"column":59}},"436":{"start":{"line":437,"column":0},"end":{"line":437,"column":77}},"437":{"start":{"line":438,"column":0},"end":{"line":438,"column":66}},"438":{"start":{"line":439,"column":0},"end":{"line":439,"column":1}},"439":{"start":{"line":440,"column":0},"end":{"line":440,"column":45}},"440":{"start":{"line":441,"column":0},"end":{"line":441,"column":77}},"441":{"start":{"line":442,"column":0},"end":{"line":442,"column":9}},"442":{"start":{"line":443,"column":0},"end":{"line":443,"column":57}},"443":{"start":{"line":444,"column":0},"end":{"line":444,"column":77}},"444":{"start":{"line":445,"column":0},"end":{"line":445,"column":29}},"445":{"start":{"line":446,"column":0},"end":{"line":446,"column":48}},"446":{"start":{"line":447,"column":0},"end":{"line":447,"column":31}},"447":{"start":{"line":448,"column":0},"end":{"line":448,"column":10}},"448":{"start":{"line":449,"column":0},"end":{"line":449,"column":19}},"449":{"start":{"line":450,"column":0},"end":{"line":450,"column":24}},"450":{"start":{"line":451,"column":0},"end":{"line":451,"column":48}},"451":{"start":{"line":452,"column":0},"end":{"line":452,"column":41}},"452":{"start":{"line":453,"column":0},"end":{"line":453,"column":55}},"453":{"start":{"line":454,"column":0},"end":{"line":454,"column":38}},"454":{"start":{"line":455,"column":0},"end":{"line":455,"column":25}},"455":{"start":{"line":456,"column":0},"end":{"line":456,"column":45}},"456":{"start":{"line":457,"column":0},"end":{"line":457,"column":42}},"457":{"start":{"line":458,"column":0},"end":{"line":458,"column":25}},"458":{"start":{"line":459,"column":0},"end":{"line":459,"column":56}},"459":{"start":{"line":460,"column":0},"end":{"line":460,"column":58}},"460":{"start":{"line":461,"column":0},"end":{"line":461,"column":64}},"461":{"start":{"line":462,"column":0},"end":{"line":462,"column":36}},"462":{"start":{"line":463,"column":0},"end":{"line":463,"column":21}},"463":{"start":{"line":464,"column":0},"end":{"line":464,"column":34}},"464":{"start":{"line":465,"column":0},"end":{"line":465,"column":16}},"465":{"start":{"line":466,"column":0},"end":{"line":466,"column":20}},"466":{"start":{"line":467,"column":0},"end":{"line":467,"column":19}},"467":{"start":{"line":468,"column":0},"end":{"line":468,"column":9}},"468":{"start":{"line":469,"column":0},"end":{"line":469,"column":5}},"469":{"start":{"line":470,"column":0},"end":{"line":470,"column":13}},"470":{"start":{"line":471,"column":0},"end":{"line":471,"column":1}},"471":{"start":{"line":472,"column":0},"end":{"line":472,"column":26}},"472":{"start":{"line":473,"column":0},"end":{"line":473,"column":36}},"473":{"start":{"line":474,"column":0},"end":{"line":474,"column":1}},"474":{"start":{"line":475,"column":0},"end":{"line":475,"column":31}},"475":{"start":{"line":476,"column":0},"end":{"line":476,"column":52}},"476":{"start":{"line":477,"column":0},"end":{"line":477,"column":1}},"477":{"start":{"line":478,"column":0},"end":{"line":478,"column":30}},"478":{"start":{"line":479,"column":0},"end":{"line":479,"column":78}},"479":{"start":{"line":480,"column":0},"end":{"line":480,"column":1}},"480":{"start":{"line":481,"column":0},"end":{"line":481,"column":32}},"481":{"start":{"line":482,"column":0},"end":{"line":482,"column":33}},"482":{"start":{"line":483,"column":0},"end":{"line":483,"column":39}},"483":{"start":{"line":484,"column":0},"end":{"line":484,"column":23}},"484":{"start":{"line":485,"column":0},"end":{"line":485,"column":1}},"485":{"start":{"line":486,"column":0},"end":{"line":486,"column":40}},"486":{"start":{"line":487,"column":0},"end":{"line":487,"column":25}},"487":{"start":{"line":488,"column":0},"end":{"line":488,"column":28}},"488":{"start":{"line":489,"column":0},"end":{"line":489,"column":31}},"489":{"start":{"line":490,"column":0},"end":{"line":490,"column":15}},"490":{"start":{"line":491,"column":0},"end":{"line":491,"column":5}},"491":{"start":{"line":492,"column":0},"end":{"line":492,"column":22}},"492":{"start":{"line":493,"column":0},"end":{"line":493,"column":30}},"493":{"start":{"line":494,"column":0},"end":{"line":494,"column":15}},"494":{"start":{"line":495,"column":0},"end":{"line":495,"column":5}},"495":{"start":{"line":496,"column":0},"end":{"line":496,"column":22}},"496":{"start":{"line":497,"column":0},"end":{"line":497,"column":33}},"497":{"start":{"line":498,"column":0},"end":{"line":498,"column":31}},"498":{"start":{"line":499,"column":0},"end":{"line":499,"column":19}},"499":{"start":{"line":500,"column":0},"end":{"line":500,"column":9}},"500":{"start":{"line":501,"column":0},"end":{"line":501,"column":28}},"501":{"start":{"line":502,"column":0},"end":{"line":502,"column":15}},"502":{"start":{"line":503,"column":0},"end":{"line":503,"column":5}},"503":{"start":{"line":504,"column":0},"end":{"line":504,"column":26}},"504":{"start":{"line":505,"column":0},"end":{"line":505,"column":25}},"505":{"start":{"line":506,"column":0},"end":{"line":506,"column":15}},"506":{"start":{"line":507,"column":0},"end":{"line":507,"column":5}},"507":{"start":{"line":508,"column":0},"end":{"line":508,"column":31}},"508":{"start":{"line":509,"column":0},"end":{"line":509,"column":30}},"509":{"start":{"line":510,"column":0},"end":{"line":510,"column":15}},"510":{"start":{"line":511,"column":0},"end":{"line":511,"column":5}},"511":{"start":{"line":512,"column":0},"end":{"line":512,"column":30}},"512":{"start":{"line":513,"column":0},"end":{"line":513,"column":35}},"513":{"start":{"line":514,"column":0},"end":{"line":514,"column":5}},"514":{"start":{"line":515,"column":0},"end":{"line":515,"column":24}},"515":{"start":{"line":516,"column":0},"end":{"line":516,"column":1}},"516":{"start":{"line":517,"column":0},"end":{"line":517,"column":36}},"517":{"start":{"line":518,"column":0},"end":{"line":518,"column":37}},"518":{"start":{"line":519,"column":0},"end":{"line":519,"column":11}},"519":{"start":{"line":520,"column":0},"end":{"line":520,"column":20}},"520":{"start":{"line":521,"column":0},"end":{"line":521,"column":19}},"521":{"start":{"line":522,"column":0},"end":{"line":522,"column":17}},"522":{"start":{"line":523,"column":0},"end":{"line":523,"column":20}},"523":{"start":{"line":524,"column":0},"end":{"line":524,"column":20}},"524":{"start":{"line":525,"column":0},"end":{"line":525,"column":24}},"525":{"start":{"line":526,"column":0},"end":{"line":526,"column":29}},"526":{"start":{"line":527,"column":0},"end":{"line":527,"column":6}},"527":{"start":{"line":528,"column":0},"end":{"line":528,"column":25}},"528":{"start":{"line":529,"column":0},"end":{"line":529,"column":38}},"529":{"start":{"line":530,"column":0},"end":{"line":530,"column":5}},"530":{"start":{"line":531,"column":0},"end":{"line":531,"column":38}},"531":{"start":{"line":532,"column":0},"end":{"line":532,"column":20}},"532":{"start":{"line":533,"column":0},"end":{"line":533,"column":26}},"533":{"start":{"line":534,"column":0},"end":{"line":534,"column":32}},"534":{"start":{"line":535,"column":0},"end":{"line":535,"column":20}},"535":{"start":{"line":536,"column":0},"end":{"line":536,"column":98}},"536":{"start":{"line":537,"column":0},"end":{"line":537,"column":1}},"537":{"start":{"line":538,"column":0},"end":{"line":538,"column":64}},"538":{"start":{"line":539,"column":0},"end":{"line":539,"column":25}},"539":{"start":{"line":540,"column":0},"end":{"line":540,"column":37}},"540":{"start":{"line":541,"column":0},"end":{"line":541,"column":49}},"541":{"start":{"line":542,"column":0},"end":{"line":542,"column":22}},"542":{"start":{"line":543,"column":0},"end":{"line":543,"column":68}},"543":{"start":{"line":544,"column":0},"end":{"line":544,"column":20}},"544":{"start":{"line":545,"column":0},"end":{"line":545,"column":19}},"545":{"start":{"line":546,"column":0},"end":{"line":546,"column":9}},"546":{"start":{"line":547,"column":0},"end":{"line":547,"column":35}},"547":{"start":{"line":548,"column":0},"end":{"line":548,"column":96}},"548":{"start":{"line":549,"column":0},"end":{"line":549,"column":20}},"549":{"start":{"line":550,"column":0},"end":{"line":550,"column":19}},"550":{"start":{"line":551,"column":0},"end":{"line":551,"column":9}},"551":{"start":{"line":552,"column":0},"end":{"line":552,"column":67}},"552":{"start":{"line":553,"column":0},"end":{"line":553,"column":35}},"553":{"start":{"line":554,"column":0},"end":{"line":554,"column":85}},"554":{"start":{"line":555,"column":0},"end":{"line":555,"column":31}},"555":{"start":{"line":556,"column":0},"end":{"line":556,"column":52}},"556":{"start":{"line":557,"column":0},"end":{"line":557,"column":11}},"557":{"start":{"line":558,"column":0},"end":{"line":558,"column":29}},"558":{"start":{"line":559,"column":0},"end":{"line":559,"column":44}},"559":{"start":{"line":560,"column":0},"end":{"line":560,"column":49}},"560":{"start":{"line":561,"column":0},"end":{"line":561,"column":39}},"561":{"start":{"line":562,"column":0},"end":{"line":562,"column":63}},"562":{"start":{"line":563,"column":0},"end":{"line":563,"column":23}},"563":{"start":{"line":564,"column":0},"end":{"line":564,"column":86}},"564":{"start":{"line":565,"column":0},"end":{"line":565,"column":17}},"565":{"start":{"line":566,"column":0},"end":{"line":566,"column":41}},"566":{"start":{"line":567,"column":0},"end":{"line":567,"column":28}},"567":{"start":{"line":568,"column":0},"end":{"line":568,"column":17}},"568":{"start":{"line":569,"column":0},"end":{"line":569,"column":38}},"569":{"start":{"line":570,"column":0},"end":{"line":570,"column":34}},"570":{"start":{"line":571,"column":0},"end":{"line":571,"column":25}},"571":{"start":{"line":572,"column":0},"end":{"line":572,"column":46}},"572":{"start":{"line":573,"column":0},"end":{"line":573,"column":21}},"573":{"start":{"line":574,"column":0},"end":{"line":574,"column":29}},"574":{"start":{"line":575,"column":0},"end":{"line":575,"column":25}},"575":{"start":{"line":576,"column":0},"end":{"line":576,"column":13}},"576":{"start":{"line":577,"column":0},"end":{"line":577,"column":21}},"577":{"start":{"line":578,"column":0},"end":{"line":578,"column":22}},"578":{"start":{"line":579,"column":0},"end":{"line":579,"column":51}},"579":{"start":{"line":580,"column":0},"end":{"line":580,"column":85}},"580":{"start":{"line":581,"column":0},"end":{"line":581,"column":48}},"581":{"start":{"line":582,"column":0},"end":{"line":582,"column":11}},"582":{"start":{"line":583,"column":0},"end":{"line":583,"column":29}},"583":{"start":{"line":584,"column":0},"end":{"line":584,"column":32}},"584":{"start":{"line":585,"column":0},"end":{"line":585,"column":35}},"585":{"start":{"line":586,"column":0},"end":{"line":586,"column":50}},"586":{"start":{"line":587,"column":0},"end":{"line":587,"column":63}},"587":{"start":{"line":588,"column":0},"end":{"line":588,"column":23}},"588":{"start":{"line":589,"column":0},"end":{"line":589,"column":112}},"589":{"start":{"line":590,"column":0},"end":{"line":590,"column":20}},"590":{"start":{"line":591,"column":0},"end":{"line":591,"column":19}},"591":{"start":{"line":592,"column":0},"end":{"line":592,"column":9}},"592":{"start":{"line":593,"column":0},"end":{"line":593,"column":23}},"593":{"start":{"line":594,"column":0},"end":{"line":594,"column":74}},"594":{"start":{"line":595,"column":0},"end":{"line":595,"column":20}},"595":{"start":{"line":596,"column":0},"end":{"line":596,"column":19}},"596":{"start":{"line":597,"column":0},"end":{"line":597,"column":9}},"597":{"start":{"line":598,"column":0},"end":{"line":598,"column":5}},"598":{"start":{"line":599,"column":0},"end":{"line":599,"column":49}},"599":{"start":{"line":600,"column":0},"end":{"line":600,"column":32}},"600":{"start":{"line":601,"column":0},"end":{"line":601,"column":107}},"601":{"start":{"line":602,"column":0},"end":{"line":602,"column":5}},"602":{"start":{"line":603,"column":0},"end":{"line":603,"column":68}},"603":{"start":{"line":604,"column":0},"end":{"line":604,"column":91}},"604":{"start":{"line":605,"column":0},"end":{"line":605,"column":44}},"605":{"start":{"line":606,"column":0},"end":{"line":606,"column":1}},"606":{"start":{"line":607,"column":0},"end":{"line":607,"column":56}},"607":{"start":{"line":608,"column":0},"end":{"line":608,"column":24}},"608":{"start":{"line":609,"column":0},"end":{"line":609,"column":44}},"609":{"start":{"line":610,"column":0},"end":{"line":610,"column":47}},"610":{"start":{"line":611,"column":0},"end":{"line":611,"column":29}},"611":{"start":{"line":612,"column":0},"end":{"line":612,"column":62}},"612":{"start":{"line":613,"column":0},"end":{"line":613,"column":20}},"613":{"start":{"line":614,"column":0},"end":{"line":614,"column":19}},"614":{"start":{"line":615,"column":0},"end":{"line":615,"column":9}},"615":{"start":{"line":616,"column":0},"end":{"line":616,"column":51}},"616":{"start":{"line":617,"column":0},"end":{"line":617,"column":15}},"617":{"start":{"line":618,"column":0},"end":{"line":618,"column":5}},"618":{"start":{"line":619,"column":0},"end":{"line":619,"column":69}},"619":{"start":{"line":620,"column":0},"end":{"line":620,"column":39}},"620":{"start":{"line":621,"column":0},"end":{"line":621,"column":87}},"621":{"start":{"line":622,"column":0},"end":{"line":622,"column":27}},"622":{"start":{"line":623,"column":0},"end":{"line":623,"column":50}},"623":{"start":{"line":624,"column":0},"end":{"line":624,"column":15}},"624":{"start":{"line":625,"column":0},"end":{"line":625,"column":5}},"625":{"start":{"line":626,"column":0},"end":{"line":626,"column":75}},"626":{"start":{"line":627,"column":0},"end":{"line":627,"column":68}},"627":{"start":{"line":628,"column":0},"end":{"line":628,"column":94}},"628":{"start":{"line":629,"column":0},"end":{"line":629,"column":76}},"629":{"start":{"line":630,"column":0},"end":{"line":630,"column":58}},"630":{"start":{"line":631,"column":0},"end":{"line":631,"column":1}},"631":{"start":{"line":632,"column":0},"end":{"line":632,"column":23}},"632":{"start":{"line":633,"column":0},"end":{"line":633,"column":31}},"633":{"start":{"line":634,"column":0},"end":{"line":634,"column":36}},"634":{"start":{"line":635,"column":0},"end":{"line":635,"column":53}},"635":{"start":{"line":636,"column":0},"end":{"line":636,"column":55}},"636":{"start":{"line":637,"column":0},"end":{"line":637,"column":24}},"637":{"start":{"line":638,"column":0},"end":{"line":638,"column":15}},"638":{"start":{"line":639,"column":0},"end":{"line":639,"column":5}},"639":{"start":{"line":640,"column":0},"end":{"line":640,"column":24}},"640":{"start":{"line":641,"column":0},"end":{"line":641,"column":44}},"641":{"start":{"line":642,"column":0},"end":{"line":642,"column":34}},"642":{"start":{"line":643,"column":0},"end":{"line":643,"column":65}},"643":{"start":{"line":644,"column":0},"end":{"line":644,"column":24}},"644":{"start":{"line":645,"column":0},"end":{"line":645,"column":16}},"645":{"start":{"line":646,"column":0},"end":{"line":646,"column":15}},"646":{"start":{"line":647,"column":0},"end":{"line":647,"column":5}},"647":{"start":{"line":648,"column":0},"end":{"line":648,"column":23}},"648":{"start":{"line":649,"column":0},"end":{"line":649,"column":38}},"649":{"start":{"line":650,"column":0},"end":{"line":650,"column":23}},"650":{"start":{"line":651,"column":0},"end":{"line":651,"column":50}},"651":{"start":{"line":652,"column":0},"end":{"line":652,"column":24}},"652":{"start":{"line":653,"column":0},"end":{"line":653,"column":45}},"653":{"start":{"line":654,"column":0},"end":{"line":654,"column":32}},"654":{"start":{"line":655,"column":0},"end":{"line":655,"column":46}},"655":{"start":{"line":656,"column":0},"end":{"line":656,"column":34}},"656":{"start":{"line":657,"column":0},"end":{"line":657,"column":42}},"657":{"start":{"line":658,"column":0},"end":{"line":658,"column":26}},"658":{"start":{"line":659,"column":0},"end":{"line":659,"column":35}},"659":{"start":{"line":660,"column":0},"end":{"line":660,"column":25}},"660":{"start":{"line":661,"column":0},"end":{"line":661,"column":52}},"661":{"start":{"line":662,"column":0},"end":{"line":662,"column":29}},"662":{"start":{"line":663,"column":0},"end":{"line":663,"column":55}},"663":{"start":{"line":664,"column":0},"end":{"line":664,"column":20}},"664":{"start":{"line":665,"column":0},"end":{"line":665,"column":1}},"665":{"start":{"line":666,"column":0},"end":{"line":666,"column":5}},"666":{"start":{"line":667,"column":0},"end":{"line":667,"column":17}},"667":{"start":{"line":668,"column":0},"end":{"line":668,"column":1}},"668":{"start":{"line":669,"column":0},"end":{"line":669,"column":13}},"669":{"start":{"line":670,"column":0},"end":{"line":670,"column":43}},"670":{"start":{"line":671,"column":0},"end":{"line":671,"column":12}},"671":{"start":{"line":672,"column":0},"end":{"line":672,"column":1}}},"s":{"0":33,"1":33,"2":33,"3":33,"4":33,"5":33,"6":33,"7":33,"8":33,"9":33,"10":33,"11":33,"12":33,"13":33,"14":33,"15":33,"16":33,"17":33,"18":33,"19":33,"20":33,"21":33,"22":33,"23":6,"24":6,"25":6,"26":0,"27":0,"28":0,"29":1,"30":1,"31":1,"32":1,"33":1,"34":1,"35":1,"36":1,"37":1,"38":1,"39":1,"40":1,"41":1,"42":1,"43":1,"44":1,"45":31,"46":31,"47":31,"48":31,"49":31,"50":31,"51":31,"52":31,"53":31,"54":0,"55":0,"56":0,"57":0,"58":0,"59":0,"60":0,"61":0,"62":0,"63":0,"64":0,"65":0,"66":0,"67":0,"68":31,"69":5,"70":5,"71":5,"72":5,"73":5,"74":5,"75":5,"76":5,"77":5,"78":0,"79":0,"80":0,"81":0,"82":0,"83":0,"84":0,"85":0,"86":0,"87":0,"88":0,"89":0,"90":5,"91":5,"92":7,"93":7,"94":7,"95":1,"96":1,"97":1,"98":0,"99":0,"100":0,"101":0,"102":0,"103":0,"104":1,"105":1,"106":0,"107":0,"108":1,"109":1,"110":1,"111":1,"112":0,"113":1,"114":0,"115":0,"116":0,"117":0,"118":0,"119":0,"120":0,"121":0,"122":0,"123":0,"124":0,"125":0,"126":0,"127":3,"128":3,"129":3,"130":3,"131":3,"132":3,"133":3,"134":31,"135":31,"136":31,"137":31,"138":31,"139":31,"140":31,"141":31,"142":31,"143":31,"144":26,"145":31,"146":31,"147":31,"148":31,"149":31,"150":26,"151":31,"152":31,"153":31,"154":31,"155":0,"156":0,"157":0,"158":0,"159":0,"160":0,"161":0,"162":0,"163":0,"164":0,"165":0,"166":0,"167":0,"168":0,"169":0,"170":0,"171":0,"172":0,"173":0,"174":0,"175":0,"176":0,"177":0,"178":0,"179":0,"180":0,"181":0,"182":0,"183":0,"184":0,"185":0,"186":0,"187":0,"188":0,"189":0,"190":0,"191":0,"192":0,"193":0,"194":0,"195":0,"196":0,"197":31,"198":31,"199":31,"200":31,"201":31,"202":31,"203":31,"204":31,"205":31,"206":31,"207":0,"208":0,"209":31,"210":31,"211":31,"212":2,"213":2,"214":2,"215":2,"216":2,"217":2,"218":0,"219":0,"220":0,"221":2,"222":2,"223":2,"224":2,"225":7,"226":7,"227":7,"228":7,"229":4,"230":4,"231":7,"232":2,"233":2,"234":1,"235":1,"236":1,"237":7,"238":3,"239":3,"240":3,"241":3,"242":7,"243":7,"244":7,"245":7,"246":5,"247":5,"248":5,"249":5,"250":5,"251":2,"252":2,"253":0,"254":0,"255":0,"256":0,"257":0,"258":2,"259":2,"260":2,"261":3,"262":0,"263":0,"264":3,"265":7,"266":4,"267":4,"268":2,"269":4,"270":4,"271":4,"272":4,"273":2,"274":4,"275":4,"276":4,"277":4,"278":1,"279":1,"280":1,"281":1,"282":1,"283":1,"284":4,"285":4,"286":4,"287":4,"288":4,"289":4,"290":4,"291":4,"292":4,"293":0,"294":0,"295":0,"296":4,"297":4,"298":1,"299":1,"300":1,"301":4,"302":1,"303":1,"304":1,"305":1,"306":0,"307":0,"308":0,"309":0,"310":0,"311":1,"312":1,"313":0,"314":0,"315":0,"316":0,"317":0,"318":0,"319":0,"320":0,"321":0,"322":0,"323":0,"324":0,"325":0,"326":0,"327":0,"328":0,"329":0,"330":0,"331":0,"332":1,"333":1,"334":1,"335":1,"336":1,"337":1,"338":1,"339":1,"340":1,"341":1,"342":1,"343":1,"344":1,"345":1,"346":1,"347":1,"348":1,"349":1,"350":0,"351":0,"352":1,"353":1,"354":0,"355":0,"356":0,"357":0,"358":0,"359":1,"360":1,"361":1,"362":1,"363":1,"364":1,"365":1,"366":1,"367":1,"368":1,"369":1,"370":1,"371":1,"372":1,"373":1,"374":1,"375":0,"376":0,"377":0,"378":0,"379":0,"380":0,"381":0,"382":0,"383":0,"384":0,"385":0,"386":0,"387":0,"388":0,"389":0,"390":0,"391":0,"392":0,"393":0,"394":0,"395":0,"396":0,"397":0,"398":4,"399":4,"400":4,"401":4,"402":4,"403":0,"404":0,"405":0,"406":0,"407":4,"408":4,"409":4,"410":4,"411":4,"412":4,"413":4,"414":4,"415":4,"416":4,"417":4,"418":2,"419":1,"420":1,"421":1,"422":1,"423":1,"424":1,"425":1,"426":1,"427":1,"428":2,"429":2,"430":1,"431":1,"432":1,"433":1,"434":1,"435":1,"436":1,"437":1,"438":4,"439":6,"440":6,"441":6,"442":6,"443":6,"444":6,"445":6,"446":6,"447":6,"448":6,"449":6,"450":6,"451":6,"452":2,"453":2,"454":2,"455":2,"456":2,"457":2,"458":2,"459":2,"460":2,"461":2,"462":2,"463":2,"464":2,"465":2,"466":2,"467":2,"468":4,"469":4,"470":6,"471":45,"472":45,"473":45,"474":40,"475":40,"476":40,"477":30,"478":30,"479":30,"480":15,"481":15,"482":15,"483":15,"484":15,"485":126,"486":126,"487":0,"488":0,"489":0,"490":0,"491":126,"492":0,"493":0,"494":0,"495":126,"496":81,"497":5,"498":5,"499":5,"500":76,"501":76,"502":76,"503":126,"504":5,"505":5,"506":5,"507":126,"508":10,"509":10,"510":10,"511":126,"512":0,"513":0,"514":30,"515":126,"516":5,"517":5,"518":5,"519":5,"520":5,"521":5,"522":5,"523":5,"524":5,"525":5,"526":5,"527":5,"528":126,"529":126,"530":5,"531":5,"532":5,"533":5,"534":5,"535":5,"536":5,"537":3,"538":3,"539":3,"540":5,"541":5,"542":0,"543":0,"544":0,"545":0,"546":5,"547":0,"548":0,"549":0,"550":0,"551":5,"552":5,"553":5,"554":5,"555":5,"556":5,"557":5,"558":5,"559":0,"560":0,"561":0,"562":0,"563":0,"564":5,"565":5,"566":1,"567":1,"568":1,"569":1,"570":0,"571":0,"572":0,"573":0,"574":1,"575":1,"576":1,"577":5,"578":5,"579":5,"580":5,"581":5,"582":5,"583":5,"584":5,"585":5,"586":5,"587":5,"588":1,"589":1,"590":1,"591":1,"592":4,"593":1,"594":1,"595":1,"596":1,"597":5,"598":1,"599":1,"600":2,"601":2,"602":1,"603":1,"604":1,"605":3,"606":11,"607":11,"608":11,"609":5,"610":5,"611":1,"612":1,"613":1,"614":1,"615":4,"616":4,"617":4,"618":6,"619":6,"620":11,"621":11,"622":1,"623":1,"624":1,"625":3,"626":3,"627":3,"628":11,"629":11,"630":11,"631":33,"632":33,"633":33,"634":33,"635":33,"636":2,"637":2,"638":2,"639":31,"640":31,"641":31,"642":2,"643":2,"644":2,"645":2,"646":2,"647":29,"648":29,"649":26,"650":26,"651":19,"652":19,"653":15,"654":15,"655":14,"656":14,"657":13,"658":13,"659":12,"660":12,"661":12,"662":12,"663":1,"664":33,"665":33,"666":33,"667":19,"668":1,"669":1,"670":1,"671":1},"branchMap":{"0":{"type":"branch","line":1,"loc":{"start":{"line":1,"column":0},"end":{"line":672,"column":1}},"locations":[{"start":{"line":1,"column":0},"end":{"line":672,"column":1}}]},"1":{"type":"branch","line":668,"loc":{"start":{"line":668,"column":-1},"end":{"line":672,"column":1}},"locations":[{"start":{"line":668,"column":-1},"end":{"line":672,"column":1}}]},"2":{"type":"branch","line":668,"loc":{"start":{"line":668,"column":-1},"end":{"line":669,"column":0}},"locations":[{"start":{"line":668,"column":-1},"end":{"line":669,"column":0}}]},"3":{"type":"branch","line":669,"loc":{"start":{"line":669,"column":0},"end":{"line":672,"column":1}},"locations":[{"start":{"line":669,"column":0},"end":{"line":672,"column":1}}]},"4":{"type":"branch","line":24,"loc":{"start":{"line":24,"column":0},"end":{"line":26,"column":1}},"locations":[{"start":{"line":24,"column":0},"end":{"line":26,"column":1}}]},"5":{"type":"branch","line":30,"loc":{"start":{"line":30,"column":0},"end":{"line":45,"column":1}},"locations":[{"start":{"line":30,"column":0},"end":{"line":45,"column":1}}]},"6":{"type":"branch","line":33,"loc":{"start":{"line":33,"column":12},"end":{"line":33,"column":24}},"locations":[{"start":{"line":33,"column":12},"end":{"line":33,"column":24}}]},"7":{"type":"branch","line":35,"loc":{"start":{"line":35,"column":12},"end":{"line":35,"column":24}},"locations":[{"start":{"line":35,"column":12},"end":{"line":35,"column":24}}]},"8":{"type":"branch","line":37,"loc":{"start":{"line":37,"column":12},"end":{"line":37,"column":24}},"locations":[{"start":{"line":37,"column":12},"end":{"line":37,"column":24}}]},"9":{"type":"branch","line":39,"loc":{"start":{"line":39,"column":12},"end":{"line":39,"column":24}},"locations":[{"start":{"line":39,"column":12},"end":{"line":39,"column":24}}]},"10":{"type":"branch","line":41,"loc":{"start":{"line":41,"column":12},"end":{"line":41,"column":24}},"locations":[{"start":{"line":41,"column":12},"end":{"line":41,"column":24}}]},"11":{"type":"branch","line":43,"loc":{"start":{"line":43,"column":4},"end":{"line":43,"column":13}},"locations":[{"start":{"line":43,"column":4},"end":{"line":43,"column":13}}]},"12":{"type":"branch","line":46,"loc":{"start":{"line":46,"column":0},"end":{"line":69,"column":1}},"locations":[{"start":{"line":46,"column":0},"end":{"line":69,"column":1}}]},"13":{"type":"branch","line":54,"loc":{"start":{"line":54,"column":4},"end":{"line":69,"column":0}},"locations":[{"start":{"line":54,"column":4},"end":{"line":69,"column":0}}]},"14":{"type":"branch","line":70,"loc":{"start":{"line":70,"column":0},"end":{"line":92,"column":1}},"locations":[{"start":{"line":70,"column":0},"end":{"line":92,"column":1}}]},"15":{"type":"branch","line":76,"loc":{"start":{"line":76,"column":54},"end":{"line":76,"column":58}},"locations":[{"start":{"line":76,"column":54},"end":{"line":76,"column":58}}]},"16":{"type":"branch","line":78,"loc":{"start":{"line":78,"column":4},"end":{"line":90,"column":5}},"locations":[{"start":{"line":78,"column":4},"end":{"line":90,"column":5}}]},"17":{"type":"branch","line":93,"loc":{"start":{"line":93,"column":0},"end":{"line":95,"column":1}},"locations":[{"start":{"line":93,"column":0},"end":{"line":95,"column":1}}]},"18":{"type":"branch","line":96,"loc":{"start":{"line":96,"column":0},"end":{"line":114,"column":1}},"locations":[{"start":{"line":96,"column":0},"end":{"line":114,"column":1}}]},"19":{"type":"branch","line":99,"loc":{"start":{"line":99,"column":-1},"end":{"line":105,"column":59}},"locations":[{"start":{"line":99,"column":-1},"end":{"line":105,"column":59}}]},"20":{"type":"branch","line":105,"loc":{"start":{"line":105,"column":60},"end":{"line":105,"column":86}},"locations":[{"start":{"line":105,"column":60},"end":{"line":105,"column":86}}]},"21":{"type":"branch","line":106,"loc":{"start":{"line":106,"column":8},"end":{"line":109,"column":53}},"locations":[{"start":{"line":106,"column":8},"end":{"line":109,"column":53}}]},"22":{"type":"branch","line":110,"loc":{"start":{"line":110,"column":12},"end":{"line":110,"column":24}},"locations":[{"start":{"line":110,"column":12},"end":{"line":110,"column":24}}]},"23":{"type":"branch","line":112,"loc":{"start":{"line":112,"column":4},"end":{"line":114,"column":0}},"locations":[{"start":{"line":112,"column":4},"end":{"line":114,"column":0}}]},"24":{"type":"branch","line":128,"loc":{"start":{"line":128,"column":0},"end":{"line":134,"column":1}},"locations":[{"start":{"line":128,"column":0},"end":{"line":134,"column":1}}]},"25":{"type":"branch","line":131,"loc":{"start":{"line":131,"column":8},"end":{"line":131,"column":22}},"locations":[{"start":{"line":131,"column":8},"end":{"line":131,"column":22}}]},"26":{"type":"branch","line":132,"loc":{"start":{"line":132,"column":34},"end":{"line":132,"column":47}},"locations":[{"start":{"line":132,"column":34},"end":{"line":132,"column":47}}]},"27":{"type":"branch","line":135,"loc":{"start":{"line":135,"column":0},"end":{"line":142,"column":1}},"locations":[{"start":{"line":135,"column":0},"end":{"line":142,"column":1}}]},"28":{"type":"branch","line":136,"loc":{"start":{"line":136,"column":25},"end":{"line":137,"column":23}},"locations":[{"start":{"line":136,"column":25},"end":{"line":137,"column":23}}]},"29":{"type":"branch","line":137,"loc":{"start":{"line":137,"column":24},"end":{"line":138,"column":20}},"locations":[{"start":{"line":137,"column":24},"end":{"line":138,"column":20}}]},"30":{"type":"branch","line":138,"loc":{"start":{"line":138,"column":21},"end":{"line":139,"column":24}},"locations":[{"start":{"line":138,"column":21},"end":{"line":139,"column":24}}]},"31":{"type":"branch","line":139,"loc":{"start":{"line":139,"column":25},"end":{"line":140,"column":32}},"locations":[{"start":{"line":139,"column":25},"end":{"line":140,"column":32}}]},"32":{"type":"branch","line":140,"loc":{"start":{"line":140,"column":33},"end":{"line":141,"column":33}},"locations":[{"start":{"line":140,"column":33},"end":{"line":141,"column":33}}]},"33":{"type":"branch","line":143,"loc":{"start":{"line":143,"column":0},"end":{"line":148,"column":1}},"locations":[{"start":{"line":143,"column":0},"end":{"line":148,"column":1}}]},"34":{"type":"branch","line":144,"loc":{"start":{"line":144,"column":44},"end":{"line":146,"column":33}},"locations":[{"start":{"line":144,"column":44},"end":{"line":146,"column":33}}]},"35":{"type":"branch","line":146,"loc":{"start":{"line":146,"column":12},"end":{"line":146,"column":33}},"locations":[{"start":{"line":146,"column":12},"end":{"line":146,"column":33}}]},"36":{"type":"branch","line":146,"loc":{"start":{"line":146,"column":34},"end":{"line":147,"column":12}},"locations":[{"start":{"line":146,"column":34},"end":{"line":147,"column":12}}]},"37":{"type":"branch","line":149,"loc":{"start":{"line":149,"column":0},"end":{"line":155,"column":1}},"locations":[{"start":{"line":149,"column":0},"end":{"line":155,"column":1}}]},"38":{"type":"branch","line":150,"loc":{"start":{"line":150,"column":44},"end":{"line":152,"column":32}},"locations":[{"start":{"line":150,"column":44},"end":{"line":152,"column":32}}]},"39":{"type":"branch","line":152,"loc":{"start":{"line":152,"column":12},"end":{"line":152,"column":32}},"locations":[{"start":{"line":152,"column":12},"end":{"line":152,"column":32}}]},"40":{"type":"branch","line":152,"loc":{"start":{"line":152,"column":33},"end":{"line":153,"column":15}},"locations":[{"start":{"line":152,"column":33},"end":{"line":153,"column":15}}]},"41":{"type":"branch","line":154,"loc":{"start":{"line":154,"column":45},"end":{"line":154,"column":48}},"locations":[{"start":{"line":154,"column":45},"end":{"line":154,"column":48}}]},"42":{"type":"branch","line":198,"loc":{"start":{"line":198,"column":0},"end":{"line":212,"column":1}},"locations":[{"start":{"line":198,"column":0},"end":{"line":212,"column":1}}]},"43":{"type":"branch","line":205,"loc":{"start":{"line":205,"column":48},"end":{"line":205,"column":53}},"locations":[{"start":{"line":205,"column":48},"end":{"line":205,"column":53}}]},"44":{"type":"branch","line":207,"loc":{"start":{"line":207,"column":29},"end":{"line":207,"column":49}},"locations":[{"start":{"line":207,"column":29},"end":{"line":207,"column":49}}]},"45":{"type":"branch","line":207,"loc":{"start":{"line":207,"column":51},"end":{"line":209,"column":9}},"locations":[{"start":{"line":207,"column":51},"end":{"line":209,"column":9}}]},"46":{"type":"branch","line":211,"loc":{"start":{"line":211,"column":4},"end":{"line":211,"column":13}},"locations":[{"start":{"line":211,"column":4},"end":{"line":211,"column":13}}]},"47":{"type":"branch","line":213,"loc":{"start":{"line":213,"column":0},"end":{"line":225,"column":1}},"locations":[{"start":{"line":213,"column":0},"end":{"line":225,"column":1}}]},"48":{"type":"branch","line":215,"loc":{"start":{"line":215,"column":36},"end":{"line":215,"column":59}},"locations":[{"start":{"line":215,"column":36},"end":{"line":215,"column":59}}]},"49":{"type":"branch","line":216,"loc":{"start":{"line":216,"column":67},"end":{"line":216,"column":92}},"locations":[{"start":{"line":216,"column":67},"end":{"line":216,"column":92}}]},"50":{"type":"branch","line":218,"loc":{"start":{"line":218,"column":58},"end":{"line":218,"column":62}},"locations":[{"start":{"line":218,"column":58},"end":{"line":218,"column":62}}]},"51":{"type":"branch","line":218,"loc":{"start":{"line":218,"column":69},"end":{"line":221,"column":5}},"locations":[{"start":{"line":218,"column":69},"end":{"line":221,"column":5}}]},"52":{"type":"branch","line":214,"loc":{"start":{"line":214,"column":75},"end":{"line":214,"column":90}},"locations":[{"start":{"line":214,"column":75},"end":{"line":214,"column":90}}]},"53":{"type":"branch","line":226,"loc":{"start":{"line":226,"column":0},"end":{"line":238,"column":1}},"locations":[{"start":{"line":226,"column":0},"end":{"line":238,"column":1}}]},"54":{"type":"branch","line":229,"loc":{"start":{"line":229,"column":23},"end":{"line":229,"column":43}},"locations":[{"start":{"line":229,"column":23},"end":{"line":229,"column":43}}]},"55":{"type":"branch","line":229,"loc":{"start":{"line":229,"column":45},"end":{"line":231,"column":5}},"locations":[{"start":{"line":229,"column":45},"end":{"line":231,"column":5}}]},"56":{"type":"branch","line":232,"loc":{"start":{"line":232,"column":-1},"end":{"line":232,"column":41}},"locations":[{"start":{"line":232,"column":-1},"end":{"line":232,"column":41}}]},"57":{"type":"branch","line":232,"loc":{"start":{"line":232,"column":22},"end":{"line":232,"column":41}},"locations":[{"start":{"line":232,"column":22},"end":{"line":232,"column":41}}]},"58":{"type":"branch","line":232,"loc":{"start":{"line":232,"column":43},"end":{"line":238,"column":0}},"locations":[{"start":{"line":232,"column":43},"end":{"line":238,"column":0}}]},"59":{"type":"branch","line":232,"loc":{"start":{"line":232,"column":43},"end":{"line":234,"column":5}},"locations":[{"start":{"line":232,"column":43},"end":{"line":234,"column":5}}]},"60":{"type":"branch","line":235,"loc":{"start":{"line":235,"column":-1},"end":{"line":238,"column":0}},"locations":[{"start":{"line":235,"column":-1},"end":{"line":238,"column":0}}]},"61":{"type":"branch","line":239,"loc":{"start":{"line":239,"column":0},"end":{"line":242,"column":1}},"locations":[{"start":{"line":239,"column":0},"end":{"line":242,"column":1}}]},"62":{"type":"branch","line":243,"loc":{"start":{"line":243,"column":0},"end":{"line":266,"column":1}},"locations":[{"start":{"line":243,"column":0},"end":{"line":266,"column":1}}]},"63":{"type":"branch","line":246,"loc":{"start":{"line":246,"column":8},"end":{"line":266,"column":0}},"locations":[{"start":{"line":246,"column":8},"end":{"line":266,"column":0}}]},"64":{"type":"branch","line":246,"loc":{"start":{"line":246,"column":8},"end":{"line":246,"column":15}},"locations":[{"start":{"line":246,"column":8},"end":{"line":246,"column":15}}]},"65":{"type":"branch","line":251,"loc":{"start":{"line":251,"column":23},"end":{"line":261,"column":5}},"locations":[{"start":{"line":251,"column":23},"end":{"line":261,"column":5}}]},"66":{"type":"branch","line":253,"loc":{"start":{"line":253,"column":36},"end":{"line":258,"column":9}},"locations":[{"start":{"line":253,"column":36},"end":{"line":258,"column":9}}]},"67":{"type":"branch","line":262,"loc":{"start":{"line":262,"column":-1},"end":{"line":266,"column":0}},"locations":[{"start":{"line":262,"column":-1},"end":{"line":266,"column":0}}]},"68":{"type":"branch","line":262,"loc":{"start":{"line":262,"column":32},"end":{"line":264,"column":5}},"locations":[{"start":{"line":262,"column":32},"end":{"line":264,"column":5}}]},"69":{"type":"branch","line":267,"loc":{"start":{"line":267,"column":0},"end":{"line":285,"column":1}},"locations":[{"start":{"line":267,"column":0},"end":{"line":285,"column":1}}]},"70":{"type":"branch","line":268,"loc":{"start":{"line":268,"column":59},"end":{"line":270,"column":31}},"locations":[{"start":{"line":268,"column":59},"end":{"line":270,"column":31}}]},"71":{"type":"branch","line":270,"loc":{"start":{"line":270,"column":12},"end":{"line":270,"column":31}},"locations":[{"start":{"line":270,"column":12},"end":{"line":270,"column":31}}]},"72":{"type":"branch","line":270,"loc":{"start":{"line":270,"column":32},"end":{"line":271,"column":13}},"locations":[{"start":{"line":270,"column":32},"end":{"line":271,"column":13}}]},"73":{"type":"branch","line":273,"loc":{"start":{"line":273,"column":8},"end":{"line":275,"column":41}},"locations":[{"start":{"line":273,"column":8},"end":{"line":275,"column":41}}]},"74":{"type":"branch","line":274,"loc":{"start":{"line":274,"column":59},"end":{"line":275,"column":41}},"locations":[{"start":{"line":274,"column":59},"end":{"line":275,"column":41}}]},"75":{"type":"branch","line":275,"loc":{"start":{"line":275,"column":42},"end":{"line":276,"column":42}},"locations":[{"start":{"line":275,"column":42},"end":{"line":276,"column":42}}]},"76":{"type":"branch","line":278,"loc":{"start":{"line":278,"column":25},"end":{"line":278,"column":40}},"locations":[{"start":{"line":278,"column":25},"end":{"line":278,"column":40}}]},"77":{"type":"branch","line":278,"loc":{"start":{"line":278,"column":41},"end":{"line":278,"column":79}},"locations":[{"start":{"line":278,"column":41},"end":{"line":278,"column":79}}]},"78":{"type":"branch","line":278,"loc":{"start":{"line":278,"column":81},"end":{"line":284,"column":5}},"locations":[{"start":{"line":278,"column":81},"end":{"line":284,"column":5}}]},"79":{"type":"branch","line":279,"loc":{"start":{"line":279,"column":63},"end":{"line":280,"column":68}},"locations":[{"start":{"line":279,"column":63},"end":{"line":280,"column":68}}]},"80":{"type":"branch","line":281,"loc":{"start":{"line":281,"column":71},"end":{"line":282,"column":89}},"locations":[{"start":{"line":281,"column":71},"end":{"line":282,"column":89}}]},"81":{"type":"branch","line":286,"loc":{"start":{"line":286,"column":0},"end":{"line":302,"column":1}},"locations":[{"start":{"line":286,"column":0},"end":{"line":302,"column":1}}]},"82":{"type":"branch","line":293,"loc":{"start":{"line":293,"column":27},"end":{"line":296,"column":9}},"locations":[{"start":{"line":293,"column":27},"end":{"line":296,"column":9}}]},"83":{"type":"branch","line":298,"loc":{"start":{"line":298,"column":4},"end":{"line":301,"column":5}},"locations":[{"start":{"line":298,"column":4},"end":{"line":301,"column":5}}]},"84":{"type":"branch","line":303,"loc":{"start":{"line":303,"column":0},"end":{"line":333,"column":1}},"locations":[{"start":{"line":303,"column":0},"end":{"line":333,"column":1}}]},"85":{"type":"branch","line":307,"loc":{"start":{"line":307,"column":-1},"end":{"line":312,"column":69}},"locations":[{"start":{"line":307,"column":-1},"end":{"line":312,"column":69}}]},"86":{"type":"branch","line":313,"loc":{"start":{"line":313,"column":24},"end":{"line":333,"column":0}},"locations":[{"start":{"line":313,"column":24},"end":{"line":333,"column":0}}]},"87":{"type":"branch","line":334,"loc":{"start":{"line":334,"column":0},"end":{"line":360,"column":1}},"locations":[{"start":{"line":334,"column":0},"end":{"line":360,"column":1}}]},"88":{"type":"branch","line":340,"loc":{"start":{"line":340,"column":12},"end":{"line":340,"column":19}},"locations":[{"start":{"line":340,"column":12},"end":{"line":340,"column":19}}]},"89":{"type":"branch","line":345,"loc":{"start":{"line":345,"column":8},"end":{"line":345,"column":17}},"locations":[{"start":{"line":345,"column":8},"end":{"line":345,"column":17}}]},"90":{"type":"branch","line":347,"loc":{"start":{"line":347,"column":47},"end":{"line":347,"column":71}},"locations":[{"start":{"line":347,"column":47},"end":{"line":347,"column":71}}]},"91":{"type":"branch","line":350,"loc":{"start":{"line":350,"column":8},"end":{"line":352,"column":9}},"locations":[{"start":{"line":350,"column":8},"end":{"line":352,"column":9}}]},"92":{"type":"branch","line":354,"loc":{"start":{"line":354,"column":4},"end":{"line":359,"column":5}},"locations":[{"start":{"line":354,"column":4},"end":{"line":359,"column":5}}]},"93":{"type":"branch","line":361,"loc":{"start":{"line":361,"column":0},"end":{"line":368,"column":1}},"locations":[{"start":{"line":361,"column":0},"end":{"line":368,"column":1}}]},"94":{"type":"branch","line":366,"loc":{"start":{"line":366,"column":4},"end":{"line":366,"column":13}},"locations":[{"start":{"line":366,"column":4},"end":{"line":366,"column":13}}]},"95":{"type":"branch","line":369,"loc":{"start":{"line":369,"column":0},"end":{"line":375,"column":1}},"locations":[{"start":{"line":369,"column":0},"end":{"line":375,"column":1}}]},"96":{"type":"branch","line":373,"loc":{"start":{"line":373,"column":4},"end":{"line":373,"column":13}},"locations":[{"start":{"line":373,"column":4},"end":{"line":373,"column":13}}]},"97":{"type":"branch","line":399,"loc":{"start":{"line":399,"column":0},"end":{"line":409,"column":1}},"locations":[{"start":{"line":399,"column":0},"end":{"line":409,"column":1}}]},"98":{"type":"branch","line":403,"loc":{"start":{"line":403,"column":30},"end":{"line":403,"column":51}},"locations":[{"start":{"line":403,"column":30},"end":{"line":403,"column":51}}]},"99":{"type":"branch","line":403,"loc":{"start":{"line":403,"column":53},"end":{"line":407,"column":5}},"locations":[{"start":{"line":403,"column":53},"end":{"line":407,"column":5}}]},"100":{"type":"branch","line":410,"loc":{"start":{"line":410,"column":0},"end":{"line":439,"column":1}},"locations":[{"start":{"line":410,"column":0},"end":{"line":439,"column":1}}]},"101":{"type":"branch","line":413,"loc":{"start":{"line":413,"column":8},"end":{"line":413,"column":15}},"locations":[{"start":{"line":413,"column":8},"end":{"line":413,"column":15}}]},"102":{"type":"branch","line":417,"loc":{"start":{"line":417,"column":8},"end":{"line":417,"column":12}},"locations":[{"start":{"line":417,"column":8},"end":{"line":417,"column":12}}]},"103":{"type":"branch","line":418,"loc":{"start":{"line":418,"column":23},"end":{"line":439,"column":0}},"locations":[{"start":{"line":418,"column":23},"end":{"line":439,"column":0}}]},"104":{"type":"branch","line":419,"loc":{"start":{"line":419,"column":34},"end":{"line":428,"column":5}},"locations":[{"start":{"line":419,"column":34},"end":{"line":428,"column":5}}]},"105":{"type":"branch","line":430,"loc":{"start":{"line":430,"column":20},"end":{"line":439,"column":0}},"locations":[{"start":{"line":430,"column":20},"end":{"line":439,"column":0}}]},"106":{"type":"branch","line":440,"loc":{"start":{"line":440,"column":0},"end":{"line":471,"column":1}},"locations":[{"start":{"line":440,"column":0},"end":{"line":471,"column":1}}]},"107":{"type":"branch","line":441,"loc":{"start":{"line":441,"column":57},"end":{"line":441,"column":75}},"locations":[{"start":{"line":441,"column":57},"end":{"line":441,"column":75}}]},"108":{"type":"branch","line":452,"loc":{"start":{"line":452,"column":40},"end":{"line":468,"column":9}},"locations":[{"start":{"line":452,"column":40},"end":{"line":468,"column":9}}]},"109":{"type":"branch","line":455,"loc":{"start":{"line":455,"column":16},"end":{"line":455,"column":25}},"locations":[{"start":{"line":455,"column":16},"end":{"line":455,"column":25}}]},"110":{"type":"branch","line":458,"loc":{"start":{"line":458,"column":16},"end":{"line":458,"column":25}},"locations":[{"start":{"line":458,"column":16},"end":{"line":458,"column":25}}]},"111":{"type":"branch","line":469,"loc":{"start":{"line":469,"column":-1},"end":{"line":470,"column":13}},"locations":[{"start":{"line":469,"column":-1},"end":{"line":470,"column":13}}]},"112":{"type":"branch","line":470,"loc":{"start":{"line":470,"column":4},"end":{"line":470,"column":13}},"locations":[{"start":{"line":470,"column":4},"end":{"line":470,"column":13}}]},"113":{"type":"branch","line":451,"loc":{"start":{"line":451,"column":20},"end":{"line":451,"column":46}},"locations":[{"start":{"line":451,"column":20},"end":{"line":451,"column":46}}]},"114":{"type":"branch","line":472,"loc":{"start":{"line":472,"column":0},"end":{"line":474,"column":1}},"locations":[{"start":{"line":472,"column":0},"end":{"line":474,"column":1}}]},"115":{"type":"branch","line":475,"loc":{"start":{"line":475,"column":0},"end":{"line":477,"column":1}},"locations":[{"start":{"line":475,"column":0},"end":{"line":477,"column":1}}]},"116":{"type":"branch","line":476,"loc":{"start":{"line":476,"column":22},"end":{"line":476,"column":36}},"locations":[{"st
[...]
"start":{"line":37,"column":0},"end":{"line":37,"column":13}},"37":{"start":{"line":38,"column":0},"end":{"line":38,"column":50}},"38":{"start":{"line":39,"column":0},"end":{"line":39,"column":3}},"39":{"start":{"line":40,"column":0},"end":{"line":40,"column":3}},"40":{"start":{"line":41,"column":0},"end":{"line":41,"column":0}},"41":{"start":{"line":42,"column":0},"end":{"line":42,"column":73}},"42":{"start":{"line":43,"column":0},"end":{"line":43,"column":70}},"43":{"start":{"line":44,"column":0},"end":{"line":44,"column":7}},"44":{"start":{"line":45,"column":0},"end":{"line":45,"column":103}},"45":{"start":{"line":46,"column":0},"end":{"line":46,"column":40}},"46":{"start":{"line":47,"column":0},"end":{"line":47,"column":37}},"47":{"start":{"line":48,"column":0},"end":{"line":48,"column":0}},"48":{"start":{"line":49,"column":0},"end":{"line":49,"column":18}},"49":{"start":{"line":50,"column":0},"end":{"line":50,"column":42}},"50":{"start":{"line":51,"column":0},"end":{"line":51,"column":71}},"51":{"start":{"line":52,"column":0},"end":{"line":52,"column":12}},"52":{"start":{"line":53,"column":0},"end":{"line":53,"column":6}},"53":{"start":{"line":54,"column":0},"end":{"line":54,"column":114}},"54":{"start":{"line":55,"column":0},"end":{"line":55,"column":40}},"55":{"start":{"line":56,"column":0},"end":{"line":56,"column":44}},"56":{"start":{"line":57,"column":0},"end":{"line":57,"column":49}},"57":{"start":{"line":58,"column":0},"end":{"line":58,"column":13}},"58":{"start":{"line":59,"column":0},"end":{"line":59,"column":50}},"59":{"start":{"line":60,"column":0},"end":{"line":60,"column":3}},"60":{"start":{"line":61,"column":0},"end":{"line":61,"column":3}}},"s":{"0":1,"1":1,"2":1,"3":1,"4":1,"5":1,"6":1,"7":1,"8":1,"9":1,"10":1,"11":1,"12":1,"13":1,"14":1,"15":1,"16":1,"17":1,"18":1,"19":1,"20":1,"21":1,"22":1,"23":1,"24":1,"25":1,"26":1,"27":1,"28":1,"29":1,"30":1,"31":1,"32":1,"33":1,"34":1,"35":1,"36":1,"37":1,"38":1,"39":1,"40":1,"41":1,"42":1,"43":1,"44":1,"45":1,"46":1,"47":1,"48":1,"49":1,"50":1,"51":1,"52":1,"53":1,"54":1,"55":1,"56":1,"57":1,"58":1,"59":1,"60":1},"branchMap":{"0":{"type":"branch","line":8,"loc":{"start":{"line":8,"column":61},"end":{"line":23,"column":1}},"locations":[{"start":{"line":8,"column":61},"end":{"line":23,"column":1}}]},"1":{"type":"branch","line":25,"loc":{"start":{"line":25,"column":73},"end":{"line":40,"column":1}},"locations":[{"start":{"line":25,"column":73},"end":{"line":40,"column":1}}]},"2":{"type":"branch","line":42,"loc":{"start":{"line":42,"column":66},"end":{"line":61,"column":1}},"locations":[{"start":{"line":42,"column":66},"end":{"line":61,"column":1}}]}},"b":{"0":[1],"1":[1],"2":[1]},"fnMap":{},"f":{}}
,"/Users/gilsongabriel/Dev/CMS/Commitzero/test/unit/parser.test.ts": {"path":"/Users/gilsongabriel/Dev/CMS/Commitzero/test/unit/parser.test.ts","all":false,"statementMap":{"0":{"start":{"line":1,"column":0},"end":{"line":1,"column":29}},"1":{"start":{"line":2,"column":0},"end":{"line":2,"column":33}},"2":{"start":{"line":3,"column":0},"end":{"line":3,"column":61}},"3":{"start":{"line":4,"column":0},"end":{"line":4,"column":0}},"4":{"start":{"line":5,"column":0},"end":{"line":5,"column":57}},"5":{"start":{"line":6,"column":0},"end":{"line":6,"column":84}},"6":{"start":{"line":7,"column":0},"end":{"line":7,"column":37}},"7":{"start":{"line":8,"column":0},"end":{"line":8,"column":38}},"8":{"start":{"line":9,"column":0},"end":{"line":9,"column":47}},"9":{"start":{"line":10,"column":0},"end":{"line":10,"column":37}},"10":{"start":{"line":11,"column":0},"end":{"line":11,"column":26}},"11":{"start":{"line":12,"column":0},"end":{"line":12,"column":41}},"12":{"start":{"line":13,"column":0},"end":{"line":13,"column":42}},"13":{"start":{"line":14,"column":0},"end":{"line":14,"column":3}},"14":{"start":{"line":15,"column":0},"end":{"line":15,"column":0}},"15":{"start":{"line":16,"column":0},"end":{"line":16,"column":41}},"16":{"start":{"line":17,"column":0},"end":{"line":17,"column":54}},"17":{"start":{"line":18,"column":0},"end":{"line":18,"column":51}},"18":{"start":{"line":19,"column":0},"end":{"line":19,"column":43}},"19":{"start":{"line":20,"column":0},"end":{"line":20,"column":3}}},"s":{"0":1,"1":1,"2":1,"3":1,"4":1,"5":1,"6":1,"7":1,"8":1,"9":1,"10":1,"11":1,"12":1,"13":1,"14":1,"15":1,"16":1,"17":1,"18":1,"19":1},"branchMap":{"0":{"type":"branch","line":5,"loc":{"start":{"line":5,"column":50},"end":{"line":14,"column":1}},"locations":[{"start":{"line":5,"column":50},"end":{"line":14,"column":1}}]},"1":{"type":"branch","line":16,"loc":{"start":{"line":16,"column":34},"end":{"line":20,"column":1}},"locations":[{"start":{"line":16,"column":34},"end":{"line":20,"column":1}}]}},"b":{"0":[1],"1":[1]},"fnMap":{},"f":{}}
,"/Users/gilsongabriel/Dev/CMS/Commitzero/test/unit/rules.test.ts": {"path":"/Users/gilsongabriel/Dev/CMS/Commitzero/test/unit/rules.test.ts","all":false,"statementMap":{"0":{"start":{"line":1,"column":0},"end":{"line":1,"column":29}},"1":{"start":{"line":2,"column":0},"end":{"line":2,"column":33}},"2":{"start":{"line":3,"column":0},"end":{"line":3,"column":74}},"3":{"start":{"line":4,"column":0},"end":{"line":4,"column":0}},"4":{"start":{"line":5,"column":0},"end":{"line":5,"column":41}},"5":{"start":{"line":6,"column":0},"end":{"line":6,"column":77}},"6":{"start":{"line":7,"column":0},"end":{"line":7,"column":32}},"7":{"start":{"line":8,"column":0},"end":{"line":8,"column":3}},"8":{"start":{"line":9,"column":0},"end":{"line":9,"column":0}},"9":{"start":{"line":10,"column":0},"end":{"line":10,"column":28}},"10":{"start":{"line":11,"column":0},"end":{"line":11,"column":72}},"11":{"start":{"line":12,"column":0},"end":{"line":12,"column":33}},"12":{"start":{"line":13,"column":0},"end":{"line":13,"column":3}},"13":{"start":{"line":14,"column":0},"end":{"line":14,"column":0}},"14":{"start":{"line":15,"column":0},"end":{"line":15,"column":58}},"15":{"start":{"line":16,"column":0},"end":{"line":16,"column":25}},"16":{"start":{"line":17,"column":0},"end":{"line":17,"column":5}},"17":{"start":{"line":18,"column":0},"end":{"line":18,"column":19}},"18":{"start":{"line":19,"column":0},"end":{"line":19,"column":23}},"19":{"start":{"line":20,"column":0},"end":{"line":20,"column":22}},"20":{"start":{"line":21,"column":0},"end":{"line":21,"column":95}},"21":{"start":{"line":22,"column":0},"end":{"line":22,"column":6}},"22":{"start":{"line":23,"column":0},"end":{"line":23,"column":18}},"23":{"start":{"line":24,"column":0},"end":{"line":24,"column":4}},"24":{"start":{"line":25,"column":0},"end":{"line":25,"column":33}},"25":{"start":{"line":26,"column":0},"end":{"line":26,"column":3}},"26":{"start":{"line":27,"column":0},"end":{"line":27,"column":0}},"27":{"start":{"line":28,"column":0},"end":{"line":28,"column":47}},"28":{"start":{"line":29,"column":0},"end":{"line":29,"column":96}},"29":{"start":{"line":30,"column":0},"end":{"line":30,"column":33}},"30":{"start":{"line":31,"column":0},"end":{"line":31,"column":3}}},"s":{"0":1,"1":1,"2":1,"3":1,"4":1,"5":1,"6":1,"7":1,"8":1,"9":1,"10":1,"11":1,"12":1,"13":1,"14":1,"15":1,"16":1,"17":1,"18":1,"19":1,"20":1,"21":1,"22":1,"23":1,"24":1,"25":1,"26":1,"27":1,"28":1,"29":1,"30":1},"branchMap":{"0":{"type":"branch","line":5,"loc":{"start":{"line":5,"column":34},"end":{"line":8,"column":1}},"locations":[{"start":{"line":5,"column":34},"end":{"line":8,"column":1}}]},"1":{"type":"branch","line":10,"loc":{"start":{"line":10,"column":21},"end":{"line":13,"column":1}},"locations":[{"start":{"line":10,"column":21},"end":{"line":13,"column":1}}]},"2":{"type":"branch","line":15,"loc":{"start":{"line":15,"column":51},"end":{"line":26,"column":1}},"locations":[{"start":{"line":15,"column":51},"end":{"line":26,"column":1}}]},"3":{"type":"branch","line":28,"loc":{"start":{"line":28,"column":40},"end":{"line":31,"column":1}},"locations":[{"start":{"line":28,"column":40},"end":{"line":31,"column":1}}]}},"b":{"0":[1],"1":[1],"2":[1],"3":[1]},"fnMap":{},"f":{}}
,"/Users/gilsongabriel/Dev/CMS/Commitzero/test/unit/select.test.ts": {"path":"/Users/gilsongabriel/Dev/CMS/Commitzero/test/unit/select.test.ts","all":false,"statementMap":{"0":{"start":{"line":1,"column":0},"end":{"line":1,"column":33}},"1":{"start":{"line":2,"column":0},"end":{"line":2,"column":29}},"2":{"start":{"line":3,"column":0},"end":{"line":3,"column":63}},"3":{"start":{"line":4,"column":0},"end":{"line":4,"column":0}},"4":{"start":{"line":5,"column":0},"end":{"line":5,"column":67}},"5":{"start":{"line":6,"column":0},"end":{"line":6,"column":35}},"6":{"start":{"line":7,"column":0},"end":{"line":7,"column":30}},"7":{"start":{"line":8,"column":0},"end":{"line":8,"column":7}},"8":{"start":{"line":9,"column":0},"end":{"line":9,"column":41}},"9":{"start":{"line":10,"column":0},"end":{"line":10,"column":33}},"10":{"start":{"line":11,"column":0},"end":{"line":11,"column":33}},"11":{"start":{"line":12,"column":0},"end":{"line":12,"column":7}},"12":{"start":{"line":13,"column":0},"end":{"line":13,"column":33}},"13":{"start":{"line":14,"column":0},"end":{"line":14,"column":13}},"14":{"start":{"line":15,"column":0},"end":{"line":15,"column":31}},"15":{"start":{"line":16,"column":0},"end":{"line":16,"column":3}},"16":{"start":{"line":17,"column":0},"end":{"line":17,"column":3}},"17":{"start":{"line":18,"column":0},"end":{"line":18,"column":0}},"18":{"start":{"line":19,"column":0},"end":{"line":19,"column":75}},"19":{"start":{"line":20,"column":0},"end":{"line":20,"column":35}},"20":{"start":{"line":21,"column":0},"end":{"line":21,"column":30}},"21":{"start":{"line":22,"column":0},"end":{"line":22,"column":7}},"22":{"start":{"line":23,"column":0},"end":{"line":23,"column":44}},"23":{"start":{"line":24,"column":0},"end":{"line":24,"column":39}},"24":{"start":{"line":25,"column":0},"end":{"line":25,"column":13}},"25":{"start":{"line":26,"column":0},"end":{"line":26,"column":31}},"26":{"start":{"line":27,"column":0},"end":{"line":27,"column":3}},"27":{"start":{"line":28,"column":0},"end":{"line":28,"column":3}},"28":{"start":{"line":29,"column":0},"end":{"line":29,"column":0}},"29":{"start":{"line":30,"column":0},"end":{"line":30,"column":75}},"30":{"start":{"line":31,"column":0},"end":{"line":31,"column":65}},"31":{"start":{"line":32,"column":0},"end":{"line":32,"column":35}},"32":{"start":{"line":33,"column":0},"end":{"line":33,"column":4}},"33":{"start":{"line":34,"column":0},"end":{"line":34,"column":30}},"34":{"start":{"line":35,"column":0},"end":{"line":35,"column":38}},"35":{"start":{"line":36,"column":0},"end":{"line":36,"column":21}},"36":{"start":{"line":37,"column":0},"end":{"line":37,"column":33}},"37":{"start":{"line":38,"column":0},"end":{"line":38,"column":7}},"38":{"start":{"line":39,"column":0},"end":{"line":39,"column":33}},"39":{"start":{"line":40,"column":0},"end":{"line":40,"column":33}},"40":{"start":{"line":41,"column":0},"end":{"line":41,"column":33}},"41":{"start":{"line":42,"column":0},"end":{"line":42,"column":7}},"42":{"start":{"line":43,"column":0},"end":{"line":43,"column":54}},"43":{"start":{"line":44,"column":0},"end":{"line":44,"column":50}},"44":{"start":{"line":45,"column":0},"end":{"line":45,"column":24}},"45":{"start":{"line":46,"column":0},"end":{"line":46,"column":33}},"46":{"start":{"line":47,"column":0},"end":{"line":47,"column":13}},"47":{"start":{"line":48,"column":0},"end":{"line":48,"column":26}},"48":{"start":{"line":49,"column":0},"end":{"line":49,"column":34}},"49":{"start":{"line":50,"column":0},"end":{"line":50,"column":3}},"50":{"start":{"line":51,"column":0},"end":{"line":51,"column":3}},"51":{"start":{"line":52,"column":0},"end":{"line":52,"column":0}},"52":{"start":{"line":53,"column":0},"end":{"line":53,"column":65}},"53":{"start":{"line":54,"column":0},"end":{"line":54,"column":65}},"54":{"start":{"line":55,"column":0},"end":{"line":55,"column":35}},"55":{"start":{"line":56,"column":0},"end":{"line":56,"column":4}},"56":{"start":{"line":57,"column":0},"end":{"line":57,"column":30}},"57":{"start":{"line":58,"column":0},"end":{"line":58,"column":38}},"58":{"start":{"line":59,"column":0},"end":{"line":59,"column":21}},"59":{"start":{"line":60,"column":0},"end":{"line":60,"column":33}},"60":{"start":{"line":61,"column":0},"end":{"line":61,"column":7}},"61":{"start":{"line":62,"column":0},"end":{"line":62,"column":33}},"62":{"start":{"line":63,"column":0},"end":{"line":63,"column":33}},"63":{"start":{"line":64,"column":0},"end":{"line":64,"column":33}},"64":{"start":{"line":65,"column":0},"end":{"line":65,"column":33}},"65":{"start":{"line":66,"column":0},"end":{"line":66,"column":7}},"66":{"start":{"line":67,"column":0},"end":{"line":67,"column":49}},"67":{"start":{"line":68,"column":0},"end":{"line":68,"column":50}},"68":{"start":{"line":69,"column":0},"end":{"line":69,"column":25}},"69":{"start":{"line":70,"column":0},"end":{"line":70,"column":34}},"70":{"start":{"line":71,"column":0},"end":{"line":71,"column":13}},"71":{"start":{"line":72,"column":0},"end":{"line":72,"column":26}},"72":{"start":{"line":73,"column":0},"end":{"line":73,"column":34}},"73":{"start":{"line":74,"column":0},"end":{"line":74,"column":3}},"74":{"start":{"line":75,"column":0},"end":{"line":75,"column":3}},"75":{"start":{"line":76,"column":0},"end":{"line":76,"column":0}},"76":{"start":{"line":77,"column":0},"end":{"line":77,"column":48}},"77":{"start":{"line":78,"column":0},"end":{"line":78,"column":65}},"78":{"start":{"line":79,"column":0},"end":{"line":79,"column":35}},"79":{"start":{"line":80,"column":0},"end":{"line":80,"column":4}},"80":{"start":{"line":81,"column":0},"end":{"line":81,"column":30}},"81":{"start":{"line":82,"column":0},"end":{"line":82,"column":38}},"82":{"start":{"line":83,"column":0},"end":{"line":83,"column":21}},"83":{"start":{"line":84,"column":0},"end":{"line":84,"column":33}},"84":{"start":{"line":85,"column":0},"end":{"line":85,"column":7}},"85":{"start":{"line":86,"column":0},"end":{"line":86,"column":33}},"86":{"start":{"line":87,"column":0},"end":{"line":87,"column":33}},"87":{"start":{"line":88,"column":0},"end":{"line":88,"column":33}},"88":{"start":{"line":89,"column":0},"end":{"line":89,"column":7}},"89":{"start":{"line":90,"column":0},"end":{"line":90,"column":52}},"90":{"start":{"line":91,"column":0},"end":{"line":91,"column":41}},"91":{"start":{"line":92,"column":0},"end":{"line":92,"column":13}},"92":{"start":{"line":93,"column":0},"end":{"line":93,"column":26}},"93":{"start":{"line":94,"column":0},"end":{"line":94,"column":34}},"94":{"start":{"line":95,"column":0},"end":{"line":95,"column":3}},"95":{"start":{"line":96,"column":0},"end":{"line":96,"column":3}},"96":{"start":{"line":97,"column":0},"end":{"line":97,"column":0}},"97":{"start":{"line":98,"column":0},"end":{"line":98,"column":79}},"98":{"start":{"line":99,"column":0},"end":{"line":99,"column":65}},"99":{"start":{"line":100,"column":0},"end":{"line":100,"column":35}},"100":{"start":{"line":101,"column":0},"end":{"line":101,"column":4}},"101":{"start":{"line":102,"column":0},"end":{"line":102,"column":32}},"102":{"start":{"line":103,"column":0},"end":{"line":103,"column":38}},"103":{"start":{"line":104,"column":0},"end":{"line":104,"column":21}},"104":{"start":{"line":105,"column":0},"end":{"line":105,"column":33}},"105":{"start":{"line":106,"column":0},"end":{"line":106,"column":7}},"106":{"start":{"line":107,"column":0},"end":{"line":107,"column":21}},"107":{"start":{"line":108,"column":0},"end":{"line":108,"column":16}},"108":{"start":{"line":109,"column":0},"end":{"line":109,"column":7}},"109":{"start":{"line":110,"column":0},"end":{"line":110,"column":35}},"110":{"start":{"line":111,"column":0},"end":{"line":111,"column":35}},"111":{"start":{"line":112,"column":0},"end":{"line":112,"column":8}},"112":{"start":{"line":113,"column":0},"end":{"line":113,"column":14}},"113":{"start":{"line":114,"column":0},"end":{"line":114,"column":6}},"114":{"start":{"line":115,"column":0},"end":{"line":115,"column":50}},"115":{"start":{"line":116,"column":0},"end":{"line":116,"column":24}},"116":{"start":{"line":117,"column":0},"end":{"line":117,"column":33}},"117":{"start":{"line":118,"column":0},"end":{"line":118,"column":13}},"118":{"start":{"line":119,"column":0},"end":{"line":119,"column":28}},"119":{"start":{"line":120,"column":0},"end":{"line":120,"column":34}},"120":{"start":{"line":121,"column":0},"end":{"line":121,"column":3}},"121":{"start":{"line":122,"column":0},"end":{"line":122,"column":3}}},"s":{"0":1,"1":1,"2":1,"3":1,"4":1,"5":1,"6":1,"7":1,"8":1,"9":1,"10":1,"11":1,"12":1,"13":1,"14":1,"15":1,"16":1,"17":1,"18":1,"19":1,"20":1,"21":1,"22":1,"23":1,"24":1,"25":1,"26":1,"27":1,"28":1,"29":1,"30":1,"31":1,"32":1,"33":1,"34":1,"35":1,"36":1,"37":1,"38":1,"39":1,"40":1,"41":1,"42":1,"43":1,"44":1,"45":1,"46":1,"47":1,"48":1,"49":1,"50":1,"51":1,"52":1,"53":1,"54":1,"55":1,"56":1,"57":1,"58":1,"59":1,"60":1,"61":1,"62":1,"63":1,"64":1,"65":1,"66":1,"67":1,"68":1,"69":1,"70":1,"71":1,"72":1,"73":1,"74":1,"75":1,"76":1,"77":1,"78":1,"79":1,"80":1,"81":1,"82":1,"83":1,"84":1,"85":1,"86":1,"87":1,"88":1,"89":1,"90":1,"91":1,"92":1,"93":1,"94":1,"95":1,"96":1,"97":1,"98":1,"99":1,"100":1,"101":1,"102":1,"103":1,"104":1,"105":1,"106":1,"107":1,"108":1,"109":1,"110":1,"111":1,"112":1,"113":1,"114":1,"115":1,"116":1,"117":1,"118":1,"119":1,"120":1,"121":1},"branchMap":{"0":{"type":"branch","line":5,"loc":{"start":{"line":5,"column":54},"end":{"line":17,"column":1}},"locations":[{"start":{"line":5,"column":54},"end":{"line":17,"column":1}}]},"1":{"type":"branch","line":19,"loc":{"start":{"line":19,"column":62},"end":{"line":28,"column":1}},"locations":[{"start":{"line":19,"column":62},"end":{"line":28,"column":1}}]},"2":{"type":"branch","line":30,"loc":{"start":{"line":30,"column":62},"end":{"line":51,"column":1}},"locations":[{"start":{"line":30,"column":62},"end":{"line":51,"column":1}}]},"3":{"type":"branch","line":37,"loc":{"start":{"line":37,"column":21},"end":{"line":37,"column":33}},"locations":[{"start":{"line":37,"column":21},"end":{"line":37,"column":33}}]},"4":{"type":"branch","line":53,"loc":{"start":{"line":53,"column":52},"end":{"line":75,"column":1}},"locations":[{"start":{"line":53,"column":52},"end":{"line":75,"column":1}}]},"5":{"type":"branch","line":60,"loc":{"start":{"line":60,"column":21},"end":{"line":60,"column":33}},"locations":[{"start":{"line":60,"column":21},"end":{"line":60,"column":33}}]},"6":{"type":"branch","line":77,"loc":{"start":{"line":77,"column":35},"end":{"line":96,"column":1}},"locations":[{"start":{"line":77,"column":35},"end":{"line":96,"column":1}}]},"7":{"type":"branch","line":84,"loc":{"start":{"line":84,"column":21},"end":{"line":84,"column":33}},"locations":[{"start":{"line":84,"column":21},"end":{"line":84,"column":33}}]},"8":{"type":"branch","line":98,"loc":{"start":{"line":98,"column":66},"end":{"line":122,"column":1}},"locations":[{"start":{"line":98,"column":66},"end":{"line":122,"column":1}}]},"9":{"type":"branch","line":105,"loc":{"start":{"line":105,"column":21},"end":{"line":105,"column":33}},"locations":[{"start":{"line":105,"column":21},"end":{"line":105,"column":33}}]}},"b":{"0":[1],"1":[1],"2":[1],"3":[2],"4":[1],"5":[2],"6":[1],"7":[2],"8":[1],"9":[2]},"fnMap":{"0":{"name":"stdin.setRawMode","decl":{"start":{"line":37,"column":21},"end":{"line":37,"column":33}},"loc":{"start":{"line":37,"column":21},"end":{"line":37,"column":33}},"line":37},"1":{"name":"stdin.setRawMode","decl":{"start":{"line":60,"column":21},"end":{"line":60,"column":33}},"loc":{"start":{"line":60,"column":21},"end":{"line":60,"column":33}},"line":60},"2":{"name":"stdin.setRawMode","decl":{"start":{"line":84,"column":21},"end":{"line":84,"column":33}},"loc":{"start":{"line":84,"column":21},"end":{"line":84,"column":33}},"line":84},"3":{"name":"stdin.setRawMode","decl":{"start":{"line":105,"column":21},"end":{"line":105,"column":33}},"loc":{"start":{"line":105,"column":21},"end":{"line":105,"column":33}},"line":105}},"f":{"0":2,"1":2,"2":2,"3":2}}
}
