{"total": {"lines":{"total":3728,"covered":3458,"skipped":0,"pct":92.75},"statements":{"total":3728,"covered":3458,"skipped":0,"pct":92.75},"functions":{"total":124,"covered":112,"skipped":0,"pct":90.32},"branches":{"total":709,"covered":541,"skipped":0,"pct":76.3},"branchesTrue":{"total":0,"covered":0,"skipped":0,"pct":100}}
,"/Users/gilsongabriel/Dev/CMS/Commitzero/dist/esm/cli/colors.js": {"lines":{"total":23,"covered":23,"skipped":0,"pct":100},"functions":{"total":11,"covered":7,"skipped":0,"pct":63.63},"statements":{"total":23,"covered":23,"skipped":0,"pct":100},"branches":{"total":10,"covered":8,"skipped":0,"pct":80}}
,"/Users/gilsongabriel/Dev/CMS/Commitzero/dist/esm/cli/index.js": {"lines":{"total":672,"covered":493,"skipped":0,"pct":73.36},"functions":{"total":40,"covered":34,"skipped":0,"pct":85},"statements":{"total":672,"covered":493,"skipped":0,"pct":73.36},"branches":{"total":195,"covered":137,"skipped":0,"pct":70.25}}
,"/Users/gilsongabriel/Dev/CMS/Commitzero/dist/esm/config/load.js": {"lines":{"total":49,"covered":47,"skipped":0,"pct":95.91},"functions":{"total":2,"covered":2,"skipped":0,"pct":100},"statements":{"total":49,"covered":47,"skipped":0,"pct":95.91},"branches":{"total":17,"covered":15,"skipped":0,"pct":88.23}}
,"/Users/gilsongabriel/Dev/CMS/Commitzero/dist/esm/core/formatter.js": {"lines":{"total":12,"covered":12,"skipped":0,"pct":100},"functions":{"total":1,"covered":1,"skipped":0,"pct":100},"statements":{"total":12,"covered":12,"skipped":0,"pct":100},"branches":{"total":11,"covered":11,"skipped":0,"pct":100}}
,"/Users/gilsongabriel/Dev/CMS/Commitzero/dist/esm/core/parser.js": {"lines":{"total":44,"covered":44,"skipped":0,"pct":100},"functions":{"total":1,"covered":1,"skipped":0,"pct":100},"statements":{"total":44,"covered":44,"skipped":0,"pct":100},"branches":{"total":19,"covered":15,"skipped":0,"pct":78.94}}
,"/Users/gilsongabriel/Dev/CMS/Commitzero/dist/esm/core/rules.js": {"lines":{"total":81,"covered":73,"skipped":0,"pct":90.12},"functions":{"total":8,"covered":8,"skipped":0,"pct":100},"statements":{"total":81,"covered":73,"skipped":0,"pct":90.12},"branches":{"total":27,"covered":20,"skipped":0,"pct":74.07}}
,"/Users/gilsongabriel/Dev/CMS/Commitzero/dist/esm/hooks/cleanup.js": {"lines":{"total":73,"covered":72,"skipped":0,"pct":98.63},"functions":{"total":3,"covered":3,"skipped":0,"pct":100},"statements":{"total":73,"covered":72,"skipped":0,"pct":98.63},"branches":{"total":28,"covered":21,"skipped":0,"pct":75}}
,"/Users/gilsongabriel/Dev/CMS/Commitzero/dist/esm/hooks/install.js": {"lines":{"total":215,"covered":202,"skipped":0,"pct":93.95},"functions":{"total":17,"covered":17,"skipped":0,"pct":100},"statements":{"total":215,"covered":202,"skipped":0,"pct":93.95},"branches":{"total":79,"covered":62,"skipped":0,"pct":78.48}}
,"/Users/gilsongabriel/Dev/CMS/Commitzero/dist/esm/hooks/postinstall.js": {"lines":{"total":85,"covered":82,"skipped":0,"pct":96.47},"functions":{"total":5,"covered":5,"skipped":0,"pct":100},"statements":{"total":85,"covered":82,"skipped":0,"pct":96.47},"branches":{"total":41,"covered":36,"skipped":0,"pct":87.8}}
,"/Users/gilsongabriel/Dev/CMS/Commitzero/dist/esm/hooks/scripts.js": {"lines":{"total":221,"covered":221,"skipped":0,"pct":100},"functions":{"total":3,"covered":3,"skipped":0,"pct":100},"statements":{"total":221,"covered":221,"skipped":0,"pct":100},"branches":{"total":4,"covered":4,"skipped":0,"pct":100}}
,"/Users/gilsongabriel/Dev/CMS/Commitzero/dist/esm/i18n/index.js": {"lines":{"total":342,"covered":342,"skipped":0,"pct":100},"functions":{"total":1,"covered":1,"skipped":0,"pct":100},"statements":{"total":342,"covered":342,"skipped":0,"pct":100},"branches":{"total":8,"covered":8,"skipped":0,"pct":100}}
,"/Users/gilsongabriel/Dev/CMS/Commitzero/dist/esm/utils/binaries.js": {"lines":{"total":65,"covered":51,"skipped":0,"pct":78.46},"functions":{"total":4,"covered":4,"skipped":0,"pct":100},"statements":{"total":65,"covered":51,"skipped":0,"pct":78.46},"branches":{"total":35,"covered":27,"skipped":0,"pct":77.14}}
,"/Users/gilsongabriel/Dev/CMS/Commitzero/dist/esm/utils/size.js": {"lines":{"total":43,"covered":41,"skipped":0,"pct":95.34},"functions":{"total":2,"covered":2,"skipped":0,"pct":100},"statements":{"total":43,"covered":41,"skipped":0,"pct":95.34},"branches":{"total":25,"covered":23,"skipped":0,"pct":92}}
,"/Users/gilsongabriel/Dev/CMS/Commitzero/dist/esm/utils/time.js": {"lines":{"total":26,"covered":26,"skipped":0,"pct":100},"functions":{"total":2,"covered":2,"skipped":0,"pct":100},"statements":{"total":26,"covered":26,"skipped":0,"pct":100},"branches":{"total":23,"covered":23,"skipped":0,"pct":100}}
,"/Users/gilsongabriel/Dev/CMS/Commitzero/dist/esm/version/check.js": {"lines":{"total":121,"covered":82,"skipped":0,"pct":67.76},"functions":{"total":10,"covered":8,"skipped":0,"pct":80},"statements":{"total":121,"covered":82,"skipped":0,"pct":67.76},"branches":{"total":31,"covered":21,"skipped":0,"pct":67.74}}
,"/Users/gilsongabriel/Dev/CMS/Commitzero/test/integration/cleanup.test.ts": {"lines":{"total":89,"covered":89,"skipped":0,"pct":100},"functions":{"total":0,"covered":0,"skipped":0,"pct":100},"statements":{"total":89,"covered":89,"skipped":0,"pct":100},"branches":{"total":3,"covered":3,"skipped":0,"pct":100}}
,"/Users/gilsongabriel/Dev/CMS/Commitzero/test/integration/cli.test.ts": {"lines":{"total":445,"covered":445,"skipped":0,"pct":100},"functions":{"total":0,"covered":0,"skipped":0,"pct":100},"statements":{"total":445,"covered":445,"skipped":0,"pct":100},"branches":{"total":38,"covered":19,"skipped":0,"pct":50}}
,"/Users/gilsongabriel/Dev/CMS/Commitzero/test/integration/precommit.test.ts": {"lines":{"total":258,"covered":258,"skipped":0,"pct":100},"functions":{"total":0,"covered":0,"skipped":0,"pct":100},"statements":{"total":258,"covered":258,"skipped":0,"pct":100},"branches":{"total":17,"covered":8,"skipped":0,"pct":47.05}}
,"/Users/gilsongabriel/Dev/CMS/Commitzero/test/unit/branches.test.ts": {"lines":{"total":211,"covered":210,"skipped":0,"pct":99.52},"functions":{"total":2,"covered":2,"skipped":0,"pct":100},"statements":{"total":211,"covered":210,"skipped":0,"pct":99.52},"branches":{"total":25,"covered":23,"skipped":0,"pct":92}}
,"/Users/gilsongabriel/Dev/CMS/Commitzero/test/unit/commit.test.ts": {"lines":{"total":140,"covered":133,"skipped":0,"pct":95},"functions":{"total":5,"covered":5,"skipped":0,"pct":100},"statements":{"total":140,"covered":133,"skipped":0,"pct":95},"branches":{"total":29,"covered":19,"skipped":0,"pct":65.51}}
,"/Users/gilsongabriel/Dev/CMS/Commitzero/test/unit/formatter.test.ts": {"lines":{"total":51,"covered":51,"skipped":0,"pct":100},"functions":{"total":0,"covered":0,"skipped":0,"pct":100},"statements":{"total":51,"covered":51,"skipped":0,"pct":100},"branches":{"total":4,"covered":4,"skipped":0,"pct":100}}
,"/Users/gilsongabriel/Dev/CMS/Commitzero/test/unit/hooks-install.test.ts": {"lines":{"total":197,"covered":197,"skipped":0,"pct":100},"functions":{"total":2,"covered":2,"skipped":0,"pct":100},"statements":{"total":197,"covered":197,"skipped":0,"pct":100},"branches":{"total":17,"covered":13,"skipped":0,"pct":76.47}}
,"/Users/gilsongabriel/Dev/CMS/Commitzero/test/unit/load-config.test.ts": {"lines":{"total":92,"covered":91,"skipped":0,"pct":98.91},"functions":{"total":1,"covered":1,"skipped":0,"pct":100},"statements":{"total":92,"covered":91,"skipped":0,"pct":98.91},"branches":{"total":7,"covered":5,"skipped":0,"pct":71.42}}
,"/Users/gilsongabriel/Dev/CMS/Commitzero/test/unit/parser.test.ts": {"lines":{"total":20,"covered":20,"skipped":0,"pct":100},"functions":{"total":0,"covered":0,"skipped":0,"pct":100},"statements":{"total":20,"covered":20,"skipped":0,"pct":100},"branches":{"total":2,"covered":2,"skipped":0,"pct":100}}
,"/Users/gilsongabriel/Dev/CMS/Commitzero/test/unit/rules.test.ts": {"lines":{"total":31,"covered":31,"skipped":0,"pct":100},"functions":{"total":0,"covered":0,"skipped":0,"pct":100},"statements":{"total":31,"covered":31,"skipped":0,"pct":100},"branches":{"total":4,"covered":4,"skipped":0,"pct":100}}
,"/Users/gilsongabriel/Dev/CMS/Commitzero/test/unit/select.test.ts": {"lines":{"total":122,"covered":122,"skipped":0,"pct":100},"functions":{"total":4,"covered":4,"skipped":0,"pct":100},"statements":{"total":122,"covered":122,"skipped":0,"pct":100},"branches":{"total":10,"covered":10,"skipped":0,"pct":100}}
}
