TN:
SF:src/cli/colors.ts
FN:6,enabled
FN:13,wrap
FN:19,bold
FN:20,dim
FN:21,red
FN:22,green
FN:23,yellow
FN:24,blue
FN:25,magenta
FN:26,cyan
FN:27,gray
FNF:11
FNH:7
FNDA:28,enabled
FNDA:28,wrap
FNDA:13,bold
FNDA:0,dim
FNDA:4,red
FNDA:3,green
FNDA:2,yellow
FNDA:0,blue
FNDA:0,magenta
FNDA:6,cyan
FNDA:0,gray
DA:1,1
DA:2,1
DA:3,1
DA:4,1
DA:5,1
DA:6,28
DA:7,28
DA:8,28
DA:9,28
DA:10,28
DA:11,28
DA:12,1
DA:13,28
DA:14,28
DA:15,28
DA:16,28
DA:17,1
DA:18,1
DA:19,1
DA:20,1
DA:21,1
DA:22,1
DA:23,1
DA:24,1
DA:25,1
DA:26,1
DA:27,1
DA:28,1
LF:28
LH:28
BRDA:6,0,0,28
BRDA:10,1,0,0
BRDA:13,2,0,28
BRDA:14,3,0,0
BRDA:19,4,0,13
BRDA:21,5,0,4
BRDA:22,6,0,3
BRDA:23,7,0,2
BRDA:26,8,0,6
BRF:9
BRH:7
end_of_record
TN:
SF:src/cli/index.ts
FN:15,printHelp
FN:38,sanitizeInput
FN:45,main
FNF:3
FNH:3
FNDA:4,printHelp
FNDA:6,sanitizeInput
FNDA:25,main
DA:1,1
DA:2,1
DA:3,1
DA:4,1
DA:5,1
DA:6,1
DA:7,1
DA:8,1
DA:9,1
DA:10,1
DA:11,1
DA:12,1
DA:13,1
DA:14,1
DA:15,4
DA:16,4
DA:17,4
DA:18,4
DA:19,4
DA:20,4
DA:21,4
DA:22,4
DA:23,0
DA:24,0
DA:25,0
DA:26,0
DA:27,0
DA:28,0
DA:29,0
DA:30,0
DA:31,0
DA:32,0
DA:33,0
DA:34,0
DA:35,4
DA:36,4
DA:37,1
DA:38,6
DA:39,6
DA:40,6
DA:41,6
DA:42,6
DA:43,6
DA:44,1
DA:45,25
DA:46,25
DA:47,25
DA:48,25
DA:49,25
DA:50,2
DA:51,2
DA:52,2
DA:53,23
DA:54,23
DA:55,23
DA:56,25
DA:57,2
DA:58,2
DA:59,2
DA:60,2
DA:61,2
DA:62,21
DA:63,21
DA:64,21
DA:65,3
DA:66,3
DA:67,3
DA:68,18
DA:69,6
DA:70,6
DA:71,6
DA:72,6
DA:73,3
DA:74,3
DA:75,2
DA:76,3
DA:77,1
DA:78,1
DA:79,1
DA:80,5
DA:81,5
DA:82,5
DA:83,5
DA:84,5
DA:85,2
DA:86,2
DA:87,2
DA:88,2
DA:89,2
DA:90,2
DA:91,2
DA:92,2
DA:93,2
DA:94,2
DA:95,2
DA:96,2
DA:97,2
DA:98,0
DA:99,0
DA:100,0
DA:101,0
DA:102,2
DA:103,2
DA:104,2
DA:105,2
DA:106,2
DA:107,2
DA:108,2
DA:109,2
DA:110,2
DA:111,2
DA:112,0
DA:113,0
DA:114,0
DA:115,0
DA:116,0
DA:117,0
DA:118,0
DA:119,2
DA:120,5
DA:121,3
DA:122,0
DA:123,0
DA:124,0
DA:125,0
DA:126,0
DA:127,0
DA:128,3
DA:129,3
DA:130,3
DA:131,3
DA:132,12
DA:133,12
DA:134,2
DA:135,2
DA:136,2
DA:137,2
DA:138,2
DA:139,2
DA:140,2
DA:141,0
DA:142,0
DA:143,0
DA:144,0
DA:145,0
DA:146,0
DA:147,0
DA:148,0
DA:149,0
DA:150,0
DA:151,0
DA:152,0
DA:153,0
DA:154,0
DA:155,0
DA:156,0
DA:157,0
DA:158,0
DA:159,0
DA:160,0
DA:161,0
DA:162,0
DA:163,0
DA:164,0
DA:165,0
DA:166,0
DA:167,0
DA:168,0
DA:169,1
DA:170,1
DA:171,1
DA:172,1
DA:173,1
DA:174,2
DA:175,10
DA:176,10
DA:177,1
DA:178,1
DA:179,1
DA:180,1
DA:181,9
DA:182,9
DA:183,1
DA:184,1
DA:185,1
DA:186,1
DA:187,1
DA:188,8
DA:189,8
DA:190,1
DA:191,1
DA:192,1
DA:193,1
DA:194,1
DA:195,7
DA:196,7
DA:197,0
DA:198,0
DA:199,0
DA:200,0
DA:201,0
DA:202,0
DA:203,0
DA:204,0
DA:205,0
DA:206,7
DA:207,7
DA:208,7
DA:209,7
DA:210,7
DA:211,4
DA:212,4
DA:213,0
DA:214,0
DA:215,0
DA:216,0
DA:217,4
DA:218,4
DA:219,4
DA:220,4
DA:221,0
DA:222,0
DA:223,0
DA:224,0
DA:225,4
DA:226,4
DA:227,4
DA:228,4
DA:229,4
DA:230,2
DA:231,1
DA:232,1
DA:233,1
DA:234,1
DA:235,1
DA:236,1
DA:237,1
DA:238,1
DA:239,2
DA:240,2
DA:241,2
DA:242,1
DA:243,1
DA:244,1
DA:245,1
DA:246,1
DA:247,1
DA:248,1
DA:249,1
DA:250,1
DA:251,1
DA:252,4
DA:253,3
DA:254,3
DA:255,3
DA:256,3
DA:257,7
DA:258,7
DA:259,1
DA:260,1
DA:261,1
DA:262,2
DA:263,4
DA:264,4
DA:265,4
DA:266,4
DA:267,4
DA:268,4
DA:269,4
DA:270,4
DA:271,4
DA:272,4
DA:273,1
DA:274,1
DA:275,1
DA:276,1
DA:277,1
DA:278,4
DA:279,1
DA:280,1
DA:281,1
DA:282,0
DA:283,0
DA:284,0
DA:285,1
DA:286,1
DA:287,0
DA:288,0
DA:289,1
LF:289
LH:210
BRDA:15,0,0,4
BRDA:21,1,0,0
BRDA:22,2,0,0
BRDA:38,3,0,6
BRDA:45,4,0,25
BRDA:48,5,0,20
BRDA:49,6,0,24
BRDA:49,7,0,2
BRDA:53,8,0,23
BRDA:56,9,0,22
BRDA:56,10,0,22
BRDA:56,11,0,22
BRDA:56,12,0,23
BRDA:56,13,0,2
BRDA:62,14,0,21
BRDA:64,15,0,3
BRDA:68,16,0,18
BRDA:68,17,0,6
BRDA:72,18,0,3
BRDA:72,19,0,3
BRDA:74,20,0,2
BRDA:74,21,0,2
BRDA:76,22,0,1
BRDA:80,23,0,5
BRDA:84,24,0,2
BRDA:90,25,0,0
BRDA:94,26,0,0
BRDA:97,27,0,0
BRDA:111,28,0,0
BRDA:120,29,0,3
BRDA:121,30,0,0
BRDA:132,31,0,12
BRDA:133,32,0,2
BRDA:140,33,0,1
BRDA:140,34,0,0
BRDA:175,35,0,10
BRDA:176,36,0,1
BRDA:181,37,0,9
BRDA:182,38,0,1
BRDA:184,39,0,0
BRDA:188,40,0,8
BRDA:189,41,0,1
BRDA:191,42,0,0
BRDA:195,43,0,7
BRDA:196,44,0,0
BRDA:210,45,0,5
BRDA:210,46,0,4
BRDA:212,47,0,0
BRDA:220,48,0,0
BRDA:220,49,0,0
BRDA:228,50,0,0
BRDA:229,51,0,2
BRDA:230,52,0,1
BRDA:241,53,0,1
BRDA:253,54,0,3
BRDA:256,55,0,2
BRDA:257,56,0,1
BRDA:258,57,0,3
BRDA:258,58,0,1
BRDA:262,59,0,2
BRDA:262,60,0,4
BRDA:271,61,0,2
BRDA:272,62,0,1
BRDA:273,63,0,0
BRDA:274,64,0,0
BRDA:279,65,0,1
BRDA:282,66,0,0
BRDA:88,67,0,2
BRF:68
BRH:50
end_of_record
TN:
SF:src/cli/commands/commit.ts
FN:16,ask
FN:30,interactiveCommit
FNF:2
FNH:0
FNDA:0,ask
FNDA:0,interactiveCommit
DA:1,1
DA:2,1
DA:3,1
DA:4,1
DA:5,1
DA:6,1
DA:7,1
DA:8,1
DA:9,1
DA:10,1
DA:11,1
DA:12,1
DA:13,1
DA:14,1
DA:15,1
DA:16,0
DA:17,0
DA:18,0
DA:19,0
DA:20,0
DA:21,0
DA:22,0
DA:23,0
DA:24,0
DA:25,0
DA:26,0
DA:27,0
DA:28,0
DA:29,1
DA:30,1
DA:31,0
DA:32,0
DA:33,0
DA:34,0
DA:35,0
DA:36,0
DA:37,0
DA:38,0
DA:39,0
DA:40,0
DA:41,0
DA:42,0
DA:43,0
DA:44,0
DA:45,0
DA:46,0
DA:47,0
DA:48,0
DA:49,0
DA:50,0
DA:51,0
DA:52,0
DA:53,0
DA:54,0
DA:55,0
DA:56,0
DA:57,0
DA:58,0
DA:59,0
DA:60,0
DA:61,0
DA:62,0
DA:63,0
DA:64,0
DA:65,0
DA:66,0
DA:67,0
DA:68,0
DA:69,0
DA:70,0
DA:71,0
DA:72,0
DA:73,0
DA:74,0
DA:75,0
DA:76,0
DA:77,0
DA:78,0
DA:79,0
DA:80,0
DA:81,0
DA:82,0
DA:83,0
DA:84,0
DA:85,0
DA:86,0
DA:87,0
DA:88,0
DA:89,0
DA:90,0
DA:91,0
DA:92,0
DA:93,0
DA:94,0
DA:95,0
DA:96,0
DA:97,0
DA:98,0
DA:99,0
DA:100,0
DA:101,0
DA:102,0
DA:103,0
DA:104,0
DA:105,0
DA:106,0
DA:107,0
DA:108,0
DA:109,0
DA:110,0
DA:111,0
DA:112,0
DA:113,0
DA:114,0
DA:115,0
DA:116,0
DA:117,0
DA:118,0
DA:119,0
DA:120,0
DA:121,0
DA:122,0
DA:123,0
DA:124,0
DA:125,0
DA:126,0
DA:127,0
DA:128,0
DA:129,0
DA:130,0
DA:131,0
DA:132,0
DA:133,0
DA:134,0
DA:135,0
DA:136,0
DA:137,0
DA:138,0
DA:139,0
DA:140,0
DA:141,0
DA:142,0
DA:143,0
DA:144,0
DA:145,0
DA:146,0
DA:147,0
DA:148,0
DA:149,0
DA:150,0
DA:151,0
DA:152,0
DA:153,0
DA:154,0
DA:155,0
DA:156,0
DA:157,0
DA:158,0
DA:159,0
DA:160,0
DA:161,0
DA:162,0
DA:163,0
DA:164,0
DA:165,0
DA:166,0
DA:167,0
DA:168,0
DA:169,0
DA:170,0
DA:171,0
DA:172,0
DA:173,0
DA:174,0
DA:175,0
DA:176,0
DA:177,0
DA:178,0
DA:179,0
DA:180,0
DA:181,0
DA:182,0
DA:183,0
DA:184,0
DA:185,0
DA:186,0
DA:187,0
DA:188,0
DA:189,0
DA:190,0
DA:191,0
DA:192,0
DA:193,0
DA:194,0
DA:195,0
DA:196,0
DA:197,0
DA:198,0
DA:199,0
DA:200,0
DA:201,0
DA:202,0
DA:203,0
DA:204,0
DA:205,0
DA:206,0
DA:207,0
DA:208,0
DA:209,0
DA:210,0
DA:211,0
DA:212,0
DA:213,0
DA:214,0
DA:215,0
DA:216,0
DA:217,0
DA:218,0
DA:219,0
DA:220,0
DA:221,0
DA:222,0
DA:223,0
DA:224,0
DA:225,0
DA:226,0
DA:227,0
DA:228,0
DA:229,0
DA:230,0
DA:231,0
DA:232,0
DA:233,0
DA:234,0
DA:235,0
DA:236,0
DA:237,0
DA:238,0
DA:239,0
DA:240,0
DA:241,0
DA:242,0
DA:243,0
DA:244,0
DA:245,0
DA:246,0
DA:247,0
DA:248,0
DA:249,0
DA:250,0
DA:251,0
DA:252,0
DA:253,0
DA:254,0
DA:255,0
DA:256,0
DA:257,0
DA:258,0
DA:259,0
DA:260,0
DA:261,0
DA:262,0
DA:263,0
DA:264,0
DA:265,0
DA:266,0
DA:267,0
DA:268,0
DA:269,0
DA:270,0
DA:271,0
DA:272,0
DA:273,0
DA:274,0
LF:274
LH:17
BRF:0
BRH:0
end_of_record
TN:
SF:src/cli/commands/init.ts
FN:7,ask
FN:21,initConfig
FNF:2
FNH:1
FNDA:0,ask
FNDA:3,initConfig
DA:1,1
DA:2,1
DA:3,1
DA:4,1
DA:5,1
DA:6,1
DA:7,0
DA:8,0
DA:9,0
DA:10,0
DA:11,0
DA:12,0
DA:13,0
DA:14,0
DA:15,0
DA:16,0
DA:17,0
DA:18,0
DA:19,0
DA:20,1
DA:21,1
DA:22,3
DA:23,3
DA:24,3
DA:25,3
DA:26,3
DA:27,1
DA:28,1
DA:29,1
DA:30,1
DA:31,1
DA:32,0
DA:33,0
DA:34,0
DA:35,0
DA:36,0
DA:37,0
DA:38,0
DA:39,0
DA:40,0
DA:41,0
DA:42,0
DA:43,0
DA:44,0
DA:45,0
DA:46,0
DA:47,0
DA:48,1
DA:49,1
DA:50,0
DA:51,0
DA:52,0
DA:53,0
DA:54,0
DA:55,1
DA:56,2
DA:57,2
DA:58,2
DA:59,2
DA:60,2
DA:61,2
DA:62,2
DA:63,2
DA:64,2
DA:65,2
DA:66,2
DA:67,2
DA:68,2
DA:69,2
DA:70,2
DA:71,2
DA:72,2
DA:73,2
DA:74,2
DA:75,2
DA:76,2
DA:77,2
DA:78,3
DA:79,3
DA:80,3
DA:81,3
DA:82,0
DA:83,2
DA:84,2
DA:85,2
DA:86,3
LF:86
LH:51
BRDA:21,0,0,3
BRDA:26,1,0,1
BRDA:32,2,0,0
BRDA:49,3,0,0
BRDA:56,4,0,2
BRDA:78,5,0,0
BRDA:78,6,0,2
BRDA:81,7,0,2
BRDA:81,8,0,0
BRF:9
BRH:5
end_of_record
TN:
SF:src/cli/commands/select.ts
FN:9,hideCursor
FN:13,showCursor
FN:17,enterAltScreen
FN:21,exitAltScreen
FN:25,clearLine
FN:29,clearScreen
FN:33,cursorHome
FN:37,saveCursor
FN:41,restoreCursor
FN:45,renderPrompt
FN:50,renderItems
FN:68,select
FN:101,cleanup
FN:129,onData
FNF:14
FNH:10
FNDA:4,hideCursor
FNDA:4,showCursor
FNDA:0,enterAltScreen
FNDA:0,exitAltScreen
FNDA:21,clearLine
FNDA:0,clearScreen
FNDA:0,cursorHome
FNDA:4,saveCursor
FNDA:2,restoreCursor
FNDA:6,renderPrompt
FNDA:6,renderItems
FNDA:6,select
FNDA:4,cleanup
FNDA:6,onData
DA:1,1
DA:2,1
DA:3,1
DA:4,1
DA:5,1
DA:6,1
DA:7,1
DA:8,1
DA:9,4
DA:10,4
DA:11,4
DA:12,1
DA:13,4
DA:14,4
DA:15,4
DA:16,1
DA:17,0
DA:18,0
DA:19,0
DA:20,1
DA:21,0
DA:22,0
DA:23,0
DA:24,1
DA:25,21
DA:26,21
DA:27,21
DA:28,1
DA:29,0
DA:30,0
DA:31,0
DA:32,1
DA:33,0
DA:34,0
DA:35,0
DA:36,1
DA:37,4
DA:38,4
DA:39,4
DA:40,1
DA:41,2
DA:42,2
DA:43,2
DA:44,1
DA:45,6
DA:46,6
DA:47,6
DA:48,6
DA:49,1
DA:50,6
DA:51,6
DA:52,6
DA:53,6
DA:54,6
DA:55,6
DA:56,14
DA:57,14
DA:58,14
DA:59,14
DA:60,14
DA:61,14
DA:62,14
DA:63,14
DA:64,14
DA:65,6
DA:66,6
DA:67,1
DA:68,1
DA:69,6
DA:70,6
DA:71,6
DA:72,6
DA:73,6
DA:74,6
DA:75,6
DA:76,6
DA:77,6
DA:78,2
DA:79,2
DA:80,4
DA:81,4
DA:82,6
DA:83,6
DA:84,6
DA:85,6
DA:86,6
DA:87,4
DA:88,6
DA:89,0
DA:90,0
DA:91,0
DA:92,4
DA:93,6
DA:94,1
DA:95,1
DA:96,1
DA:97,1
DA:98,4
DA:99,4
DA:100,4
DA:101,4
DA:102,4
DA:103,4
DA:104,4
DA:105,4
DA:106,4
DA:107,4
DA:108,4
DA:109,4
DA:110,4
DA:111,4
DA:112,4
DA:113,4
DA:114,4
DA:115,4
DA:116,4
DA:117,4
DA:118,0
DA:119,0
DA:120,4
DA:121,4
DA:122,4
DA:123,4
DA:124,4
DA:125,4
DA:126,4
DA:127,4
DA:128,4
DA:129,4
DA:130,6
DA:131,6
DA:132,0
DA:133,0
DA:134,0
DA:135,0
DA:136,0
DA:137,0
DA:138,0
DA:139,0
DA:140,0
DA:141,0
DA:142,0
DA:143,0
DA:144,0
DA:145,0
DA:146,0
DA:147,0
DA:148,0
DA:149,0
DA:150,0
DA:151,0
DA:152,0
DA:153,0
DA:154,0
DA:155,0
DA:156,6
DA:157,1
DA:158,1
DA:159,0
DA:160,0
DA:161,0
DA:162,0
DA:163,0
DA:164,0
DA:165,0
DA:166,0
DA:167,0
DA:168,1
DA:169,1
DA:170,1
DA:171,1
DA:172,0
DA:173,0
DA:174,0
DA:175,0
DA:176,1
DA:177,1
DA:178,1
DA:179,1
DA:180,1
DA:181,6
DA:182,3
DA:183,3
DA:184,3
DA:185,6
DA:186,1
DA:187,1
DA:188,1
DA:189,6
DA:190,0
DA:191,0
DA:192,0
DA:193,0
DA:194,0
DA:195,0
DA:196,0
DA:197,0
DA:198,0
DA:199,0
DA:200,0
DA:201,0
DA:202,0
DA:203,0
DA:204,0
DA:205,0
DA:206,0
DA:207,0
DA:208,0
DA:209,0
DA:210,0
DA:211,0
DA:212,0
DA:213,0
DA:214,1
DA:215,1
DA:216,1
DA:217,0
DA:218,0
DA:219,0
DA:220,0
DA:221,0
DA:222,0
DA:223,0
DA:224,0
DA:225,0
DA:226,1
DA:227,1
DA:228,1
DA:229,1
DA:230,0
DA:231,0
DA:232,0
DA:233,0
DA:234,1
DA:235,1
DA:236,1
DA:237,1
DA:238,1
DA:239,6
DA:240,6
DA:241,6
LF:241
LH:150
BRDA:9,0,0,4
BRDA:13,1,0,4
BRDA:25,2,0,21
BRDA:37,3,0,4
BRDA:41,4,0,2
BRDA:45,5,0,6
BRDA:50,6,0,6
BRDA:55,7,0,14
BRDA:57,8,0,6
BRDA:57,9,0,8
BRDA:58,10,0,0
BRDA:59,11,0,6
BRDA:59,12,0,8
BRDA:60,13,0,0
BRDA:62,14,0,0
BRDA:53,15,0,14
BRDA:53,16,0,0
BRDA:68,17,0,6
BRDA:73,18,0,6
BRDA:77,19,0,2
BRDA:78,20,0,1
BRDA:80,21,0,4
BRDA:85,22,0,0
BRDA:86,23,0,0
BRDA:87,24,0,4
BRDA:88,25,0,0
BRDA:92,26,0,4
BRDA:93,27,0,1
BRDA:98,28,0,4
BRDA:101,29,0,4
BRDA:102,30,0,0
BRDA:106,31,0,0
BRDA:109,32,0,0
BRDA:113,33,0,0
BRDA:117,34,0,0
BRDA:120,35,0,0
BRDA:122,36,0,0
BRDA:123,37,0,0
BRDA:126,38,0,0
BRDA:129,39,0,6
BRDA:131,40,0,0
BRDA:156,41,0,1
BRDA:158,42,0,0
BRDA:171,43,0,0
BRDA:181,44,0,5
BRDA:181,45,0,2
BRDA:181,46,0,3
BRDA:185,47,0,2
BRDA:185,48,0,1
BRDA:189,49,0,0
BRDA:214,50,0,1
BRDA:216,51,0,0
BRDA:229,52,0,0
BRF:53
BRH:31
end_of_record
TN:
SF:src/config/load.ts
FN:17,loadConfig
FNF:1
FNH:1
FNDA:29,loadConfig
DA:1,1
DA:2,1
DA:3,1
DA:4,1
DA:5,1
DA:6,1
DA:7,1
DA:8,1
DA:9,1
DA:10,1
DA:11,1
DA:12,1
DA:13,1
DA:14,1
DA:15,1
DA:16,1
DA:17,29
DA:18,29
DA:19,29
DA:20,29
DA:21,11
DA:22,11
DA:23,11
DA:24,11
DA:25,0
DA:26,0
DA:27,11
DA:28,18
DA:29,0
DA:30,0
DA:31,0
DA:32,0
DA:33,0
DA:34,0
DA:35,0
DA:36,0
DA:37,0
DA:38,18
DA:39,18
LF:39
LH:28
BRDA:17,0,0,29
BRDA:20,1,0,11
BRDA:24,2,0,0
BRDA:28,3,0,18
BRDA:28,4,0,0
BRF:5
BRH:3
end_of_record
TN:
SF:src/core/formatter.ts
FN:3,formatMessage
FN:3,formatMessage
FNF:2
FNH:1
FNDA:0,formatMessage
FNDA:4,formatMessage
DA:1,2
DA:2,2
DA:3,1
DA:4,4
DA:5,4
DA:6,4
DA:7,4
DA:8,4
DA:9,4
DA:10,1
DA:11,1
DA:12,4
DA:13,4
LF:13
LH:13
BRDA:3,0,0,4
BRDA:4,1,0,2
BRDA:4,2,0,2
BRDA:5,3,0,1
BRDA:5,4,0,1
BRDA:5,5,0,3
BRDA:8,6,0,1
BRDA:9,7,0,1
BRDA:9,8,0,1
BRDA:10,9,0,2
BRF:10
BRH:10
end_of_record
TN:
SF:src/core/parser.ts
FN:3,parseMessage
FN:3,parseMessage
FNF:2
FNH:2
FNDA:6,parseMessage
FNDA:8,parseMessage
DA:1,2
DA:2,2
DA:3,7
DA:4,8
DA:5,8
DA:6,8
DA:7,8
DA:8,8
DA:9,8
DA:10,8
DA:11,8
DA:12,8
DA:13,8
DA:14,8
DA:15,8
DA:16,8
DA:17,8
DA:18,8
DA:19,8
DA:20,8
DA:21,8
DA:22,8
DA:23,8
DA:24,8
DA:25,8
DA:26,10
DA:27,10
DA:28,2
DA:29,2
DA:30,10
DA:31,8
DA:32,8
DA:33,10
DA:34,8
DA:35,8
DA:36,8
DA:37,8
DA:38,8
DA:39,8
DA:40,8
DA:41,8
DA:42,2
DA:43,2
DA:44,2
DA:45,2
DA:46,8
DA:47,8
DA:48,8
DA:49,8
DA:50,8
DA:51,8
DA:52,8
DA:53,8
DA:54,8
DA:55,8
DA:56,8
DA:57,8
LF:57
LH:57
BRDA:3,0,0,6
BRDA:5,1,0,0
BRDA:10,2,0,0
BRDA:11,3,0,5
BRDA:12,4,0,0
BRDA:20,5,0,5
BRDA:20,6,0,3
BRDA:25,7,0,10
BRDA:27,8,0,2
BRDA:27,9,0,2
BRDA:35,10,0,3
BRDA:40,11,0,8
BRDA:42,12,0,2
BRDA:3,13,0,8
BRDA:30,14,0,8
BRDA:38,15,0,8
BRDA:41,16,0,6
BRDA:44,17,0,0
BRDA:43,18,0,6
BRF:19
BRH:15
end_of_record
TN:
SF:src/core/rules.ts
FN:68,lintCommit
FN:68,lintCommit
FNF:2
FNH:2
FNDA:6,lintCommit
FNDA:10,lintCommit
DA:1,2
DA:2,2
DA:3,2
DA:4,2
DA:5,2
DA:6,2
DA:7,2
DA:8,2
DA:9,2
DA:10,2
DA:11,2
DA:12,2
DA:13,2
DA:14,2
DA:15,2
DA:16,2
DA:17,2
DA:18,2
DA:19,2
DA:20,2
DA:21,2
DA:22,2
DA:23,2
DA:24,2
DA:25,2
DA:26,2
DA:27,2
DA:28,2
DA:29,2
DA:30,2
DA:31,2
DA:32,2
DA:33,2
DA:34,2
DA:35,2
DA:36,2
DA:37,2
DA:38,2
DA:39,2
DA:40,2
DA:41,2
DA:42,2
DA:43,2
DA:44,2
DA:45,2
DA:46,2
DA:47,2
DA:48,2
DA:49,2
DA:50,2
DA:51,2
DA:52,2
DA:53,2
DA:54,2
DA:55,2
DA:56,2
DA:57,2
DA:58,2
DA:59,2
DA:60,2
DA:61,2
DA:62,2
DA:63,2
DA:64,2
DA:65,2
DA:66,2
DA:67,2
DA:68,7
DA:69,10
DA:70,10
DA:71,10
DA:72,10
DA:73,10
DA:74,10
DA:75,1
DA:76,1
DA:77,10
DA:78,10
DA:79,10
DA:80,0
DA:81,0
DA:82,10
DA:83,10
DA:84,0
DA:85,0
DA:86,10
DA:87,10
DA:88,0
DA:89,0
DA:90,10
DA:91,10
DA:92,10
DA:93,2
DA:94,2
DA:95,0
DA:96,0
DA:97,2
DA:98,0
DA:99,0
DA:100,2
DA:101,10
DA:102,10
DA:103,0
DA:104,0
DA:105,10
DA:106,10
DA:107,0
DA:108,0
DA:109,10
DA:110,10
DA:111,10
DA:112,0
DA:113,0
DA:114,10
DA:115,10
DA:116,10
DA:117,3
DA:118,3
DA:119,10
DA:120,10
DA:121,10
DA:122,0
DA:123,0
DA:124,10
DA:125,10
DA:126,10
DA:127,0
DA:128,0
DA:129,10
DA:130,10
DA:131,1
DA:132,1
DA:133,10
DA:134,10
DA:135,10
DA:136,0
DA:137,0
DA:138,0
DA:139,0
DA:140,10
DA:141,10
DA:142,10
LF:142
LH:118
BRDA:68,0,0,6
BRDA:72,1,0,0
BRDA:74,2,0,1
BRDA:79,3,0,0
BRDA:83,4,0,0
BRDA:83,5,0,0
BRDA:87,6,0,2
BRDA:87,7,0,0
BRDA:87,8,0,0
BRDA:92,9,0,2
BRDA:94,10,0,0
BRDA:97,11,0,0
BRDA:102,12,0,0
BRDA:106,13,0,0
BRDA:111,14,0,0
BRDA:116,15,0,4
BRDA:116,16,0,3
BRDA:121,17,0,0
BRDA:121,18,0,0
BRDA:125,19,0,4
BRDA:126,20,0,1
BRDA:126,21,0,0
BRDA:130,22,0,1
BRDA:130,23,0,1
BRDA:135,24,0,4
BRDA:135,25,0,0
BRDA:68,26,0,10
BRDA:121,27,0,6
BRF:28
BRH:13
end_of_record
TN:
SF:src/hooks/cleanup.ts
FN:5,removeManagedBlock
FN:25,findProjectRoot
FN:40,cleanupHooks
FNF:3
FNH:3
FNDA:4,removeManagedBlock
FNDA:2,findProjectRoot
FNDA:2,cleanupHooks
DA:1,1
DA:2,1
DA:3,1
DA:4,1
DA:5,4
DA:6,4
DA:7,4
DA:8,4
DA:9,4
DA:10,4
DA:11,4
DA:12,133
DA:13,1
DA:14,1
DA:15,1
DA:16,133
DA:17,1
DA:18,1
DA:19,1
DA:20,133
DA:21,133
DA:22,4
DA:23,4
DA:24,1
DA:25,2
DA:26,2
DA:27,2
DA:28,2
DA:29,2
DA:30,2
DA:31,2
DA:32,2
DA:33,0
DA:34,0
DA:35,0
DA:36,0
DA:37,0
DA:38,0
DA:39,1
DA:40,2
DA:41,2
DA:42,2
DA:43,2
DA:44,2
DA:45,2
DA:46,2
DA:47,2
DA:48,2
DA:49,2
DA:50,1
DA:51,1
DA:52,1
DA:53,1
DA:54,2
DA:55,2
DA:56,2
DA:57,2
DA:58,1
DA:59,1
DA:60,1
DA:61,1
DA:62,2
DA:63,2
DA:64,2
DA:65,2
DA:66,2
DA:67,2
DA:68,2
DA:69,2
DA:70,2
DA:71,2
DA:72,1
DA:73,1
DA:74,1
DA:75,0
DA:76,0
LF:76
LH:68
BRDA:74,0,0,0
BRDA:5,1,0,4
BRDA:11,2,0,133
BRDA:12,3,0,1
BRDA:16,4,0,132
BRDA:16,5,0,1
BRDA:20,6,0,131
BRDA:20,7,0,128
BRDA:25,8,0,2
BRDA:33,9,0,0
BRDA:40,10,0,2
BRDA:41,11,0,0
BRDA:41,12,0,0
BRDA:49,13,0,1
BRDA:54,14,0,0
BRDA:57,15,0,1
BRDA:62,16,0,0
BRDA:70,17,0,0
BRF:18
BRH:11
end_of_record
TN:
SF:src/hooks/install.ts
FN:10,ensureDir
FN:16,writeHook
FN:20,removeManagedBlock
FN:40,installHooks
FN:65,uninstallHooks
FNF:5
FNH:5
FNDA:1,ensureDir
FNDA:6,writeHook
FNDA:3,removeManagedBlock
FNDA:1,installHooks
FNDA:1,uninstallHooks
DA:1,1
DA:2,1
DA:3,1
DA:4,1
DA:5,1
DA:6,1
DA:7,1
DA:8,1
DA:9,1
DA:10,1
DA:11,1
DA:12,0
DA:13,0
DA:14,1
DA:15,1
DA:16,6
DA:17,6
DA:18,6
DA:19,1
DA:20,3
DA:21,3
DA:22,3
DA:23,3
DA:24,3
DA:25,3
DA:26,3
DA:27,181
DA:28,11
DA:29,11
DA:30,11
DA:31,181
DA:32,5
DA:33,5
DA:34,5
DA:35,181
DA:36,181
DA:37,3
DA:38,3
DA:39,1
DA:40,1
DA:41,1
DA:42,1
DA:43,1
DA:44,1
DA:45,1
DA:46,1
DA:47,1
DA:48,1
DA:49,1
DA:50,0
DA:51,0
DA:52,1
DA:53,1
DA:54,1
DA:55,1
DA:56,1
DA:57,1
DA:58,1
DA:59,1
DA:60,1
DA:61,1
DA:62,1
DA:63,1
DA:64,1
DA:65,1
DA:66,1
DA:67,1
DA:68,1
DA:69,1
DA:70,1
DA:71,1
DA:72,1
DA:73,1
DA:74,1
DA:75,0
DA:76,0
DA:77,1
DA:78,1
DA:79,1
DA:80,1
DA:81,1
DA:82,1
DA:83,1
DA:84,1
DA:85,1
DA:86,1
DA:87,1
DA:88,1
DA:89,1
DA:90,1
DA:91,1
DA:92,1
DA:93,1
DA:94,1
DA:95,1
DA:96,1
DA:97,1
DA:98,1
DA:99,1
DA:100,1
DA:101,1
LF:101
LH:95
BRDA:10,0,0,1
BRDA:11,1,0,0
BRDA:16,2,0,6
BRDA:20,3,0,3
BRDA:26,4,0,181
BRDA:27,5,0,11
BRDA:31,6,0,170
BRDA:31,7,0,5
BRDA:35,8,0,165
BRDA:35,9,0,125
BRDA:40,10,0,1
BRDA:49,11,0,0
BRDA:65,12,0,1
BRDA:74,13,0,0
BRDA:88,14,0,0
BRDA:94,15,0,0
BRDA:100,16,0,0
BRF:17
BRH:11
end_of_record
TN:
SF:src/hooks/scripts.ts
FN:3,commitMsgScript
FN:98,prepareCommitMsgScript
FN:110,preCommitScript
FNF:3
FNH:3
FNDA:1,commitMsgScript
FNDA:1,prepareCommitMsgScript
FNDA:1,preCommitScript
DA:1,1
DA:2,1
DA:3,1
DA:4,1
DA:5,1
DA:6,1
DA:7,1
DA:8,1
DA:9,1
DA:10,1
DA:11,1
DA:12,1
DA:13,1
DA:14,1
DA:15,1
DA:16,1
DA:17,1
DA:18,1
DA:19,1
DA:20,1
DA:21,1
DA:22,1
DA:23,1
DA:24,1
DA:25,1
DA:26,1
DA:27,1
DA:28,1
DA:29,1
DA:30,1
DA:31,1
DA:32,1
DA:33,1
DA:34,1
DA:35,1
DA:36,1
DA:37,1
DA:38,1
DA:39,1
DA:40,1
DA:41,1
DA:42,1
DA:43,1
DA:44,1
DA:45,1
DA:46,1
DA:47,1
DA:48,1
DA:49,1
DA:50,1
DA:51,1
DA:52,1
DA:53,1
DA:54,1
DA:55,1
DA:56,1
DA:57,1
DA:58,1
DA:59,1
DA:60,1
DA:61,1
DA:62,1
DA:63,1
DA:64,1
DA:65,1
DA:66,1
DA:67,1
DA:68,1
DA:69,1
DA:70,1
DA:71,1
DA:72,1
DA:73,1
DA:74,1
DA:75,1
DA:76,1
DA:77,1
DA:78,1
DA:79,1
DA:80,1
DA:81,1
DA:82,1
DA:83,1
DA:84,1
DA:85,1
DA:86,1
DA:87,1
DA:88,1
DA:89,1
DA:90,1
DA:91,1
DA:92,1
DA:93,1
DA:94,1
DA:95,1
DA:96,1
DA:97,1
DA:98,1
DA:99,1
DA:100,1
DA:101,1
DA:102,1
DA:103,1
DA:104,1
DA:105,1
DA:106,1
DA:107,1
DA:108,1
DA:109,1
DA:110,1
DA:111,1
DA:112,1
DA:113,1
DA:114,1
DA:115,1
DA:116,1
DA:117,1
DA:118,1
DA:119,1
DA:120,1
DA:121,1
DA:122,1
DA:123,1
DA:124,1
DA:125,1
DA:126,1
DA:127,1
DA:128,1
DA:129,1
DA:130,1
DA:131,1
DA:132,1
DA:133,1
DA:134,1
DA:135,1
DA:136,1
DA:137,1
DA:138,1
DA:139,1
DA:140,1
DA:141,1
DA:142,1
DA:143,1
DA:144,1
DA:145,1
DA:146,1
DA:147,1
DA:148,1
DA:149,1
DA:150,1
DA:151,1
DA:152,1
DA:153,1
DA:154,1
DA:155,1
DA:156,1
DA:157,1
DA:158,1
DA:159,1
DA:160,1
DA:161,1
DA:162,1
DA:163,1
DA:164,1
DA:165,1
DA:166,1
DA:167,1
DA:168,1
DA:169,1
DA:170,1
DA:171,1
DA:172,1
DA:173,1
DA:174,1
DA:175,1
DA:176,1
DA:177,1
DA:178,1
DA:179,1
DA:180,1
DA:181,1
DA:182,1
DA:183,1
DA:184,1
DA:185,1
DA:186,1
DA:187,1
DA:188,1
DA:189,1
DA:190,1
DA:191,1
DA:192,1
DA:193,1
DA:194,1
DA:195,1
DA:196,1
DA:197,1
DA:198,1
DA:199,1
DA:200,1
LF:200
LH:200
BRDA:3,0,0,1
BRDA:98,1,0,1
BRDA:110,2,0,1
BRF:3
BRH:3
end_of_record
TN:
SF:src/i18n/index.ts
FN:279,t
FN:279,t
FNF:2
FNH:2
FNDA:38,t
FNDA:41,t
DA:1,2
DA:2,2
DA:3,2
DA:4,2
DA:5,2
DA:6,2
DA:7,2
DA:8,2
DA:9,2
DA:10,2
DA:11,2
DA:12,2
DA:13,2
DA:14,2
DA:15,2
DA:16,2
DA:17,2
DA:18,2
DA:19,2
DA:20,2
DA:21,2
DA:22,2
DA:23,2
DA:24,2
DA:25,2
DA:26,2
DA:27,2
DA:28,2
DA:29,2
DA:30,2
DA:31,2
DA:32,2
DA:33,2
DA:34,2
DA:35,2
DA:36,2
DA:37,2
DA:38,2
DA:39,2
DA:40,2
DA:41,2
DA:42,2
DA:43,2
DA:44,2
DA:45,2
DA:46,2
DA:47,2
DA:48,2
DA:49,2
DA:50,2
DA:51,2
DA:52,2
DA:53,2
DA:54,2
DA:55,2
DA:56,2
DA:57,2
DA:58,2
DA:59,2
DA:60,2
DA:61,2
DA:62,2
DA:63,2
DA:64,2
DA:65,2
DA:66,2
DA:67,2
DA:68,2
DA:69,2
DA:70,2
DA:71,2
DA:72,2
DA:73,2
DA:74,2
DA:75,2
DA:76,2
DA:77,2
DA:78,2
DA:79,2
DA:80,2
DA:81,2
DA:82,2
DA:83,2
DA:84,2
DA:85,2
DA:86,2
DA:87,2
DA:88,2
DA:89,2
DA:90,2
DA:91,2
DA:92,2
DA:93,2
DA:94,2
DA:95,2
DA:96,2
DA:97,2
DA:98,2
DA:99,2
DA:100,2
DA:101,2
DA:102,2
DA:103,2
DA:104,2
DA:105,2
DA:106,2
DA:107,2
DA:108,2
DA:109,2
DA:110,2
DA:111,2
DA:112,2
DA:113,2
DA:114,2
DA:115,2
DA:116,2
DA:117,2
DA:118,2
DA:119,2
DA:120,2
DA:121,2
DA:122,2
DA:123,2
DA:124,2
DA:125,2
DA:126,2
DA:127,2
DA:128,2
DA:129,2
DA:130,2
DA:131,2
DA:132,2
DA:133,2
DA:134,2
DA:135,2
DA:136,2
DA:137,2
DA:138,2
DA:139,2
DA:140,2
DA:141,2
DA:142,2
DA:143,2
DA:144,2
DA:145,2
DA:146,2
DA:147,2
DA:148,2
DA:149,2
DA:150,2
DA:151,2
DA:152,2
DA:153,2
DA:154,2
DA:155,2
DA:156,2
DA:157,2
DA:158,2
DA:159,2
DA:160,2
DA:161,2
DA:162,2
DA:163,2
DA:164,2
DA:165,2
DA:166,2
DA:167,2
DA:168,2
DA:169,2
DA:170,2
DA:171,2
DA:172,2
DA:173,2
DA:174,2
DA:175,2
DA:176,2
DA:177,2
DA:178,2
DA:179,2
DA:180,2
DA:181,2
DA:182,2
DA:183,2
DA:184,2
DA:185,2
DA:186,2
DA:187,2
DA:188,2
DA:189,2
DA:190,2
DA:191,2
DA:192,2
DA:193,2
DA:194,2
DA:195,2
DA:196,2
DA:197,2
DA:198,2
DA:199,2
DA:200,2
DA:201,2
DA:202,2
DA:203,2
DA:204,2
DA:205,2
DA:206,2
DA:207,2
DA:208,2
DA:209,2
DA:210,2
DA:211,2
DA:212,2
DA:213,2
DA:214,2
DA:215,2
DA:216,2
DA:217,2
DA:218,2
DA:219,2
DA:220,2
DA:221,2
DA:222,2
DA:223,2
DA:224,2
DA:225,2
DA:226,2
DA:227,2
DA:228,2
DA:229,2
DA:230,2
DA:231,2
DA:232,2
DA:233,2
DA:234,2
DA:235,2
DA:236,2
DA:237,2
DA:238,2
DA:239,2
DA:240,2
DA:241,2
DA:242,2
DA:243,2
DA:244,2
DA:245,2
DA:246,2
DA:247,2
DA:248,2
DA:249,2
DA:250,2
DA:251,2
DA:252,2
DA:253,2
DA:254,2
DA:255,2
DA:256,2
DA:257,2
DA:258,2
DA:259,2
DA:260,2
DA:261,2
DA:262,2
DA:263,2
DA:264,2
DA:265,2
DA:266,2
DA:267,2
DA:268,2
DA:269,2
DA:270,2
DA:271,2
DA:272,2
DA:273,2
DA:274,2
DA:275,2
DA:276,2
DA:277,2
DA:278,2
DA:279,39
DA:280,41
DA:281,41
DA:282,41
DA:283,41
DA:284,41
DA:285,41
DA:286,41
DA:287,18
DA:288,18
DA:289,18
DA:290,18
DA:291,41
DA:292,41
LF:292
LH:292
BRDA:279,0,0,38
BRDA:284,1,0,0
BRDA:285,2,0,0
BRDA:286,3,0,18
BRDA:279,4,0,41
BRF:5
BRH:3
end_of_record
