TN:
SF:dist/cjs/cli/colors.js
FN:5,enabled
FN:11,wrap
FN:17,bold
FN:18,dim
FN:19,red
FN:20,green
FN:21,yellow
FN:22,blue
FN:23,magenta
FN:24,cyan
FN:25,gray
FNF:11
FNH:7
FNDA:55,enabled
FNDA:55,wrap
FNDA:22,bold
FNDA:0,dim
FNDA:2,red
FNDA:15,green
FNDA:1,yellow
FNDA:0,blue
FNDA:0,magenta
FNDA:15,cyan
FNDA:0,gray
DA:1,2
DA:2,2
DA:3,2
DA:4,2
DA:5,55
DA:6,55
DA:7,55
DA:8,55
DA:9,55
DA:10,55
DA:11,55
DA:12,55
DA:13,55
DA:14,55
DA:15,55
DA:16,2
DA:17,2
DA:18,2
DA:19,2
DA:20,2
DA:21,2
DA:22,2
DA:23,2
DA:24,2
DA:25,2
DA:26,2
LF:26
LH:26
BRDA:1,0,0,2
BRDA:5,1,0,55
BRDA:9,2,0,0
BRDA:11,3,0,55
BRDA:13,4,0,0
BRDA:17,5,0,22
BRDA:19,6,0,2
BRDA:20,7,0,15
BRDA:21,8,0,1
BRDA:24,9,0,15
BRF:10
BRH:8
end_of_record
TN:
SF:dist/cjs/cli/commands/commit.js
FN:6,get
FN:15,__setModuleDefault
FN:19,ownKeys
FN:20,ownKeys
FN:27,__importStar
FN:48,initTestAnswerCtx
FN:61,showSpinner
FN:74,runWithSpinner
FN:86,sanitizeInputSafe
FN:94,resolveCliVersionSuffix
FN:114,ensureGitAvailableInNodeTest
FN:122,isInteractiveInput
FN:128,isYesAnswer
FN:131,createYesNoValidator
FN:144,validateScopeValue
FN:155,promptScope
FN:164,promptCommitParts
FN:178,gitCommitEditMsg
FN:193,getCurrentBranchName
FN:209,getDefaultRemoteName
FN:227,gitPush
FN:245,pushAfterCommitIfNeeded
FN:273,sleepSync
FN:279,readGitErrorText
FN:305,isTransientGitError
FN:315,execGitUtf8
FN:321,execGitUtf8WithRetry
FN:336,parsePorcelainV1Z
FN:337,applyXY
FN:347,consumePath
FN:351,shouldConsumeSecondPath
FN:377,getGitStatusState
FN:402,hasStaged
FN:405,hasUnstagedChanges
FN:408,parseCount
FN:412,getAheadCount
FN:433,gitAddAll
FN:452,pushIfAhead
FN:484,promptAddIfNeeded
FN:511,getAddScenario
FN:523,handleNoChangesScenario
FN:532,handleAutoAddScenario
FN:537,handleAutoPushPromptScenario
FN:543,handlePromptAddAbortScenario
FN:553,checkAndAskForAdd
FN:572,selectCommitType
FN:589,promptCommitPartsSafely
FN:605,buildParsedCommit
FN:624,validateCommitOrExit
FN:635,writeAndPrintCommitMessage
FN:641,commitAndPush
FN:657,askWithCharacterCount
FN:659,readFromCtx
FN:681,resolveFromCtxIfAny
FN:694,promptWithCount
FN:720,maxLengthValidator
FN:747,updatePrompt
FN:770,showErrorAndContinue
FN:786,cleanup
FN:794,onSigInt
FN:798,handleEnter
FN:816,handleBackspace
FN:823,handleLeft
FN:829,handleRight
FN:835,handleHome
FN:839,handleEnd
FN:843,handleDelete
FN:849,handleChar
FN:858,onKeypress
FN:890,askWithValidation
FN:897,getValidationError
FN:907,readFromCtx
FN:916,readNonInteractive
FN:923,readInteractive
FN:957,interactiveCommit
FNF:75
FNH:46
FNDA:3,get
FNDA:0,__setModuleDefault
FNDA:1,ownKeys
FNDA:0,ownKeys
FNDA:1,__importStar
FNDA:5,initTestAnswerCtx
FNDA:3,showSpinner
FNDA:2,runWithSpinner
FNDA:8,sanitizeInputSafe
FNDA:5,resolveCliVersionSuffix
FNDA:5,ensureGitAvailableInNodeTest
FNDA:2,isInteractiveInput
FNDA:2,isYesAnswer
FNDA:2,createYesNoValidator
FNDA:2,validateScopeValue
FNDA:3,promptScope
FNDA:3,promptCommitParts
FNDA:2,gitCommitEditMsg
FNDA:0,getCurrentBranchName
FNDA:0,getDefaultRemoteName
FNDA:1,gitPush
FNDA:1,pushAfterCommitIfNeeded
FNDA:0,sleepSync
FNDA:0,readGitErrorText
FNDA:0,isTransientGitError
FNDA:14,execGitUtf8
FNDA:14,execGitUtf8WithRetry
FNDA:14,parsePorcelainV1Z
FNDA:12,applyXY
FNDA:12,consumePath
FNDA:0,shouldConsumeSecondPath
FNDA:14,getGitStatusState
FNDA:9,hasStaged
FNDA:5,hasUnstagedChanges
FNDA:0,parseCount
FNDA:0,getAheadCount
FNDA:1,gitAddAll
FNDA:0,pushIfAhead
FNDA:1,promptAddIfNeeded
FNDA:5,getAddScenario
FNDA:1,handleNoChangesScenario
FNDA:1,handleAutoAddScenario
FNDA:1,handleAutoPushPromptScenario
FNDA:0,handlePromptAddAbortScenario
FNDA:5,checkAndAskForAdd
FNDA:3,selectCommitType
FNDA:3,promptCommitPartsSafely
FNDA:2,buildParsedCommit
FNDA:2,validateCommitOrExit
FNDA:2,writeAndPrintCommitMessage
FNDA:2,commitAndPush
FNDA:7,askWithCharacterCount
FNDA:7,readFromCtx
FNDA:7,resolveFromCtxIfAny
FNDA:0,promptWithCount
FNDA:0,maxLengthValidator
FNDA:0,updatePrompt
FNDA:0,showErrorAndContinue
FNDA:0,cleanup
FNDA:0,onSigInt
FNDA:0,handleEnter
FNDA:0,handleBackspace
FNDA:0,handleLeft
FNDA:0,handleRight
FNDA:0,handleHome
FNDA:0,handleEnd
FNDA:0,handleDelete
FNDA:0,handleChar
FNDA:0,onKeypress
FNDA:2,askWithValidation
FNDA:2,getValidationError
FNDA:2,readFromCtx
FNDA:0,readNonInteractive
FNDA:0,readInteractive
FNDA:5,interactiveCommit
DA:1,1
DA:2,1
DA:3,8
DA:4,8
DA:5,8
DA:6,8
DA:7,8
DA:8,8
DA:9,1
DA:10,0
DA:11,0
DA:12,1
DA:13,1
DA:14,1
DA:15,1
DA:16,0
DA:17,1
DA:18,1
DA:19,1
DA:20,1
DA:21,0
DA:22,0
DA:23,0
DA:24,1
DA:25,1
DA:26,1
DA:27,1
DA:28,1
DA:29,1
DA:30,1
DA:31,1
DA:32,1
DA:33,1
DA:34,1
DA:35,1
DA:36,1
DA:37,1
DA:38,1
DA:39,1
DA:40,1
DA:41,1
DA:42,1
DA:43,1
DA:44,1
DA:45,1
DA:46,1
DA:47,1
DA:48,5
DA:49,5
DA:50,5
DA:51,5
DA:52,3
DA:53,3
DA:54,3
DA:55,2
DA:56,2
DA:57,5
DA:58,0
DA:59,0
DA:60,5
DA:61,3
DA:62,3
DA:63,3
DA:64,3
DA:65,3
DA:66,0
DA:67,0
DA:68,3
DA:69,3
DA:70,3
DA:71,3
DA:72,3
DA:73,3
DA:74,2
DA:75,2
DA:76,2
DA:77,2
DA:78,2
DA:79,2
DA:80,2
DA:81,2
DA:82,1
DA:83,1
DA:84,1
DA:85,2
DA:86,8
DA:87,8
DA:88,8
DA:89,8
DA:90,0
DA:91,8
DA:92,8
DA:93,8
DA:94,5
DA:95,5
DA:96,5
DA:97,5
DA:98,5
DA:99,5
DA:100,5
DA:101,5
DA:102,0
DA:103,0
DA:104,0
DA:105,0
DA:106,0
DA:107,0
DA:108,0
DA:109,0
DA:110,0
DA:111,0
DA:112,0
DA:113,5
DA:114,5
DA:115,5
DA:116,5
DA:117,3
DA:118,3
DA:119,3
DA:120,3
DA:121,5
DA:122,2
DA:123,2
DA:124,2
DA:125,2
DA:126,2
DA:127,2
DA:128,2
DA:129,2
DA:130,2
DA:131,2
DA:132,2
DA:133,2
DA:134,2
DA:135,2
DA:136,2
DA:137,2
DA:138,2
DA:139,2
DA:140,2
DA:141,2
DA:142,2
DA:143,2
DA:144,2
DA:145,2
DA:146,2
DA:147,2
DA:148,2
DA:149,2
DA:150,2
DA:151,2
DA:152,2
DA:153,2
DA:154,2
DA:155,3
DA:156,3
DA:157,3
DA:158,2
DA:159,2
DA:160,2
DA:161,0
DA:162,0
DA:163,3
DA:164,3
DA:165,3
DA:166,2
DA:167,2
DA:168,3
DA:169,2
DA:170,2
DA:171,2
DA:172,2
DA:173,2
DA:174,3
DA:175,3
DA:176,3
DA:177,3
DA:178,2
DA:179,2
DA:180,2
DA:181,2
DA:182,2
DA:183,2
DA:184,2
DA:185,0
DA:186,0
DA:187,2
DA:188,2
DA:189,2
DA:190,2
DA:191,2
DA:192,2
DA:193,0
DA:194,0
DA:195,0
DA:196,0
DA:197,0
DA:198,0
DA:199,0
DA:200,0
DA:201,0
DA:202,0
DA:203,0
DA:204,0
DA:205,0
DA:206,0
DA:207,0
DA:208,0
DA:209,0
DA:210,0
DA:211,0
DA:212,0
DA:213,0
DA:214,0
DA:215,0
DA:216,0
DA:217,0
DA:218,0
DA:219,0
DA:220,0
DA:221,0
DA:222,0
DA:223,0
DA:224,0
DA:225,0
DA:226,0
DA:227,1
DA:228,1
DA:229,1
DA:230,1
DA:231,1
DA:232,1
DA:233,1
DA:234,1
DA:235,0
DA:236,0
DA:237,0
DA:238,0
DA:239,0
DA:240,1
DA:241,1
DA:242,1
DA:243,1
DA:244,1
DA:245,1
DA:246,1
DA:247,1
DA:248,1
DA:249,1
DA:250,1
DA:251,1
DA:252,1
DA:253,1
DA:254,1
DA:255,1
DA:256,1
DA:257,0
DA:258,0
DA:259,0
DA:260,0
DA:261,0
DA:262,0
DA:263,0
DA:264,0
DA:265,0
DA:266,0
DA:267,0
DA:268,0
DA:269,0
DA:270,0
DA:271,0
DA:272,1
DA:273,0
DA:274,0
DA:275,0
DA:276,0
DA:277,0
DA:278,0
DA:279,0
DA:280,0
DA:281,0
DA:282,0
DA:283,0
DA:284,0
DA:285,0
DA:286,0
DA:287,0
DA:288,0
DA:289,0
DA:290,0
DA:291,0
DA:292,0
DA:293,0
DA:294,0
DA:295,0
DA:296,0
DA:297,0
DA:298,0
DA:299,0
DA:300,0
DA:301,0
DA:302,0
DA:303,0
DA:304,0
DA:305,0
DA:306,0
DA:307,0
DA:308,0
DA:309,0
DA:310,0
DA:311,0
DA:312,0
DA:313,0
DA:314,0
DA:315,14
DA:316,14
DA:317,14
DA:318,14
DA:319,14
DA:320,14
DA:321,14
DA:322,14
DA:323,14
DA:324,14
DA:325,14
DA:326,14
DA:327,14
DA:328,0
DA:329,0
DA:330,0
DA:331,0
DA:332,0
DA:333,14
DA:334,0
DA:335,14
DA:336,14
DA:337,14
DA:338,12
DA:339,0
DA:340,0
DA:341,0
DA:342,12
DA:343,12
DA:344,12
DA:345,12
DA:346,14
DA:347,14
DA:348,12
DA:349,12
DA:350,14
DA:351,14
DA:352,0
DA:353,14
DA:354,14
DA:355,14
DA:356,14
DA:357,14
DA:358,12
DA:359,0
DA:360,0
DA:361,0
DA:362,12
DA:363,12
DA:364,12
DA:365,12
DA:366,12
DA:367,12
DA:368,12
DA:369,12
DA:370,0
DA:371,12
DA:372,12
DA:373,0
DA:374,0
DA:375,14
DA:376,14
DA:377,14
DA:378,14
DA:379,14
DA:380,14
DA:381,14
DA:382,14
DA:383,0
DA:384,0
DA:385,0
DA:386,0
DA:387,0
DA:388,0
DA:389,0
DA:390,0
DA:391,0
DA:392,0
DA:393,0
DA:394,0
DA:395,0
DA:396,0
DA:397,0
DA:398,0
DA:399,0
DA:400,0
DA:401,14
DA:402,9
DA:403,9
DA:404,9
DA:405,5
DA:406,5
DA:407,5
DA:408,0
DA:409,0
DA:410,0
DA:411,0
DA:412,0
DA:413,0
DA:414,0
DA:415,0
DA:416,0
DA:417,0
DA:418,0
DA:419,0
DA:420,0
DA:421,0
DA:422,0
DA:423,0
DA:424,0
DA:425,0
DA:426,0
DA:427,0
DA:428,0
DA:429,0
DA:430,0
DA:431,0
DA:432,0
DA:433,1
DA:434,1
DA:435,1
DA:436,1
DA:437,1
DA:438,1
DA:439,1
DA:440,1
DA:441,1
DA:442,1
DA:443,1
DA:444,1
DA:445,0
DA:446,0
DA:447,0
DA:448,0
DA:449,0
DA:450,0
DA:451,1
DA:452,0
DA:453,0
DA:454,0
DA:455,0
DA:456,0
DA:457,0
DA:458,0
DA:459,0
DA:460,0
DA:461,0
DA:462,0
DA:463,0
DA:464,0
DA:465,0
DA:466,0
DA:467,0
DA:468,0
DA:469,0
DA:470,0
DA:471,0
DA:472,0
DA:473,0
DA:474,0
DA:475,0
DA:476,0
DA:477,0
DA:478,0
DA:479,0
DA:480,0
DA:481,0
DA:482,0
DA:483,0
DA:484,1
DA:485,1
DA:486,1
DA:487,1
DA:488,1
DA:489,1
DA:490,1
DA:491,1
DA:492,1
DA:493,0
DA:494,0
DA:495,0
DA:496,0
DA:497,0
DA:498,0
DA:499,0
DA:500,0
DA:501,0
DA:502,0
DA:503,0
DA:504,0
DA:505,0
DA:506,0
DA:507,0
DA:508,0
DA:509,0
DA:510,1
DA:511,5
DA:512,5
DA:513,5
DA:514,5
DA:515,5
DA:516,5
DA:517,5
DA:518,5
DA:519,5
DA:520,5
DA:521,2
DA:522,5
DA:523,1
DA:524,1
DA:525,0
DA:526,0
DA:527,0
DA:528,0
DA:529,1
DA:530,1
DA:531,1
DA:532,1
DA:533,1
DA:534,1
DA:535,1
DA:536,1
DA:537,1
DA:538,1
DA:539,1
DA:540,1
DA:541,1
DA:542,1
DA:543,0
DA:544,0
DA:545,0
DA:546,0
DA:547,0
DA:548,0
DA:549,0
DA:550,0
DA:551,0
DA:552,0
DA:553,5
DA:554,5
DA:555,5
DA:556,5
DA:557,5
DA:558,5
DA:559,5
DA:560,5
DA:561,1
DA:562,5
DA:563,1
DA:564,5
DA:565,1
DA:566,5
DA:567,0
DA:568,5
DA:569,2
DA:570,5
DA:571,5
DA:572,3
DA:573,3
DA:574,3
DA:575,33
DA:576,33
DA:577,33
DA:578,3
DA:579,3
DA:580,3
DA:581,3
DA:582,3
DA:583,3
DA:584,3
DA:585,3
DA:586,0
DA:587,0
DA:588,3
DA:589,3
DA:590,3
DA:591,3
DA:592,3
DA:593,3
DA:594,3
DA:595,1
DA:596,1
DA:597,3
DA:598,3
DA:599,3
DA:600,3
DA:601,3
DA:602,3
DA:603,3
DA:604,3
DA:605,2
DA:606,2
DA:607,2
DA:608,2
DA:609,2
DA:610,2
DA:611,2
DA:612,2
DA:613,2
DA:614,2
DA:615,2
DA:616,2
DA:617,2
DA:618,2
DA:619,2
DA:620,2
DA:621,2
DA:622,2
DA:623,2
DA:624,2
DA:625,2
DA:626,2
DA:627,0
DA:628,0
DA:629,0
DA:630,2
DA:631,0
DA:632,0
DA:633,2
DA:634,2
DA:635,2
DA:636,2
DA:637,2
DA:638,2
DA:639,2
DA:640,2
DA:641,2
DA:642,2
DA:643,2
DA:644,2
DA:645,2
DA:646,2
DA:647,1
DA:648,1
DA:649,1
DA:650,1
DA:651,1
DA:652,1
DA:653,1
DA:654,1
DA:655,1
DA:656,2
DA:657,7
DA:658,7
DA:659,7
DA:660,7
DA:661,7
DA:662,7
DA:663,1
DA:664,1
DA:665,6
DA:666,7
DA:667,0
DA:668,0
DA:669,0
DA:670,0
DA:671,6
DA:672,6
DA:673,7
DA:674,0
DA:675,0
DA:676,0
DA:677,0
DA:678,0
DA:679,0
DA:680,7
DA:681,7
DA:682,7
DA:683,7
DA:684,7
DA:685,7
DA:686,6
DA:687,6
DA:688,6
DA:689,7
DA:690,1
DA:691,1
DA:692,1
DA:693,7
DA:694,7
DA:695,0
DA:696,0
DA:697,0
DA:698,0
DA:699,0
DA:700,0
DA:701,7
DA:702,7
DA:703,7
DA:704,0
DA:705,0
DA:706,0
DA:707,7
DA:708,7
DA:709,7
DA:710,7
DA:711,0
DA:712,0
DA:713,0
DA:714,0
DA:715,0
DA:716,0
DA:717,0
DA:718,0
DA:719,0
DA:720,0
DA:721,0
DA:722,0
DA:723,0
DA:724,0
DA:725,0
DA:726,0
DA:727,0
DA:728,0
DA:729,0
DA:730,0
DA:731,0
DA:732,0
DA:733,0
DA:734,0
DA:735,0
DA:736,0
DA:737,0
DA:738,0
DA:739,0
DA:740,0
DA:741,0
DA:742,0
DA:743,0
DA:744,0
DA:745,0
DA:746,0
DA:747,0
DA:748,0
DA:749,0
DA:750,0
DA:751,0
DA:752,0
DA:753,0
DA:754,0
DA:755,0
DA:756,0
DA:757,0
DA:758,0
DA:759,0
DA:760,0
DA:761,0
DA:762,0
DA:763,0
DA:764,0
DA:765,0
DA:766,0
DA:767,0
DA:768,0
DA:769,0
DA:770,0
DA:771,0
DA:772,0
DA:773,0
DA:774,0
DA:775,0
DA:776,0
DA:777,0
DA:778,0
DA:779,0
DA:780,0
DA:781,0
DA:782,0
DA:783,0
DA:784,0
DA:785,0
DA:786,0
DA:787,0
DA:788,0
DA:789,0
DA:790,0
DA:791,0
DA:792,0
DA:793,0
DA:794,0
DA:795,0
DA:796,0
DA:797,0
DA:798,0
DA:799,0
DA:800,0
DA:801,0
DA:802,0
DA:803,0
DA:804,0
DA:805,0
DA:806,0
DA:807,0
DA:808,0
DA:809,0
DA:810,0
DA:811,0
DA:812,0
DA:813,0
DA:814,0
DA:815,0
DA:816,0
DA:817,0
DA:818,0
DA:819,0
DA:820,0
DA:821,0
DA:822,0
DA:823,0
DA:824,0
DA:825,0
DA:826,0
DA:827,0
DA:828,0
DA:829,0
DA:830,0
DA:831,0
DA:832,0
DA:833,0
DA:834,0
DA:835,0
DA:836,0
DA:837,0
DA:838,0
DA:839,0
DA:840,0
DA:841,0
DA:842,0
DA:843,0
DA:844,0
DA:845,0
DA:846,0
DA:847,0
DA:848,0
DA:849,0
DA:850,0
DA:851,0
DA:852,0
DA:853,0
DA:854,0
DA:855,0
DA:856,0
DA:857,0
DA:858,0
DA:859,0
DA:860,0
DA:861,0
DA:862,0
DA:863,0
DA:864,0
DA:865,0
DA:866,0
DA:867,0
DA:868,0
DA:869,0
DA:870,0
DA:871,0
DA:872,0
DA:873,0
DA:874,0
DA:875,0
DA:876,0
DA:877,0
DA:878,0
DA:879,0
DA:880,0
DA:881,0
DA:882,0
DA:883,0
DA:884,0
DA:885,0
DA:886,0
DA:887,0
DA:888,7
DA:889,7
DA:890,2
DA:891,2
DA:892,2
DA:893,2
DA:894,2
DA:895,2
DA:896,2
DA:897,2
DA:898,2
DA:899,2
DA:900,2
DA:901,2
DA:902,2
DA:903,2
DA:904,2
DA:905,2
DA:906,2
DA:907,2
DA:908,2
DA:909,2
DA:910,2
DA:911,2
DA:912,0
DA:913,0
DA:914,2
DA:915,2
DA:916,2
DA:917,0
DA:918,0
DA:919,0
DA:920,0
DA:921,0
DA:922,2
DA:923,2
DA:924,0
DA:925,0
DA:926,0
DA:927,0
DA:928,0
DA:929,0
DA:930,0
DA:931,0
DA:932,0
DA:933,0
DA:934,0
DA:935,0
DA:936,0
DA:937,2
DA:938,2
DA:939,2
DA:940,2
DA:941,2
DA:942,2
DA:943,2
DA:944,0
DA:945,0
DA:946,0
DA:947,0
DA:948,2
DA:949,2
DA:950,2
DA:951,0
DA:952,0
DA:953,0
DA:954,0
DA:955,2
DA:956,2
DA:957,5
DA:958,5
DA:959,5
DA:960,5
DA:961,5
DA:962,5
DA:963,5
DA:964,5
DA:965,5
DA:966,3
DA:967,5
DA:968,3
DA:969,5
DA:970,0
DA:971,0
DA:972,0
DA:973,3
DA:974,3
DA:975,3
DA:976,3
DA:977,5
DA:978,1
DA:979,1
DA:980,1
DA:981,2
DA:982,2
DA:983,2
DA:984,5
DA:985,2
DA:986,2
DA:987,2
DA:988,5
LF:988
LH:503
BRDA:1,0,0,1
BRDA:9,1,0,0
BRDA:15,2,0,0
BRDA:2,3,0,8
BRDA:5,4,0,0
BRDA:5,5,0,0
BRDA:6,6,0,3
BRDA:9,7,0,0
BRDA:13,8,0,1
BRDA:18,9,0,1
BRDA:19,10,0,1
BRDA:20,11,0,0
BRDA:27,12,0,1
BRDA:28,13,0,0
BRDA:30,14,0,8
BRDA:48,15,0,5
BRDA:50,16,0,2
BRDA:51,17,0,3
BRDA:53,18,0,0
BRDA:55,19,0,2
BRDA:57,20,0,0
BRDA:61,21,0,3
BRDA:69,22,0,3
BRDA:74,23,0,2
BRDA:81,24,0,1
BRDA:86,25,0,8
BRDA:94,26,0,5
BRDA:99,27,0,0
BRDA:101,28,0,0
BRDA:114,29,0,5
BRDA:116,30,0,2
BRDA:117,31,0,3
BRDA:122,32,0,2
BRDA:126,33,0,0
BRDA:128,34,0,2
BRDA:129,35,0,0
BRDA:131,36,0,2
BRDA:132,37,0,2
BRDA:135,38,0,0
BRDA:136,39,0,0
BRDA:137,40,0,0
BRDA:141,41,0,0
BRDA:144,42,0,2
BRDA:147,43,0,0
BRDA:150,44,0,0
BRDA:152,45,0,0
BRDA:155,46,0,3
BRDA:158,47,0,2
BRDA:161,48,0,0
BRDA:164,49,0,3
BRDA:166,50,0,2
BRDA:168,51,0,2
BRDA:169,52,0,2
BRDA:174,53,0,0
BRDA:175,54,0,2
BRDA:178,55,0,2
BRDA:184,56,0,0
BRDA:227,57,0,1
BRDA:230,58,0,0
BRDA:231,59,0,0
BRDA:235,60,0,0
BRDA:240,61,0,0
BRDA:241,62,0,0
BRDA:241,63,0,0
BRDA:245,64,0,1
BRDA:247,65,0,0
BRDA:248,66,0,0
BRDA:253,67,0,0
BRDA:256,68,0,0
BRDA:315,69,0,14
BRDA:321,70,0,14
BRDA:327,71,0,0
BRDA:334,72,0,0
BRDA:336,73,0,14
BRDA:354,74,0,0
BRDA:357,75,0,12
BRDA:358,76,0,0
BRDA:363,77,0,0
BRDA:370,78,0,0
BRDA:371,79,0,0
BRDA:372,80,0,0
BRDA:337,81,0,12
BRDA:338,82,0,0
BRDA:338,83,0,0
BRDA:342,84,0,6
BRDA:343,85,0,6
BRDA:344,86,0,6
BRDA:345,87,0,6
BRDA:347,88,0,12
BRDA:349,89,0,0
BRDA:377,90,0,14
BRDA:382,91,0,0
BRDA:402,92,0,9
BRDA:405,93,0,5
BRDA:433,94,0,1
BRDA:440,95,0,0
BRDA:441,96,0,0
BRDA:444,97,0,0
BRDA:484,98,0,1
BRDA:485,99,0,0
BRDA:486,100,0,0
BRDA:489,101,0,0
BRDA:490,102,0,0
BRDA:492,103,0,0
BRDA:511,104,0,5
BRDA:513,105,0,3
BRDA:514,106,0,1
BRDA:515,107,0,4
BRDA:515,108,0,1
BRDA:516,109,0,1
BRDA:517,110,0,3
BRDA:517,111,0,2
BRDA:517,112,0,1
BRDA:518,113,0,1
BRDA:519,114,0,2
BRDA:519,115,0,0
BRDA:519,116,0,0
BRDA:519,117,0,0
BRDA:520,118,0,0
BRDA:521,119,0,2
BRDA:523,120,0,1
BRDA:524,121,0,0
BRDA:532,122,0,1
BRDA:534,123,0,0
BRDA:537,124,0,1
BRDA:539,125,0,0
BRDA:540,126,0,0
BRDA:553,127,0,5
BRDA:560,128,0,1
BRDA:562,129,0,1
BRDA:564,130,0,1
BRDA:566,131,0,0
BRDA:568,132,0,2
BRDA:572,133,0,3
BRDA:573,134,0,0
BRDA:573,135,0,0
BRDA:583,136,0,0
BRDA:585,137,0,0
BRDA:574,138,0,33
BRDA:589,139,0,3
BRDA:594,140,0,1
BRDA:597,141,0,0
BRDA:602,142,0,0
BRDA:605,143,0,2
BRDA:607,144,0,0
BRDA:608,145,0,0
BRDA:609,146,0,0
BRDA:609,147,0,0
BRDA:612,148,0,0
BRDA:624,149,0,2
BRDA:626,150,0,0
BRDA:630,151,0,0
BRDA:635,152,0,2
BRDA:641,153,0,2
BRDA:643,154,0,0
BRDA:646,155,0,0
BRDA:647,156,0,1
BRDA:650,157,0,0
BRDA:643,158,0,2
BRDA:657,159,0,7
BRDA:658,160,0,7
BRDA:704,161,0,0
BRDA:707,162,0,0
BRDA:709,163,0,0
BRDA:710,164,0,0
BRDA:659,165,0,7
BRDA:662,166,0,1
BRDA:665,167,0,6
BRDA:666,168,0,2
BRDA:666,169,0,0
BRDA:671,170,0,6
BRDA:673,171,0,0
BRDA:673,172,0,0
BRDA:681,173,0,7
BRDA:685,174,0,0
BRDA:686,175,0,6
BRDA:689,176,0,1
BRDA:890,177,0,2
BRDA:894,178,0,0
BRDA:895,179,0,0
BRDA:895,180,0,0
BRDA:897,181,0,2
BRDA:898,182,0,0
BRDA:899,183,0,0
BRDA:901,184,0,0
BRDA:905,185,0,0
BRDA:905,186,0,0
BRDA:907,187,0,2
BRDA:909,188,0,0
BRDA:910,189,0,0
BRDA:911,190,0,0
BRDA:938,191,0,2
BRDA:944,192,0,0
BRDA:951,193,0,0
BRDA:957,194,0,5
BRDA:965,195,0,2
BRDA:966,196,0,3
BRDA:967,197,0,0
BRDA:968,198,0,3
BRDA:969,199,0,0
BRDA:973,200,0,3
BRDA:977,201,0,1
BRDA:981,202,0,2
BRDA:984,203,0,0
BRDA:985,204,0,2
BRF:205
BRH:103
end_of_record
TN:
SF:dist/cjs/cli/commands/select.js
FN:6,get
FN:15,__setModuleDefault
FN:19,ownKeys
FN:20,ownKeys
FN:27,__importStar
FN:39,hideCursor
FN:42,showCursor
FN:45,enterAltScreen
FN:48,exitAltScreen
FN:51,clearLine
FN:54,clearScreen
FN:57,clearDown
FN:60,cursorHome
FN:63,saveCursor
FN:66,restoreCursor
FN:69,renderPrompt
FN:73,renderItems
FN:98,questionWithSigint
FN:111,renderLineModeMenu
FN:127,selectLineMode
FN:152,select
FN:172,fallbackLineMode
FN:177,onData
FN:221,recomputeMaxVisible
FN:236,onResize
FN:259,cleanup
FNF:26
FNH:14
FNDA:0,get
FNDA:0,__setModuleDefault
FNDA:2,ownKeys
FNDA:0,ownKeys
FNDA:2,__importStar
FNDA:4,hideCursor
FNDA:4,showCursor
FNDA:0,enterAltScreen
FNDA:0,exitAltScreen
FNDA:5,clearLine
FNDA:0,clearScreen
FNDA:2,clearDown
FNDA:0,cursorHome
FNDA:4,saveCursor
FNDA:2,restoreCursor
FNDA:4,renderPrompt
FNDA:6,renderItems
FNDA:0,questionWithSigint
FNDA:0,renderLineModeMenu
FNDA:0,selectLineMode
FNDA:9,select
FNDA:0,fallbackLineMode
FNDA:6,onData
FNDA:4,recomputeMaxVisible
FNDA:0,onResize
FNDA:4,cleanup
DA:1,2
DA:2,2
DA:3,16
DA:4,16
DA:5,16
DA:6,16
DA:7,16
DA:8,16
DA:9,2
DA:10,0
DA:11,0
DA:12,2
DA:13,2
DA:14,2
DA:15,2
DA:16,0
DA:17,2
DA:18,2
DA:19,2
DA:20,2
DA:21,0
DA:22,0
DA:23,0
DA:24,2
DA:25,2
DA:26,2
DA:27,2
DA:28,2
DA:29,2
DA:30,2
DA:31,2
DA:32,2
DA:33,2
DA:34,2
DA:35,2
DA:36,2
DA:37,2
DA:38,2
DA:39,4
DA:40,4
DA:41,4
DA:42,4
DA:43,4
DA:44,4
DA:45,0
DA:46,0
DA:47,0
DA:48,0
DA:49,0
DA:50,0
DA:51,5
DA:52,5
DA:53,5
DA:54,0
DA:55,0
DA:56,0
DA:57,2
DA:58,2
DA:59,2
DA:60,0
DA:61,0
DA:62,0
DA:63,4
DA:64,4
DA:65,4
DA:66,2
DA:67,2
DA:68,2
DA:69,4
DA:70,4
DA:71,4
DA:72,4
DA:73,6
DA:74,6
DA:75,6
DA:76,6
DA:77,6
DA:78,6
DA:79,6
DA:80,6
DA:81,6
DA:82,6
DA:83,0
DA:84,0
DA:85,0
DA:86,0
DA:87,6
DA:88,14
DA:89,14
DA:90,14
DA:91,14
DA:92,14
DA:93,14
DA:94,14
DA:95,14
DA:96,6
DA:97,6
DA:98,0
DA:99,0
DA:100,0
DA:101,0
DA:102,0
DA:103,0
DA:104,0
DA:105,0
DA:106,0
DA:107,0
DA:108,0
DA:109,0
DA:110,0
DA:111,0
DA:112,0
DA:113,0
DA:114,0
DA:115,0
DA:116,0
DA:117,0
DA:118,0
DA:119,0
DA:120,0
DA:121,0
DA:122,0
DA:123,0
DA:124,0
DA:125,0
DA:126,0
DA:127,0
DA:128,0
DA:129,0
DA:130,0
DA:131,0
DA:132,0
DA:133,0
DA:134,0
DA:135,0
DA:136,0
DA:137,0
DA:138,0
DA:139,0
DA:140,0
DA:141,0
DA:142,0
DA:143,0
DA:144,0
DA:145,0
DA:146,0
DA:147,0
DA:148,0
DA:149,0
DA:150,0
DA:151,0
DA:152,9
DA:153,9
DA:154,9
DA:155,9
DA:156,9
DA:157,9
DA:158,9
DA:159,5
DA:160,5
DA:161,5
DA:162,5
DA:163,5
DA:164,5
DA:165,6
DA:166,0
DA:167,0
DA:168,0
DA:169,0
DA:170,0
DA:171,0
DA:172,4
DA:173,0
DA:174,4
DA:175,4
DA:176,4
DA:177,4
DA:178,6
DA:179,6
DA:180,1
DA:181,1
DA:182,1
DA:183,5
DA:184,3
DA:185,3
DA:186,3
DA:187,2
DA:188,1
DA:189,1
DA:190,1
DA:191,1
DA:192,1
DA:193,1
DA:194,1
DA:195,1
DA:196,1
DA:197,1
DA:198,1
DA:199,4
DA:200,4
DA:201,9
DA:202,9
DA:203,9
DA:204,0
DA:205,0
DA:206,4
DA:207,4
DA:208,9
DA:209,9
DA:210,0
DA:211,0
DA:212,4
DA:213,6
DA:214,4
DA:215,6
DA:216,0
DA:217,0
DA:218,0
DA:219,9
DA:220,9
DA:221,9
DA:222,4
DA:223,4
DA:224,4
DA:225,4
DA:226,9
DA:227,9
DA:228,9
DA:229,1
DA:230,1
DA:231,1
DA:232,1
DA:233,4
DA:234,4
DA:235,4
DA:236,4
DA:237,0
DA:238,0
DA:239,0
DA:240,0
DA:241,0
DA:242,0
DA:243,0
DA:244,0
DA:245,0
DA:246,0
DA:247,0
DA:248,0
DA:249,0
DA:250,0
DA:251,0
DA:252,0
DA:253,0
DA:254,4
DA:255,4
DA:256,9
DA:257,9
DA:258,9
DA:259,9
DA:260,4
DA:261,4
DA:262,4
DA:263,4
DA:264,4
DA:265,4
DA:266,4
DA:267,4
DA:268,4
DA:269,4
DA:270,4
DA:271,4
DA:272,4
DA:273,4
DA:274,4
DA:275,4
DA:276,4
DA:277,4
DA:278,4
DA:279,4
DA:280,4
DA:281,4
DA:282,4
DA:283,4
DA:284,4
DA:285,4
DA:286,0
DA:287,0
DA:288,4
DA:289,4
DA:290,4
DA:291,4
DA:292,4
DA:293,4
DA:294,4
DA:295,4
DA:296,4
DA:297,4
DA:298,4
DA:299,4
DA:300,9
DA:301,9
LF:301
LH:192
BRDA:1,0,0,2
BRDA:9,1,0,0
BRDA:15,2,0,0
BRDA:2,3,0,16
BRDA:5,4,0,0
BRDA:5,5,0,0
BRDA:13,6,0,2
BRDA:18,7,0,2
BRDA:19,8,0,2
BRDA:20,9,0,0
BRDA:27,10,0,2
BRDA:28,11,0,0
BRDA:30,12,0,16
BRDA:39,13,0,4
BRDA:42,14,0,4
BRDA:51,15,0,5
BRDA:57,16,0,2
BRDA:63,17,0,4
BRDA:66,18,0,2
BRDA:69,19,0,4
BRDA:73,20,0,6
BRDA:79,21,0,0
BRDA:80,22,0,0
BRDA:81,23,0,0
BRDA:82,24,0,0
BRDA:87,25,0,14
BRDA:89,26,0,6
BRDA:89,27,0,8
BRDA:90,28,0,0
BRDA:91,29,0,6
BRDA:91,30,0,8
BRDA:92,31,0,0
BRDA:93,32,0,0
BRDA:75,33,0,14
BRDA:75,34,0,0
BRDA:152,35,0,9
BRDA:153,36,0,9
BRDA:158,37,0,4
BRDA:158,38,0,5
BRDA:162,39,0,0
BRDA:163,40,0,4
BRDA:165,41,0,6
BRDA:165,42,0,4
BRDA:165,43,0,0
BRDA:172,44,0,4
BRDA:203,45,0,6
BRDA:203,46,0,0
BRDA:206,47,0,4
BRDA:208,48,0,0
BRDA:209,49,0,0
BRDA:209,50,0,6
BRDA:209,51,0,0
BRDA:212,52,0,4
BRDA:213,53,0,0
BRDA:214,54,0,4
BRDA:215,55,0,0
BRDA:219,56,0,4
BRDA:219,57,0,1
BRDA:219,58,0,3
BRDA:228,59,0,6
BRDA:228,60,0,1
BRDA:233,61,0,4
BRDA:258,62,0,0
BRDA:177,63,0,6
BRDA:179,64,0,1
BRDA:183,65,0,5
BRDA:183,66,0,2
BRDA:183,67,0,3
BRDA:187,68,0,2
BRDA:187,69,0,1
BRDA:188,70,0,0
BRDA:193,71,0,0
BRDA:194,72,0,0
BRDA:221,73,0,4
BRDA:223,74,0,0
BRDA:225,75,0,0
BRDA:259,76,0,4
BRDA:261,77,0,0
BRDA:266,78,0,0
BRDA:270,79,0,0
BRDA:274,80,0,0
BRDA:278,81,0,0
BRDA:282,82,0,0
BRDA:285,83,0,0
BRDA:289,84,0,0
BRDA:292,85,0,0
BRDA:294,86,0,0
BRDA:298,87,0,0
BRF:88
BRH:49
end_of_record
TN:
SF:dist/cjs/core/formatter.js
FN:4,formatMessage
FNF:1
FNH:1
FNDA:2,formatMessage
DA:1,1
DA:2,1
DA:3,1
DA:4,2
DA:5,2
DA:6,2
DA:7,2
DA:8,2
DA:9,2
DA:10,2
DA:11,2
DA:12,0
DA:13,0
DA:14,2
DA:15,2
LF:15
LH:13
BRDA:1,0,0,1
BRDA:4,1,0,2
BRDA:5,2,0,0
BRDA:6,3,0,0
BRDA:6,4,0,0
BRDA:10,5,0,0
BRDA:11,6,0,0
BRF:7
BRH:2
end_of_record
TN:
SF:dist/cjs/core/rules.js
FN:28,pushIf
FN:32,validateType
FN:36,validateScope
FN:47,validateSubject
FN:55,validateBodyAndFooters
FN:61,validateBreaking
FN:66,validateFooterKeywords
FN:73,lintCommit
FNF:8
FNH:8
FNDA:22,pushIf
FNDA:2,validateType
FNDA:2,validateScope
FNDA:2,validateSubject
FNDA:2,validateBodyAndFooters
FNDA:2,validateBreaking
FNDA:2,validateFooterKeywords
FNDA:2,lintCommit
DA:1,1
DA:2,1
DA:3,1
DA:4,1
DA:5,1
DA:6,1
DA:7,1
DA:8,1
DA:9,1
DA:10,1
DA:11,1
DA:12,1
DA:13,1
DA:14,1
DA:15,1
DA:16,1
DA:17,1
DA:18,1
DA:19,1
DA:20,1
DA:21,1
DA:22,1
DA:23,1
DA:24,1
DA:25,1
DA:26,1
DA:27,1
DA:28,22
DA:29,22
DA:30,22
DA:31,22
DA:32,2
DA:33,2
DA:34,2
DA:35,2
DA:36,2
DA:37,2
DA:38,2
DA:39,2
DA:40,2
DA:41,0
DA:42,0
DA:43,2
DA:44,2
DA:45,2
DA:46,2
DA:47,2
DA:48,2
DA:49,2
DA:50,2
DA:51,0
DA:52,0
DA:53,2
DA:54,2
DA:55,2
DA:56,2
DA:57,2
DA:58,2
DA:59,2
DA:60,2
DA:61,2
DA:62,2
DA:63,2
DA:64,2
DA:65,2
DA:66,2
DA:67,2
DA:68,0
DA:69,0
DA:70,0
DA:71,0
DA:72,2
DA:73,2
DA:74,2
DA:75,2
DA:76,2
DA:77,2
DA:78,2
DA:79,2
DA:80,2
DA:81,2
DA:82,2
DA:83,2
DA:84,2
DA:85,2
LF:85
LH:77
BRDA:1,0,0,1
BRDA:28,1,0,22
BRDA:30,2,0,0
BRDA:32,3,0,2
BRDA:36,4,0,2
BRDA:37,5,0,0
BRDA:39,6,0,0
BRDA:40,7,0,0
BRDA:47,8,0,2
BRDA:48,9,0,0
BRDA:50,10,0,0
BRDA:55,11,0,2
BRDA:58,12,0,0
BRDA:59,13,0,0
BRDA:61,14,0,2
BRDA:62,15,0,0
BRDA:63,16,0,0
BRDA:64,17,0,0
BRDA:66,18,0,2
BRDA:67,19,0,0
BRDA:67,20,0,0
BRDA:73,21,0,2
BRDA:77,22,0,0
BRF:23
BRH:9
end_of_record
TN:
SF:dist/cjs/i18n/index.js
FN:339,t
FNF:1
FNH:1
FNDA:80,t
DA:1,1
DA:2,1
DA:3,1
DA:4,1
DA:5,1
DA:6,1
DA:7,1
DA:8,1
DA:9,1
DA:10,1
DA:11,1
DA:12,1
DA:13,1
DA:14,1
DA:15,1
DA:16,1
DA:17,1
DA:18,1
DA:19,1
DA:20,1
DA:21,1
DA:22,1
DA:23,1
DA:24,1
DA:25,1
DA:26,1
DA:27,1
DA:28,1
DA:29,1
DA:30,1
DA:31,1
DA:32,1
DA:33,1
DA:34,1
DA:35,1
DA:36,1
DA:37,1
DA:38,1
DA:39,1
DA:40,1
DA:41,1
DA:42,1
DA:43,1
DA:44,1
DA:45,1
DA:46,1
DA:47,1
DA:48,1
DA:49,1
DA:50,1
DA:51,1
DA:52,1
DA:53,1
DA:54,1
DA:55,1
DA:56,1
DA:57,1
DA:58,1
DA:59,1
DA:60,1
DA:61,1
DA:62,1
DA:63,1
DA:64,1
DA:65,1
DA:66,1
DA:67,1
DA:68,1
DA:69,1
DA:70,1
DA:71,1
DA:72,1
DA:73,1
DA:74,1
DA:75,1
DA:76,1
DA:77,1
DA:78,1
DA:79,1
DA:80,1
DA:81,1
DA:82,1
DA:83,1
DA:84,1
DA:85,1
DA:86,1
DA:87,1
DA:88,1
DA:89,1
DA:90,1
DA:91,1
DA:92,1
DA:93,1
DA:94,1
DA:95,1
DA:96,1
DA:97,1
DA:98,1
DA:99,1
DA:100,1
DA:101,1
DA:102,1
DA:103,1
DA:104,1
DA:105,1
DA:106,1
DA:107,1
DA:108,1
DA:109,1
DA:110,1
DA:111,1
DA:112,1
DA:113,1
DA:114,1
DA:115,1
DA:116,1
DA:117,1
DA:118,1
DA:119,1
DA:120,1
DA:121,1
DA:122,1
DA:123,1
DA:124,1
DA:125,1
DA:126,1
DA:127,1
DA:128,1
DA:129,1
DA:130,1
DA:131,1
DA:132,1
DA:133,1
DA:134,1
DA:135,1
DA:136,1
DA:137,1
DA:138,1
DA:139,1
DA:140,1
DA:141,1
DA:142,1
DA:143,1
DA:144,1
DA:145,1
DA:146,1
DA:147,1
DA:148,1
DA:149,1
DA:150,1
DA:151,1
DA:152,1
DA:153,1
DA:154,1
DA:155,1
DA:156,1
DA:157,1
DA:158,1
DA:159,1
DA:160,1
DA:161,1
DA:162,1
DA:163,1
DA:164,1
DA:165,1
DA:166,1
DA:167,1
DA:168,1
DA:169,1
DA:170,1
DA:171,1
DA:172,1
DA:173,1
DA:174,1
DA:175,1
DA:176,1
DA:177,1
DA:178,1
DA:179,1
DA:180,1
DA:181,1
DA:182,1
DA:183,1
DA:184,1
DA:185,1
DA:186,1
DA:187,1
DA:188,1
DA:189,1
DA:190,1
DA:191,1
DA:192,1
DA:193,1
DA:194,1
DA:195,1
DA:196,1
DA:197,1
DA:198,1
DA:199,1
DA:200,1
DA:201,1
DA:202,1
DA:203,1
DA:204,1
DA:205,1
DA:206,1
DA:207,1
DA:208,1
DA:209,1
DA:210,1
DA:211,1
DA:212,1
DA:213,1
DA:214,1
DA:215,1
DA:216,1
DA:217,1
DA:218,1
DA:219,1
DA:220,1
DA:221,1
DA:222,1
DA:223,1
DA:224,1
DA:225,1
DA:226,1
DA:227,1
DA:228,1
DA:229,1
DA:230,1
DA:231,1
DA:232,1
DA:233,1
DA:234,1
DA:235,1
DA:236,1
DA:237,1
DA:238,1
DA:239,1
DA:240,1
DA:241,1
DA:242,1
DA:243,1
DA:244,1
DA:245,1
DA:246,1
DA:247,1
DA:248,1
DA:249,1
DA:250,1
DA:251,1
DA:252,1
DA:253,1
DA:254,1
DA:255,1
DA:256,1
DA:257,1
DA:258,1
DA:259,1
DA:260,1
DA:261,1
DA:262,1
DA:263,1
DA:264,1
DA:265,1
DA:266,1
DA:267,1
DA:268,1
DA:269,1
DA:270,1
DA:271,1
DA:272,1
DA:273,1
DA:274,1
DA:275,1
DA:276,1
DA:277,1
DA:278,1
DA:279,1
DA:280,1
DA:281,1
DA:282,1
DA:283,1
DA:284,1
DA:285,1
DA:286,1
DA:287,1
DA:288,1
DA:289,1
DA:290,1
DA:291,1
DA:292,1
DA:293,1
DA:294,1
DA:295,1
DA:296,1
DA:297,1
DA:298,1
DA:299,1
DA:300,1
DA:301,1
DA:302,1
DA:303,1
DA:304,1
DA:305,1
DA:306,1
DA:307,1
DA:308,1
DA:309,1
DA:310,1
DA:311,1
DA:312,1
DA:313,1
DA:314,1
DA:315,1
DA:316,1
DA:317,1
DA:318,1
DA:319,1
DA:320,1
DA:321,1
DA:322,1
DA:323,1
DA:324,1
DA:325,1
DA:326,1
DA:327,1
DA:328,1
DA:329,1
DA:330,1
DA:331,1
DA:332,1
DA:333,1
DA:334,1
DA:335,1
DA:336,1
DA:337,1
DA:338,1
DA:339,80
DA:340,80
DA:341,80
DA:342,80
DA:343,7
DA:344,7
DA:345,80
DA:346,80
LF:346
LH:346
BRDA:1,0,0,1
BRDA:339,1,0,80
BRDA:340,2,0,0
BRDA:341,3,0,0
BRDA:342,4,0,7
BRDA:343,5,0,7
BRDA:343,6,0,0
BRF:7
BRH:4
end_of_record
TN:
SF:dist/esm/cli/colors.js
FN:2,enabled
FN:8,wrap
FN:14,bold
FN:15,dim
FN:16,red
FN:17,green
FN:18,yellow
FN:19,blue
FN:20,magenta
FN:21,cyan
FN:22,gray
FNF:11
FNH:5
FNDA:10,enabled
FNDA:10,wrap
FNDA:0,bold
FNDA:0,dim
FNDA:5,red
FNDA:2,green
FNDA:3,yellow
FNDA:0,blue
FNDA:0,magenta
FNDA:0,cyan
FNDA:0,gray
DA:1,30
DA:2,10
DA:3,10
DA:4,10
DA:5,10
DA:6,10
DA:7,10
DA:8,10
DA:9,10
DA:10,10
DA:11,10
DA:12,10
DA:13,30
DA:14,30
DA:15,30
DA:16,30
DA:17,30
DA:18,30
DA:19,30
DA:20,30
DA:21,30
DA:22,30
DA:23,30
LF:23
LH:23
BRDA:1,0,0,30
BRDA:2,1,0,10
BRDA:6,2,0,0
BRDA:8,3,0,10
BRDA:10,4,0,0
BRDA:16,5,0,5
BRDA:17,6,0,2
BRDA:18,7,0,3
BRF:8
BRH:6
end_of_record
TN:
SF:dist/esm/cli/index.js
FN:23,isAllowedNonInteractiveGitCommit
FN:39,getCurrentVersion
FN:63,printHelp
FN:86,sanitizeInput
FN:89,formatUnknownError
FN:108,isYesAnswer
FN:112,readNestedBoolean
FN:121,readNestedValue
FN:128,isFlagsOnlyCommand
FN:136,getVersionCheckEnabled
FN:142,getVersionCheckPeriod
FN:149,maybePromptUpdate
FN:191,runVersionCheck
FN:206,printLintErrors
FN:219,readLintMessage
FN:232,handleInit
FN:236,handleLint
FN:260,enforceCommitZeroIfConfigured
FN:279,handleCheck
FN:296,ensureGitInitialized
FN:313,answer
FN:327,handleInstallHooks
FN:354,handleUninstallHooks
FN:362,handleCleanup
FN:369,handleCommit
FN:392,validatePreCommitConfigFile
FN:403,updatePreCommitCommands
FN:433,validateStagedFileSizes
FN:465,isQuoteChar
FN:468,isWhitespaceChar
FN:471,isShellMetaChar
FN:474,pushCurrentArg
FN:479,consumeCommandChar
FN:510,parseCommandLine
FN:531,runPreCommitCommands
FN:572,rc
FN:600,handlePreCommit
FN:625,main
FNF:38
FNH:32
FNDA:1,isAllowedNonInteractiveGitCommit
FNDA:28,getCurrentVersion
FNDA:4,printHelp
FNDA:7,sanitizeInput
FNDA:0,formatUnknownError
FNDA:0,isYesAnswer
FNDA:0,readNestedBoolean
FNDA:3,readNestedValue
FNDA:28,isFlagsOnlyCommand
FNDA:28,getVersionCheckEnabled
FNDA:28,getVersionCheckPeriod
FNDA:0,maybePromptUpdate
FNDA:28,runVersionCheck
FNDA:2,printLintErrors
FNDA:6,readLintMessage
FNDA:3,handleInit
FNDA:6,handleLint
FNDA:4,enforceCommitZeroIfConfigured
FNDA:4,handleCheck
FNDA:1,ensureGitInitialized
FNDA:0,answer
FNDA:1,handleInstallHooks
FNDA:1,handleUninstallHooks
FNDA:1,handleCleanup
FNDA:0,handleCommit
FNDA:4,validatePreCommitConfigFile
FNDA:4,updatePreCommitCommands
FNDA:6,validateStagedFileSizes
FNDA:45,isQuoteChar
FNDA:40,isWhitespaceChar
FNDA:30,isShellMetaChar
FNDA:15,pushCurrentArg
FNDA:126,consumeCommandChar
FNDA:5,parseCommandLine
FNDA:3,runPreCommitCommands
FNDA:5,rc
FNDA:10,handlePreCommit
FNDA:30,main
DA:1,30
DA:2,30
DA:3,30
DA:4,30
DA:5,30
DA:6,30
DA:7,30
DA:8,30
DA:9,30
DA:10,30
DA:11,30
DA:12,30
DA:13,30
DA:14,30
DA:15,30
DA:16,30
DA:17,30
DA:18,30
DA:19,30
DA:20,30
DA:21,30
DA:22,30
DA:23,1
DA:24,1
DA:25,1
DA:26,1
DA:27,1
DA:28,1
DA:29,1
DA:30,1
DA:31,1
DA:32,1
DA:33,1
DA:34,1
DA:35,1
DA:36,1
DA:37,1
DA:38,1
DA:39,28
DA:40,28
DA:41,28
DA:42,28
DA:43,28
DA:44,28
DA:45,28
DA:46,28
DA:47,28
DA:48,0
DA:49,0
DA:50,0
DA:51,0
DA:52,0
DA:53,0
DA:54,0
DA:55,0
DA:56,0
DA:57,0
DA:58,0
DA:59,0
DA:60,0
DA:61,0
DA:62,28
DA:63,4
DA:64,4
DA:65,4
DA:66,4
DA:67,4
DA:68,4
DA:69,4
DA:70,4
DA:71,4
DA:72,0
DA:73,0
DA:74,0
DA:75,0
DA:76,0
DA:77,0
DA:78,0
DA:79,0
DA:80,0
DA:81,0
DA:82,0
DA:83,0
DA:84,4
DA:85,4
DA:86,7
DA:87,7
DA:88,7
DA:89,0
DA:90,0
DA:91,0
DA:92,0
DA:93,0
DA:94,0
DA:95,0
DA:96,0
DA:97,0
DA:98,0
DA:99,0
DA:100,0
DA:101,0
DA:102,0
DA:103,0
DA:104,0
DA:105,0
DA:106,0
DA:107,0
DA:108,0
DA:109,0
DA:110,0
DA:111,0
DA:112,0
DA:113,0
DA:114,0
DA:115,0
DA:116,0
DA:117,0
DA:118,0
DA:119,0
DA:120,0
DA:121,3
DA:122,3
DA:123,3
DA:124,3
DA:125,3
DA:126,3
DA:127,3
DA:128,28
DA:129,28
DA:130,28
DA:131,28
DA:132,28
DA:133,28
DA:134,28
DA:135,28
DA:136,28
DA:137,28
DA:138,23
DA:139,28
DA:140,28
DA:141,28
DA:142,28
DA:143,28
DA:144,23
DA:145,28
DA:146,28
DA:147,28
DA:148,28
DA:149,0
DA:150,0
DA:151,0
DA:152,0
DA:153,0
DA:154,0
DA:155,0
DA:156,0
DA:157,0
DA:158,0
DA:159,0
DA:160,0
DA:161,0
DA:162,0
DA:163,0
DA:164,0
DA:165,0
DA:166,0
DA:167,0
DA:168,0
DA:169,0
DA:170,0
DA:171,0
DA:172,0
DA:173,0
DA:174,0
DA:175,0
DA:176,0
DA:177,0
DA:178,0
DA:179,0
DA:180,0
DA:181,0
DA:182,0
DA:183,0
DA:184,0
DA:185,0
DA:186,0
DA:187,0
DA:188,0
DA:189,0
DA:190,0
DA:191,28
DA:192,28
DA:193,28
DA:194,28
DA:195,28
DA:196,28
DA:197,28
DA:198,28
DA:199,28
DA:200,28
DA:201,0
DA:202,0
DA:203,28
DA:204,28
DA:205,28
DA:206,2
DA:207,2
DA:208,2
DA:209,2
DA:210,2
DA:211,2
DA:212,0
DA:213,0
DA:214,0
DA:215,2
DA:216,2
DA:217,2
DA:218,2
DA:219,6
DA:220,6
DA:221,6
DA:222,6
DA:223,3
DA:224,3
DA:225,6
DA:226,2
DA:227,2
DA:228,1
DA:229,1
DA:230,1
DA:231,6
DA:232,3
DA:233,3
DA:234,3
DA:235,3
DA:236,6
DA:237,6
DA:238,6
DA:239,6
DA:240,5
DA:241,5
DA:242,5
DA:243,5
DA:244,5
DA:245,2
DA:246,2
DA:247,0
DA:248,0
DA:249,0
DA:250,0
DA:251,0
DA:252,2
DA:253,2
DA:254,2
DA:255,3
DA:256,0
DA:257,0
DA:258,3
DA:259,6
DA:260,4
DA:261,4
DA:262,2
DA:263,4
DA:264,4
DA:265,4
DA:266,4
DA:267,2
DA:268,4
DA:269,4
DA:270,4
DA:271,4
DA:272,1
DA:273,1
DA:274,1
DA:275,1
DA:276,1
DA:277,1
DA:278,4
DA:279,4
DA:280,4
DA:281,4
DA:282,4
DA:283,4
DA:284,4
DA:285,4
DA:286,4
DA:287,0
DA:288,0
DA:289,0
DA:290,4
DA:291,4
DA:292,1
DA:293,1
DA:294,1
DA:295,4
DA:296,1
DA:297,1
DA:298,1
DA:299,1
DA:300,0
DA:301,0
DA:302,0
DA:303,0
DA:304,0
DA:305,1
DA:306,1
DA:307,0
DA:308,0
DA:309,0
DA:310,0
DA:311,0
DA:312,0
DA:313,0
DA:314,0
DA:315,0
DA:316,0
DA:317,0
DA:318,0
DA:319,0
DA:320,0
DA:321,0
DA:322,0
DA:323,0
DA:324,0
DA:325,0
DA:326,1
DA:327,1
DA:328,1
DA:329,1
DA:330,1
DA:331,1
DA:332,1
DA:333,1
DA:334,1
DA:335,1
DA:336,1
DA:337,1
DA:338,1
DA:339,1
DA:340,1
DA:341,1
DA:342,1
DA:343,1
DA:344,0
DA:345,0
DA:346,1
DA:347,1
DA:348,0
DA:349,0
DA:350,0
DA:351,0
DA:352,0
DA:353,1
DA:354,1
DA:355,1
DA:356,1
DA:357,1
DA:358,1
DA:359,1
DA:360,1
DA:361,1
DA:362,1
DA:363,1
DA:364,1
DA:365,1
DA:366,1
DA:367,1
DA:368,1
DA:369,0
DA:370,0
DA:371,0
DA:372,0
DA:373,0
DA:374,0
DA:375,0
DA:376,0
DA:377,0
DA:378,0
DA:379,0
DA:380,0
DA:381,0
DA:382,0
DA:383,0
DA:384,0
DA:385,0
DA:386,0
DA:387,0
DA:388,0
DA:389,0
DA:390,0
DA:391,0
DA:392,4
DA:393,4
DA:394,4
DA:395,4
DA:396,4
DA:397,0
DA:398,0
DA:399,0
DA:400,0
DA:401,4
DA:402,4
DA:403,4
DA:404,4
DA:405,4
DA:406,4
DA:407,4
DA:408,4
DA:409,4
DA:410,4
DA:411,4
DA:412,2
DA:413,1
DA:414,1
DA:415,1
DA:416,1
DA:417,1
DA:418,1
DA:419,1
DA:420,1
DA:421,1
DA:422,2
DA:423,2
DA:424,1
DA:425,1
DA:426,1
DA:427,1
DA:428,1
DA:429,1
DA:430,1
DA:431,1
DA:432,4
DA:433,6
DA:434,6
DA:435,6
DA:436,6
DA:437,6
DA:438,6
DA:439,6
DA:440,6
DA:441,6
DA:442,6
DA:443,6
DA:444,6
DA:445,6
DA:446,2
DA:447,2
DA:448,2
DA:449,2
DA:450,2
DA:451,2
DA:452,2
DA:453,2
DA:454,2
DA:455,2
DA:456,2
DA:457,2
DA:458,2
DA:459,2
DA:460,2
DA:461,2
DA:462,4
DA:463,4
DA:464,6
DA:465,45
DA:466,45
DA:467,45
DA:468,40
DA:469,40
DA:470,40
DA:471,30
DA:472,30
DA:473,30
DA:474,15
DA:475,15
DA:476,15
DA:477,15
DA:478,15
DA:479,126
DA:480,126
DA:481,0
DA:482,0
DA:483,0
DA:484,0
DA:485,126
DA:486,0
DA:487,0
DA:488,0
DA:489,126
DA:490,81
DA:491,5
DA:492,5
DA:493,5
DA:494,76
DA:495,76
DA:496,76
DA:497,126
DA:498,5
DA:499,5
DA:500,5
DA:501,126
DA:502,10
DA:503,10
DA:504,10
DA:505,126
DA:506,0
DA:507,0
DA:508,30
DA:509,126
DA:510,5
DA:511,5
DA:512,5
DA:513,5
DA:514,5
DA:515,5
DA:516,5
DA:517,5
DA:518,5
DA:519,5
DA:520,5
DA:521,5
DA:522,126
DA:523,126
DA:524,5
DA:525,5
DA:526,5
DA:527,5
DA:528,5
DA:529,5
DA:530,5
DA:531,3
DA:532,3
DA:533,3
DA:534,5
DA:535,5
DA:536,0
DA:537,0
DA:538,0
DA:539,0
DA:540,5
DA:541,0
DA:542,0
DA:543,0
DA:544,0
DA:545,5
DA:546,5
DA:547,5
DA:548,5
DA:549,5
DA:550,5
DA:551,5
DA:552,5
DA:553,0
DA:554,0
DA:555,0
DA:556,0
DA:557,0
DA:558,5
DA:559,5
DA:560,1
DA:561,1
DA:562,1
DA:563,1
DA:564,0
DA:565,0
DA:566,0
DA:567,0
DA:568,1
DA:569,1
DA:570,1
DA:571,5
DA:572,5
DA:573,5
DA:574,5
DA:575,5
DA:576,5
DA:577,5
DA:578,5
DA:579,5
DA:580,5
DA:581,5
DA:582,1
DA:583,1
DA:584,1
DA:585,1
DA:586,4
DA:587,1
DA:588,1
DA:589,1
DA:590,1
DA:591,5
DA:592,1
DA:593,1
DA:594,2
DA:595,2
DA:596,1
DA:597,1
DA:598,1
DA:599,3
DA:600,10
DA:601,10
DA:602,10
DA:603,4
DA:604,4
DA:605,0
DA:606,0
DA:607,0
DA:608,0
DA:609,4
DA:610,4
DA:611,4
DA:612,6
DA:613,6
DA:614,10
DA:615,10
DA:616,1
DA:617,1
DA:618,1
DA:619,3
DA:620,3
DA:621,3
DA:622,10
DA:623,10
DA:624,10
DA:625,30
DA:626,30
DA:627,30
DA:628,30
DA:629,30
DA:630,2
DA:631,2
DA:632,2
DA:633,28
DA:634,28
DA:635,28
DA:636,2
DA:637,2
DA:638,2
DA:639,2
DA:640,2
DA:641,26
DA:642,26
DA:643,23
DA:644,23
DA:645,17
DA:646,17
DA:647,13
DA:648,13
DA:649,12
DA:650,12
DA:651,11
DA:652,11
DA:653,10
DA:654,10
DA:655,10
DA:656,10
DA:657,0
DA:658,30
DA:659,30
DA:660,30
DA:661,18
DA:662,0
DA:663,0
DA:664,0
DA:665,0
LF:665
LH:457
BRDA:1,0,0,30
BRDA:661,1,0,18
BRDA:662,2,0,0
BRDA:23,3,0,1
BRDA:26,4,0,0
BRDA:28,5,0,0
BRDA:30,6,0,0
BRDA:32,7,0,0
BRDA:34,8,0,0
BRDA:36,9,0,0
BRDA:39,10,0,28
BRDA:47,11,0,0
BRDA:63,12,0,4
BRDA:69,13,0,0
BRDA:71,14,0,0
BRDA:86,15,0,7
BRDA:121,16,0,3
BRDA:124,17,0,0
BRDA:125,18,0,0
BRDA:128,19,0,28
BRDA:129,20,0,27
BRDA:130,21,0,27
BRDA:131,22,0,27
BRDA:132,23,0,26
BRDA:133,24,0,26
BRDA:136,25,0,28
BRDA:137,26,0,23
BRDA:139,27,0,0
BRDA:139,28,0,23
BRDA:142,29,0,28
BRDA:143,30,0,23
BRDA:145,31,0,0
BRDA:145,32,0,23
BRDA:147,33,0,0
BRDA:191,34,0,28
BRDA:198,35,0,0
BRDA:200,36,0,0
BRDA:200,37,0,0
BRDA:204,38,0,0
BRDA:206,39,0,2
BRDA:208,40,0,0
BRDA:209,41,0,0
BRDA:211,42,0,0
BRDA:211,43,0,0
BRDA:207,44,0,2
BRDA:219,45,0,6
BRDA:222,46,0,3
BRDA:222,47,0,3
BRDA:225,48,0,2
BRDA:225,49,0,3
BRDA:225,50,0,2
BRDA:228,51,0,1
BRDA:232,52,0,3
BRDA:236,53,0,6
BRDA:239,54,0,5
BRDA:239,55,0,0
BRDA:244,56,0,2
BRDA:246,57,0,0
BRDA:255,58,0,3
BRDA:255,59,0,0
BRDA:260,60,0,4
BRDA:261,61,0,2
BRDA:263,62,0,0
BRDA:263,63,0,2
BRDA:266,64,0,2
BRDA:267,65,0,1
BRDA:268,66,0,1
BRDA:271,67,0,1
BRDA:271,68,0,1
BRDA:271,69,0,1
BRDA:272,70,0,0
BRDA:274,71,0,0
BRDA:279,72,0,4
BRDA:286,73,0,0
BRDA:291,74,0,1
BRDA:296,75,0,1
BRDA:300,76,0,0
BRDA:306,77,0,0
BRDA:327,78,0,1
BRDA:333,79,0,0
BRDA:338,80,0,0
BRDA:340,81,0,0
BRDA:343,82,0,0
BRDA:347,83,0,0
BRDA:354,84,0,1
BRDA:359,85,0,0
BRDA:362,86,0,1
BRDA:366,87,0,0
BRDA:392,88,0,4
BRDA:396,89,0,0
BRDA:396,90,0,0
BRDA:403,91,0,4
BRDA:406,92,0,0
BRDA:410,93,0,0
BRDA:411,94,0,2
BRDA:412,95,0,1
BRDA:423,96,0,1
BRDA:433,97,0,6
BRDA:434,98,0,0
BRDA:445,99,0,2
BRDA:448,100,0,0
BRDA:451,101,0,0
BRDA:462,102,0,4
BRDA:463,103,0,0
BRDA:444,104,0,6
BRDA:465,105,0,45
BRDA:468,106,0,40
BRDA:469,107,0,30
BRDA:469,108,0,30
BRDA:471,109,0,30
BRDA:474,110,0,15
BRDA:479,111,0,126
BRDA:480,112,0,0
BRDA:485,113,0,0
BRDA:489,114,0,81
BRDA:490,115,0,5
BRDA:494,116,0,76
BRDA:497,117,0,45
BRDA:497,118,0,5
BRDA:501,119,0,40
BRDA:501,120,0,10
BRDA:505,121,0,30
BRDA:505,122,0,0
BRDA:508,123,0,30
BRDA:510,124,0,5
BRDA:511,125,0,0
BRDA:513,126,0,0
BRDA:521,127,0,126
BRDA:525,128,0,0
BRDA:528,129,0,0
BRDA:531,130,0,3
BRDA:533,131,0,5
BRDA:535,132,0,0
BRDA:540,133,0,0
BRDA:581,134,0,1
BRDA:586,135,0,4
BRDA:586,136,0,1
BRDA:592,137,0,1
BRDA:593,138,0,2
BRDA:559,139,0,1
BRDA:570,140,0,0
BRDA:572,141,0,5
BRDA:573,142,0,5
BRDA:573,143,0,4
BRDA:573,144,0,1
BRDA:596,145,0,2
BRDA:600,146,0,10
BRDA:602,147,0,8
BRDA:602,148,0,4
BRDA:604,149,0,0
BRDA:612,150,0,6
BRDA:614,151,0,3
BRDA:614,152,0,1
BRDA:615,153,0,4
BRDA:615,154,0,1
BRDA:619,155,0,3
BRDA:622,156,0,2
BRDA:624,157,0,1
BRDA:625,158,0,30
BRDA:628,159,0,25
BRDA:629,160,0,29
BRDA:629,161,0,2
BRDA:633,162,0,28
BRDA:635,163,0,2
BRDA:641,164,0,26
BRDA:642,165,0,3
BRDA:643,166,0,23
BRDA:644,167,0,6
BRDA:645,168,0,17
BRDA:646,169,0,4
BRDA:647,170,0,13
BRDA:648,171,0,1
BRDA:649,172,0,12
BRDA:650,173,0,1
BRDA:651,174,0,11
BRDA:652,175,0,1
BRDA:653,176,0,10
BRDA:654,177,0,0
BRDA:657,178,0,0
BRF:179
BRH:119
end_of_record
TN:
SF:dist/esm/cli/commands/commit.js
FN:12,initTestAnswerCtx
FN:25,showSpinner
FN:38,runWithSpinner
FN:50,sanitizeInputSafe
FN:58,resolveCliVersionSuffix
FN:78,ensureGitAvailableInNodeTest
FN:86,isInteractiveInput
FN:92,isYesAnswer
FN:95,createYesNoValidator
FN:108,validateScopeValue
FN:119,promptScope
FN:128,promptCommitParts
FN:142,gitCommitEditMsg
FN:157,getCurrentBranchName
FN:173,getDefaultRemoteName
FN:191,gitPush
FN:209,pushAfterCommitIfNeeded
FN:237,sleepSync
FN:243,readGitErrorText
FN:269,isTransientGitError
FN:279,execGitUtf8
FN:285,execGitUtf8WithRetry
FN:300,parsePorcelainV1Z
FN:341,getGitStatusState
FN:366,hasStaged
FN:369,hasUnstagedChanges
FN:372,parseCount
FN:376,getAheadCount
FN:397,gitAddAll
FN:416,pushIfAhead
FN:448,promptAddIfNeeded
FN:475,getAddScenario
FN:487,handleNoChangesScenario
FN:496,handleAutoAddScenario
FN:501,handleAutoPushPromptScenario
FN:507,handlePromptAddAbortScenario
FN:517,checkAndAskForAdd
FN:536,selectCommitType
FN:553,promptCommitPartsSafely
FN:569,buildParsedCommit
FN:588,validateCommitOrExit
FN:599,writeAndPrintCommitMessage
FN:605,commitAndPush
FN:621,askWithCharacterCount
FN:854,askWithValidation
FN:921,interactiveCommit
FNF:46
FNH:0
FNDA:0,initTestAnswerCtx
FNDA:0,showSpinner
FNDA:0,runWithSpinner
FNDA:0,sanitizeInputSafe
FNDA:0,resolveCliVersionSuffix
FNDA:0,ensureGitAvailableInNodeTest
FNDA:0,isInteractiveInput
FNDA:0,isYesAnswer
FNDA:0,createYesNoValidator
FNDA:0,validateScopeValue
FNDA:0,promptScope
FNDA:0,promptCommitParts
FNDA:0,gitCommitEditMsg
FNDA:0,getCurrentBranchName
FNDA:0,getDefaultRemoteName
FNDA:0,gitPush
FNDA:0,pushAfterCommitIfNeeded
FNDA:0,sleepSync
FNDA:0,readGitErrorText
FNDA:0,isTransientGitError
FNDA:0,execGitUtf8
FNDA:0,execGitUtf8WithRetry
FNDA:0,parsePorcelainV1Z
FNDA:0,getGitStatusState
FNDA:0,hasStaged
FNDA:0,hasUnstagedChanges
FNDA:0,parseCount
FNDA:0,getAheadCount
FNDA:0,gitAddAll
FNDA:0,pushIfAhead
FNDA:0,promptAddIfNeeded
FNDA:0,getAddScenario
FNDA:0,handleNoChangesScenario
FNDA:0,handleAutoAddScenario
FNDA:0,handleAutoPushPromptScenario
FNDA:0,handlePromptAddAbortScenario
FNDA:0,checkAndAskForAdd
FNDA:0,selectCommitType
FNDA:0,promptCommitPartsSafely
FNDA:0,buildParsedCommit
FNDA:0,validateCommitOrExit
FNDA:0,writeAndPrintCommitMessage
FNDA:0,commitAndPush
FNDA:0,askWithCharacterCount
FNDA:0,askWithValidation
FNDA:0,interactiveCommit
DA:1,30
DA:2,30
DA:3,30
DA:4,30
DA:5,30
DA:6,30
DA:7,30
DA:8,30
DA:9,30
DA:10,30
DA:11,30
DA:12,0
DA:13,0
DA:14,0
DA:15,0
DA:16,0
DA:17,0
DA:18,0
DA:19,0
DA:20,0
DA:21,0
DA:22,0
DA:23,0
DA:24,0
DA:25,0
DA:26,0
DA:27,0
DA:28,0
DA:29,0
DA:30,0
DA:31,0
DA:32,0
DA:33,0
DA:34,0
DA:35,0
DA:36,0
DA:37,0
DA:38,0
DA:39,0
DA:40,0
DA:41,0
DA:42,0
DA:43,0
DA:44,0
DA:45,0
DA:46,0
DA:47,0
DA:48,0
DA:49,0
DA:50,0
DA:51,0
DA:52,0
DA:53,0
DA:54,0
DA:55,0
DA:56,0
DA:57,0
DA:58,0
DA:59,0
DA:60,0
DA:61,0
DA:62,0
DA:63,0
DA:64,0
DA:65,0
DA:66,0
DA:67,0
DA:68,0
DA:69,0
DA:70,0
DA:71,0
DA:72,0
DA:73,0
DA:74,0
DA:75,0
DA:76,0
DA:77,0
DA:78,0
DA:79,0
DA:80,0
DA:81,0
DA:82,0
DA:83,0
DA:84,0
DA:85,0
DA:86,0
DA:87,0
DA:88,0
DA:89,0
DA:90,0
DA:91,0
DA:92,0
DA:93,0
DA:94,0
DA:95,0
DA:96,0
DA:97,0
DA:98,0
DA:99,0
DA:100,0
DA:101,0
DA:102,0
DA:103,0
DA:104,0
DA:105,0
DA:106,0
DA:107,0
DA:108,0
DA:109,0
DA:110,0
DA:111,0
DA:112,0
DA:113,0
DA:114,0
DA:115,0
DA:116,0
DA:117,0
DA:118,0
DA:119,0
DA:120,0
DA:121,0
DA:122,0
DA:123,0
DA:124,0
DA:125,0
DA:126,0
DA:127,0
DA:128,0
DA:129,0
DA:130,0
DA:131,0
DA:132,0
DA:133,0
DA:134,0
DA:135,0
DA:136,0
DA:137,0
DA:138,0
DA:139,0
DA:140,0
DA:141,0
DA:142,0
DA:143,0
DA:144,0
DA:145,0
DA:146,0
DA:147,0
DA:148,0
DA:149,0
DA:150,0
DA:151,0
DA:152,0
DA:153,0
DA:154,0
DA:155,0
DA:156,0
DA:157,0
DA:158,0
DA:159,0
DA:160,0
DA:161,0
DA:162,0
DA:163,0
DA:164,0
DA:165,0
DA:166,0
DA:167,0
DA:168,0
DA:169,0
DA:170,0
DA:171,0
DA:172,0
DA:173,0
DA:174,0
DA:175,0
DA:176,0
DA:177,0
DA:178,0
DA:179,0
DA:180,0
DA:181,0
DA:182,0
DA:183,0
DA:184,0
DA:185,0
DA:186,0
DA:187,0
DA:188,0
DA:189,0
DA:190,0
DA:191,0
DA:192,0
DA:193,0
DA:194,0
DA:195,0
DA:196,0
DA:197,0
DA:198,0
DA:199,0
DA:200,0
DA:201,0
DA:202,0
DA:203,0
DA:204,0
DA:205,0
DA:206,0
DA:207,0
DA:208,0
DA:209,0
DA:210,0
DA:211,0
DA:212,0
DA:213,0
DA:214,0
DA:215,0
DA:216,0
DA:217,0
DA:218,0
DA:219,0
DA:220,0
DA:221,0
DA:222,0
DA:223,0
DA:224,0
DA:225,0
DA:226,0
DA:227,0
DA:228,0
DA:229,0
DA:230,0
DA:231,0
DA:232,0
DA:233,0
DA:234,0
DA:235,0
DA:236,0
DA:237,0
DA:238,0
DA:239,0
DA:240,0
DA:241,0
DA:242,0
DA:243,0
DA:244,0
DA:245,0
DA:246,0
DA:247,0
DA:248,0
DA:249,0
DA:250,0
DA:251,0
DA:252,0
DA:253,0
DA:254,0
DA:255,0
DA:256,0
DA:257,0
DA:258,0
DA:259,0
DA:260,0
DA:261,0
DA:262,0
DA:263,0
DA:264,0
DA:265,0
DA:266,0
DA:267,0
DA:268,0
DA:269,0
DA:270,0
DA:271,0
DA:272,0
DA:273,0
DA:274,0
DA:275,0
DA:276,0
DA:277,0
DA:278,0
DA:279,0
DA:280,0
DA:281,0
DA:282,0
DA:283,0
DA:284,0
DA:285,0
DA:286,0
DA:287,0
DA:288,0
DA:289,0
DA:290,0
DA:291,0
DA:292,0
DA:293,0
DA:294,0
DA:295,0
DA:296,0
DA:297,0
DA:298,0
DA:299,0
DA:300,0
DA:301,0
DA:302,0
DA:303,0
DA:304,0
DA:305,0
DA:306,0
DA:307,0
DA:308,0
DA:309,0
DA:310,0
DA:311,0
DA:312,0
DA:313,0
DA:314,0
DA:315,0
DA:316,0
DA:317,0
DA:318,0
DA:319,0
DA:320,0
DA:321,0
DA:322,0
DA:323,0
DA:324,0
DA:325,0
DA:326,0
DA:327,0
DA:328,0
DA:329,0
DA:330,0
DA:331,0
DA:332,0
DA:333,0
DA:334,0
DA:335,0
DA:336,0
DA:337,0
DA:338,0
DA:339,0
DA:340,0
DA:341,0
DA:342,0
DA:343,0
DA:344,0
DA:345,0
DA:346,0
DA:347,0
DA:348,0
DA:349,0
DA:350,0
DA:351,0
DA:352,0
DA:353,0
DA:354,0
DA:355,0
DA:356,0
DA:357,0
DA:358,0
DA:359,0
DA:360,0
DA:361,0
DA:362,0
DA:363,0
DA:364,0
DA:365,0
DA:366,0
DA:367,0
DA:368,0
DA:369,0
DA:370,0
DA:371,0
DA:372,0
DA:373,0
DA:374,0
DA:375,0
DA:376,0
DA:377,0
DA:378,0
DA:379,0
DA:380,0
DA:381,0
DA:382,0
DA:383,0
DA:384,0
DA:385,0
DA:386,0
DA:387,0
DA:388,0
DA:389,0
DA:390,0
DA:391,0
DA:392,0
DA:393,0
DA:394,0
DA:395,0
DA:396,0
DA:397,0
DA:398,0
DA:399,0
DA:400,0
DA:401,0
DA:402,0
DA:403,0
DA:404,0
DA:405,0
DA:406,0
DA:407,0
DA:408,0
DA:409,0
DA:410,0
DA:411,0
DA:412,0
DA:413,0
DA:414,0
DA:415,0
DA:416,0
DA:417,0
DA:418,0
DA:419,0
DA:420,0
DA:421,0
DA:422,0
DA:423,0
DA:424,0
DA:425,0
DA:426,0
DA:427,0
DA:428,0
DA:429,0
DA:430,0
DA:431,0
DA:432,0
DA:433,0
DA:434,0
DA:435,0
DA:436,0
DA:437,0
DA:438,0
DA:439,0
DA:440,0
DA:441,0
DA:442,0
DA:443,0
DA:444,0
DA:445,0
DA:446,0
DA:447,0
DA:448,0
DA:449,0
DA:450,0
DA:451,0
DA:452,0
DA:453,0
DA:454,0
DA:455,0
DA:456,0
DA:457,0
DA:458,0
DA:459,0
DA:460,0
DA:461,0
DA:462,0
DA:463,0
DA:464,0
DA:465,0
DA:466,0
DA:467,0
DA:468,0
DA:469,0
DA:470,0
DA:471,0
DA:472,0
DA:473,0
DA:474,0
DA:475,0
DA:476,0
DA:477,0
DA:478,0
DA:479,0
DA:480,0
DA:481,0
DA:482,0
DA:483,0
DA:484,0
DA:485,0
DA:486,0
DA:487,0
DA:488,0
DA:489,0
DA:490,0
DA:491,0
DA:492,0
DA:493,0
DA:494,0
DA:495,0
DA:496,0
DA:497,0
DA:498,0
DA:499,0
DA:500,0
DA:501,0
DA:502,0
DA:503,0
DA:504,0
DA:505,0
DA:506,0
DA:507,0
DA:508,0
DA:509,0
DA:510,0
DA:511,0
DA:512,0
DA:513,0
DA:514,0
DA:515,0
DA:516,0
DA:517,0
DA:518,0
DA:519,0
DA:520,0
DA:521,0
DA:522,0
DA:523,0
DA:524,0
DA:525,0
DA:526,0
DA:527,0
DA:528,0
DA:529,0
DA:530,0
DA:531,0
DA:532,0
DA:533,0
DA:534,0
DA:535,0
DA:536,0
DA:537,0
DA:538,0
DA:539,0
DA:540,0
DA:541,0
DA:542,0
DA:543,0
DA:544,0
DA:545,0
DA:546,0
DA:547,0
DA:548,0
DA:549,0
DA:550,0
DA:551,0
DA:552,0
DA:553,0
DA:554,0
DA:555,0
DA:556,0
DA:557,0
DA:558,0
DA:559,0
DA:560,0
DA:561,0
DA:562,0
DA:563,0
DA:564,0
DA:565,0
DA:566,0
DA:567,0
DA:568,0
DA:569,0
DA:570,0
DA:571,0
DA:572,0
DA:573,0
DA:574,0
DA:575,0
DA:576,0
DA:577,0
DA:578,0
DA:579,0
DA:580,0
DA:581,0
DA:582,0
DA:583,0
DA:584,0
DA:585,0
DA:586,0
DA:587,0
DA:588,0
DA:589,0
DA:590,0
DA:591,0
DA:592,0
DA:593,0
DA:594,0
DA:595,0
DA:596,0
DA:597,0
DA:598,0
DA:599,0
DA:600,0
DA:601,0
DA:602,0
DA:603,0
DA:604,0
DA:605,0
DA:606,0
DA:607,0
DA:608,0
DA:609,0
DA:610,0
DA:611,0
DA:612,0
DA:613,0
DA:614,0
DA:615,0
DA:616,0
DA:617,0
DA:618,0
DA:619,0
DA:620,0
DA:621,0
DA:622,0
DA:623,0
DA:624,0
DA:625,0
DA:626,0
DA:627,0
DA:628,0
DA:629,0
DA:630,0
DA:631,0
DA:632,0
DA:633,0
DA:634,0
DA:635,0
DA:636,0
DA:637,0
DA:638,0
DA:639,0
DA:640,0
DA:641,0
DA:642,0
DA:643,0
DA:644,0
DA:645,0
DA:646,0
DA:647,0
DA:648,0
DA:649,0
DA:650,0
DA:651,0
DA:652,0
DA:653,0
DA:654,0
DA:655,0
DA:656,0
DA:657,0
DA:658,0
DA:659,0
DA:660,0
DA:661,0
DA:662,0
DA:663,0
DA:664,0
DA:665,0
DA:666,0
DA:667,0
DA:668,0
DA:669,0
DA:670,0
DA:671,0
DA:672,0
DA:673,0
DA:674,0
DA:675,0
DA:676,0
DA:677,0
DA:678,0
DA:679,0
DA:680,0
DA:681,0
DA:682,0
DA:683,0
DA:684,0
DA:685,0
DA:686,0
DA:687,0
DA:688,0
DA:689,0
DA:690,0
DA:691,0
DA:692,0
DA:693,0
DA:694,0
DA:695,0
DA:696,0
DA:697,0
DA:698,0
DA:699,0
DA:700,0
DA:701,0
DA:702,0
DA:703,0
DA:704,0
DA:705,0
DA:706,0
DA:707,0
DA:708,0
DA:709,0
DA:710,0
DA:711,0
DA:712,0
DA:713,0
DA:714,0
DA:715,0
DA:716,0
DA:717,0
DA:718,0
DA:719,0
DA:720,0
DA:721,0
DA:722,0
DA:723,0
DA:724,0
DA:725,0
DA:726,0
DA:727,0
DA:728,0
DA:729,0
DA:730,0
DA:731,0
DA:732,0
DA:733,0
DA:734,0
DA:735,0
DA:736,0
DA:737,0
DA:738,0
DA:739,0
DA:740,0
DA:741,0
DA:742,0
DA:743,0
DA:744,0
DA:745,0
DA:746,0
DA:747,0
DA:748,0
DA:749,0
DA:750,0
DA:751,0
DA:752,0
DA:753,0
DA:754,0
DA:755,0
DA:756,0
DA:757,0
DA:758,0
DA:759,0
DA:760,0
DA:761,0
DA:762,0
DA:763,0
DA:764,0
DA:765,0
DA:766,0
DA:767,0
DA:768,0
DA:769,0
DA:770,0
DA:771,0
DA:772,0
DA:773,0
DA:774,0
DA:775,0
DA:776,0
DA:777,0
DA:778,0
DA:779,0
DA:780,0
DA:781,0
DA:782,0
DA:783,0
DA:784,0
DA:785,0
DA:786,0
DA:787,0
DA:788,0
DA:789,0
DA:790,0
DA:791,0
DA:792,0
DA:793,0
DA:794,0
DA:795,0
DA:796,0
DA:797,0
DA:798,0
DA:799,0
DA:800,0
DA:801,0
DA:802,0
DA:803,0
DA:804,0
DA:805,0
DA:806,0
DA:807,0
DA:808,0
DA:809,0
DA:810,0
DA:811,0
DA:812,0
DA:813,0
DA:814,0
DA:815,0
DA:816,0
DA:817,0
DA:818,0
DA:819,0
DA:820,0
DA:821,0
DA:822,0
DA:823,0
DA:824,0
DA:825,0
DA:826,0
DA:827,0
DA:828,0
DA:829,0
DA:830,0
DA:831,0
DA:832,0
DA:833,0
DA:834,0
DA:835,0
DA:836,0
DA:837,0
DA:838,0
DA:839,0
DA:840,0
DA:841,0
DA:842,0
DA:843,0
DA:844,0
DA:845,0
DA:846,0
DA:847,0
DA:848,0
DA:849,0
DA:850,0
DA:851,0
DA:852,0
DA:853,0
DA:854,0
DA:855,0
DA:856,0
DA:857,0
DA:858,0
DA:859,0
DA:860,0
DA:861,0
DA:862,0
DA:863,0
DA:864,0
DA:865,0
DA:866,0
DA:867,0
DA:868,0
DA:869,0
DA:870,0
DA:871,0
DA:872,0
DA:873,0
DA:874,0
DA:875,0
DA:876,0
DA:877,0
DA:878,0
DA:879,0
DA:880,0
DA:881,0
DA:882,0
DA:883,0
DA:884,0
DA:885,0
DA:886,0
DA:887,0
DA:888,0
DA:889,0
DA:890,0
DA:891,0
DA:892,0
DA:893,0
DA:894,0
DA:895,0
DA:896,0
DA:897,0
DA:898,0
DA:899,0
DA:900,0
DA:901,0
DA:902,0
DA:903,0
DA:904,0
DA:905,0
DA:906,0
DA:907,0
DA:908,0
DA:909,0
DA:910,0
DA:911,0
DA:912,0
DA:913,0
DA:914,0
DA:915,0
DA:916,0
DA:917,0
DA:918,0
DA:919,0
DA:920,0
DA:921,30
DA:922,0
DA:923,0
DA:924,0
DA:925,0
DA:926,0
DA:927,0
DA:928,0
DA:929,0
DA:930,0
DA:931,0
DA:932,0
DA:933,0
DA:934,0
DA:935,0
DA:936,0
DA:937,0
DA:938,0
DA:939,0
DA:940,0
DA:941,0
DA:942,0
DA:943,0
DA:944,0
DA:945,0
DA:946,0
DA:947,0
DA:948,0
DA:949,0
DA:950,0
DA:951,0
DA:952,0
LF:952
LH:12
BRDA:1,0,0,30
BRF:1
BRH:1
end_of_record
TN:
SF:dist/esm/cli/commands/init.js
FN:6,askWithValidation
FN:32,addToGitignore
FN:47,isLang
FN:50,readLanguageFromJsonConfig
FN:60,isCancelledError
FN:63,createYesNoValidator
FN:76,isYes
FN:79,confirmOverwriteIfExists
FN:120,resolveTemplate
FN:147,buildDefaultConfig
FN:176,buildInitContext
FN:204,printInitResult
FN:211,initConfig
FNF:13
FNH:8
FNDA:0,askWithValidation
FNDA:0,addToGitignore
FNDA:1,isLang
FNDA:3,readLanguageFromJsonConfig
FNDA:0,isCancelledError
FNDA:0,createYesNoValidator
FNDA:0,isYes
FNDA:3,confirmOverwriteIfExists
FNDA:2,resolveTemplate
FNDA:2,buildDefaultConfig
FNDA:3,buildInitContext
FNDA:2,printInitResult
FNDA:3,initConfig
DA:1,30
DA:2,30
DA:3,30
DA:4,30
DA:5,30
DA:6,0
DA:7,0
DA:8,0
DA:9,0
DA:10,0
DA:11,0
DA:12,0
DA:13,0
DA:14,0
DA:15,0
DA:16,0
DA:17,0
DA:18,0
DA:19,0
DA:20,0
DA:21,0
DA:22,0
DA:23,0
DA:24,0
DA:25,0
DA:26,0
DA:27,0
DA:28,0
DA:29,0
DA:30,0
DA:31,0
DA:32,0
DA:33,0
DA:34,0
DA:35,0
DA:36,0
DA:37,0
DA:38,0
DA:39,0
DA:40,0
DA:41,0
DA:42,0
DA:43,0
DA:44,0
DA:45,0
DA:46,0
DA:47,1
DA:48,1
DA:49,1
DA:50,3
DA:51,3
DA:52,3
DA:53,3
DA:54,3
DA:55,3
DA:56,3
DA:57,3
DA:58,2
DA:59,3
DA:60,0
DA:61,0
DA:62,0
DA:63,0
DA:64,0
DA:65,0
DA:66,0
DA:67,0
DA:68,0
DA:69,0
DA:70,0
DA:71,0
DA:72,0
DA:73,0
DA:74,0
DA:75,0
DA:76,0
DA:77,0
DA:78,0
DA:79,3
DA:80,3
DA:81,3
DA:82,1
DA:83,1
DA:84,1
DA:85,1
DA:86,1
DA:87,0
DA:88,0
DA:89,0
DA:90,0
DA:91,0
DA:92,0
DA:93,0
DA:94,0
DA:95,0
DA:96,0
DA:97,0
DA:98,0
DA:99,0
DA:100,0
DA:101,0
DA:102,0
DA:103,0
DA:104,0
DA:105,0
DA:106,0
DA:107,0
DA:108,0
DA:109,0
DA:110,0
DA:111,0
DA:112,0
DA:113,0
DA:114,0
DA:115,0
DA:116,0
DA:117,0
DA:118,0
DA:119,3
DA:120,2
DA:121,2
DA:122,2
DA:123,2
DA:124,0
DA:125,0
DA:126,0
DA:127,0
DA:128,0
DA:129,0
DA:130,0
DA:131,0
DA:132,0
DA:133,0
DA:134,0
DA:135,0
DA:136,0
DA:137,0
DA:138,0
DA:139,0
DA:140,0
DA:141,0
DA:142,0
DA:143,0
DA:144,0
DA:145,0
DA:146,2
DA:147,2
DA:148,2
DA:149,2
DA:150,2
DA:151,2
DA:152,2
DA:153,2
DA:154,2
DA:155,2
DA:156,2
DA:157,2
DA:158,2
DA:159,2
DA:160,2
DA:161,2
DA:162,2
DA:163,2
DA:164,2
DA:165,2
DA:166,2
DA:167,2
DA:168,2
DA:169,2
DA:170,2
DA:171,2
DA:172,2
DA:173,2
DA:174,2
DA:175,2
DA:176,3
DA:177,3
DA:178,3
DA:179,3
DA:180,3
DA:181,3
DA:182,3
DA:183,3
DA:184,3
DA:185,3
DA:186,2
DA:187,2
DA:188,3
DA:189,3
DA:190,3
DA:191,3
DA:192,3
DA:193,3
DA:194,3
DA:195,3
DA:196,3
DA:197,3
DA:198,3
DA:199,3
DA:200,3
DA:201,3
DA:202,3
DA:203,3
DA:204,2
DA:205,2
DA:206,0
DA:207,0
DA:208,0
DA:209,2
DA:210,2
DA:211,30
DA:212,3
DA:213,3
DA:214,3
DA:215,3
DA:216,2
DA:217,2
DA:218,2
DA:219,2
DA:220,2
DA:221,0
DA:222,0
DA:223,0
DA:224,0
DA:225,0
DA:226,0
DA:227,2
DA:228,2
DA:229,0
DA:230,0
DA:231,2
DA:232,3
LF:232
LH:107
BRDA:1,0,0,30
BRDA:47,1,0,1
BRDA:48,2,0,0
BRDA:48,3,0,0
BRDA:50,4,0,3
BRDA:54,5,0,1
BRDA:55,6,0,1
BRDA:57,7,0,2
BRDA:79,8,0,3
BRDA:81,9,0,2
BRDA:82,10,0,1
BRDA:87,11,0,0
BRDA:120,12,0,2
BRDA:121,13,0,0
BRDA:124,14,0,0
BRDA:147,15,0,2
BRDA:176,16,0,3
BRDA:177,17,0,0
BRDA:181,18,0,0
BRDA:182,19,0,2
BRDA:182,20,0,0
BRDA:185,21,0,1
BRDA:186,22,0,2
BRDA:187,23,0,0
BRDA:195,24,0,0
BRDA:196,25,0,0
BRDA:197,26,0,0
BRDA:198,27,0,0
BRDA:199,28,0,0
BRDA:200,29,0,0
BRDA:204,30,0,2
BRDA:205,31,0,0
BRDA:211,32,0,3
BRDA:215,33,0,1
BRDA:216,34,0,2
BRDA:220,35,0,0
BRDA:228,36,0,0
BRF:37
BRH:19
end_of_record
TN:
SF:dist/esm/cli/commands/select.js
FN:3,hideCursor
FN:6,showCursor
FN:9,enterAltScreen
FN:12,exitAltScreen
FN:15,clearLine
FN:18,clearScreen
FN:21,clearDown
FN:24,cursorHome
FN:27,saveCursor
FN:30,restoreCursor
FN:33,renderPrompt
FN:37,renderItems
FN:62,questionWithSigint
FN:75,renderLineModeMenu
FN:91,selectLineMode
FN:116,select
FNF:16
FNH:0
FNDA:0,hideCursor
FNDA:0,showCursor
FNDA:0,enterAltScreen
FNDA:0,exitAltScreen
FNDA:0,clearLine
FNDA:0,clearScreen
FNDA:0,clearDown
FNDA:0,cursorHome
FNDA:0,saveCursor
FNDA:0,restoreCursor
FNDA:0,renderPrompt
FNDA:0,renderItems
FNDA:0,questionWithSigint
FNDA:0,renderLineModeMenu
FNDA:0,selectLineMode
FNDA:0,select
DA:1,30
DA:2,30
DA:3,0
DA:4,0
DA:5,0
DA:6,0
DA:7,0
DA:8,0
DA:9,0
DA:10,0
DA:11,0
DA:12,0
DA:13,0
DA:14,0
DA:15,0
DA:16,0
DA:17,0
DA:18,0
DA:19,0
DA:20,0
DA:21,0
DA:22,0
DA:23,0
DA:24,0
DA:25,0
DA:26,0
DA:27,0
DA:28,0
DA:29,0
DA:30,0
DA:31,0
DA:32,0
DA:33,0
DA:34,0
DA:35,0
DA:36,0
DA:37,0
DA:38,0
DA:39,0
DA:40,0
DA:41,0
DA:42,0
DA:43,0
DA:44,0
DA:45,0
DA:46,0
DA:47,0
DA:48,0
DA:49,0
DA:50,0
DA:51,0
DA:52,0
DA:53,0
DA:54,0
DA:55,0
DA:56,0
DA:57,0
DA:58,0
DA:59,0
DA:60,0
DA:61,0
DA:62,0
DA:63,0
DA:64,0
DA:65,0
DA:66,0
DA:67,0
DA:68,0
DA:69,0
DA:70,0
DA:71,0
DA:72,0
DA:73,0
DA:74,0
DA:75,0
DA:76,0
DA:77,0
DA:78,0
DA:79,0
DA:80,0
DA:81,0
DA:82,0
DA:83,0
DA:84,0
DA:85,0
DA:86,0
DA:87,0
DA:88,0
DA:89,0
DA:90,0
DA:91,0
DA:92,0
DA:93,0
DA:94,0
DA:95,0
DA:96,0
DA:97,0
DA:98,0
DA:99,0
DA:100,0
DA:101,0
DA:102,0
DA:103,0
DA:104,0
DA:105,0
DA:106,0
DA:107,0
DA:108,0
DA:109,0
DA:110,0
DA:111,0
DA:112,0
DA:113,0
DA:114,0
DA:115,0
DA:116,30
DA:117,0
DA:118,0
DA:119,0
DA:120,0
DA:121,0
DA:122,0
DA:123,0
DA:124,0
DA:125,0
DA:126,0
DA:127,0
DA:128,0
DA:129,0
DA:130,0
DA:131,0
DA:132,0
DA:133,0
DA:134,0
DA:135,0
DA:136,0
DA:137,0
DA:138,0
DA:139,0
DA:140,0
DA:141,0
DA:142,0
DA:143,0
DA:144,0
DA:145,0
DA:146,0
DA:147,0
DA:148,0
DA:149,0
DA:150,0
DA:151,0
DA:152,0
DA:153,0
DA:154,0
DA:155,0
DA:156,0
DA:157,0
DA:158,0
DA:159,0
DA:160,0
DA:161,0
DA:162,0
DA:163,0
DA:164,0
DA:165,0
DA:166,0
DA:167,0
DA:168,0
DA:169,0
DA:170,0
DA:171,0
DA:172,0
DA:173,0
DA:174,0
DA:175,0
DA:176,0
DA:177,0
DA:178,0
DA:179,0
DA:180,0
DA:181,0
DA:182,0
DA:183,0
DA:184,0
DA:185,0
DA:186,0
DA:187,0
DA:188,0
DA:189,0
DA:190,0
DA:191,0
DA:192,0
DA:193,0
DA:194,0
DA:195,0
DA:196,0
DA:197,0
DA:198,0
DA:199,0
DA:200,0
DA:201,0
DA:202,0
DA:203,0
DA:204,0
DA:205,0
DA:206,0
DA:207,0
DA:208,0
DA:209,0
DA:210,0
DA:211,0
DA:212,0
DA:213,0
DA:214,0
DA:215,0
DA:216,0
DA:217,0
DA:218,0
DA:219,0
DA:220,0
DA:221,0
DA:222,0
DA:223,0
DA:224,0
DA:225,0
DA:226,0
DA:227,0
DA:228,0
DA:229,0
DA:230,0
DA:231,0
DA:232,0
DA:233,0
DA:234,0
DA:235,0
DA:236,0
DA:237,0
DA:238,0
DA:239,0
DA:240,0
DA:241,0
DA:242,0
DA:243,0
DA:244,0
DA:245,0
DA:246,0
DA:247,0
DA:248,0
DA:249,0
DA:250,0
DA:251,0
DA:252,0
DA:253,0
DA:254,0
DA:255,0
DA:256,0
DA:257,0
DA:258,0
DA:259,0
DA:260,0
DA:261,0
DA:262,0
DA:263,0
DA:264,0
DA:265,0
LF:265
LH:3
BRDA:1,0,0,30
BRF:1
BRH:1
end_of_record
TN:
SF:dist/esm/config/load.js
FN:2,loadConfigFile
FN:11,loadConfig
FNF:2
FNH:2
FNDA:16,loadConfigFile
FNDA:34,loadConfig
DA:1,30
DA:2,16
DA:3,16
DA:4,16
DA:5,16
DA:6,16
DA:7,16
DA:8,0
DA:9,0
DA:10,16
DA:11,30
DA:12,34
DA:13,34
DA:14,34
DA:15,34
DA:16,34
DA:17,34
DA:18,16
DA:19,16
DA:20,18
DA:21,0
DA:22,0
DA:23,0
DA:24,0
DA:25,0
DA:26,0
DA:27,0
DA:28,0
DA:29,0
DA:30,0
DA:31,0
DA:32,0
DA:33,0
DA:34,0
DA:35,34
DA:36,0
DA:37,0
DA:38,34
DA:39,0
DA:40,0
DA:41,0
DA:42,0
DA:43,0
DA:44,0
DA:45,0
DA:46,0
DA:47,0
DA:48,34
DA:49,34
LF:49
LH:22
BRDA:1,0,0,30
BRDA:2,1,0,16
BRDA:7,2,0,0
BRDA:11,3,0,34
BRDA:17,4,0,16
BRDA:20,5,0,18
BRDA:20,6,0,0
BRDA:35,7,0,0
BRDA:38,8,0,0
BRF:9
BRH:5
end_of_record
TN:
SF:dist/esm/core/formatter.js
FN:1,formatMessage
FNF:1
FNH:1
FNDA:4,formatMessage
DA:1,31
DA:2,4
DA:3,4
DA:4,4
DA:5,4
DA:6,4
DA:7,4
DA:8,4
DA:9,1
DA:10,1
DA:11,4
DA:12,4
LF:12
LH:12
BRDA:1,0,0,31
BRDA:1,1,0,4
BRDA:2,2,0,2
BRDA:2,3,0,2
BRDA:3,4,0,1
BRDA:3,5,0,1
BRDA:3,6,0,3
BRDA:7,7,0,1
BRDA:8,8,0,1
BRDA:8,9,0,1
BRDA:9,10,0,2
BRF:11
BRH:11
end_of_record
TN:
SF:dist/esm/core/parser.js
FN:1,parseMessage
FNF:1
FNH:1
FNDA:9,parseMessage
DA:1,31
DA:2,9
DA:3,9
DA:4,9
DA:5,9
DA:6,9
DA:7,9
DA:8,9
DA:9,9
DA:10,9
DA:11,9
DA:12,9
DA:13,9
DA:14,9
DA:15,9
DA:16,10
DA:17,10
DA:18,2
DA:19,2
DA:20,2
DA:21,8
DA:22,8
DA:23,8
DA:24,10
DA:25,9
DA:26,9
DA:27,9
DA:28,9
DA:29,9
DA:30,2
DA:31,2
DA:32,2
DA:33,2
DA:34,9
DA:35,9
DA:36,9
DA:37,9
DA:38,9
DA:39,9
DA:40,9
DA:41,9
DA:42,9
DA:43,9
DA:44,9
LF:44
LH:44
BRDA:1,0,0,31
BRDA:1,1,0,9
BRDA:3,2,0,0
BRDA:5,3,0,0
BRDA:6,4,0,6
BRDA:7,5,0,0
BRDA:11,6,0,5
BRDA:11,7,0,4
BRDA:15,8,0,10
BRDA:17,9,0,2
BRDA:17,10,0,2
BRDA:21,11,0,8
BRDA:25,12,0,4
BRDA:26,13,0,2
BRDA:27,14,0,9
BRDA:29,15,0,7
BRDA:30,16,0,2
BRDA:32,17,0,0
BRDA:30,18,0,6
BRF:19
BRH:15
end_of_record
TN:
SF:dist/esm/core/rules.js
FN:24,pushIf
FN:28,validateType
FN:32,validateScope
FN:43,validateSubject
FN:51,validateBodyAndFooters
FN:57,validateBreaking
FN:62,validateFooterKeywords
FN:69,lintCommit
FNF:8
FNH:8
FNDA:103,pushIf
FNDA:11,validateType
FNDA:11,validateScope
FNDA:11,validateSubject
FNDA:11,validateBodyAndFooters
FNDA:11,validateBreaking
FNDA:11,validateFooterKeywords
FNDA:11,lintCommit
DA:1,31
DA:2,31
DA:3,31
DA:4,31
DA:5,31
DA:6,31
DA:7,31
DA:8,31
DA:9,31
DA:10,31
DA:11,31
DA:12,31
DA:13,31
DA:14,31
DA:15,31
DA:16,31
DA:17,31
DA:18,31
DA:19,31
DA:20,31
DA:21,31
DA:22,31
DA:23,31
DA:24,103
DA:25,103
DA:26,103
DA:27,103
DA:28,11
DA:29,11
DA:30,11
DA:31,11
DA:32,11
DA:33,11
DA:34,11
DA:35,11
DA:36,2
DA:37,0
DA:38,0
DA:39,2
DA:40,2
DA:41,2
DA:42,11
DA:43,11
DA:44,11
DA:45,11
DA:46,11
DA:47,0
DA:48,0
DA:49,11
DA:50,11
DA:51,11
DA:52,11
DA:53,11
DA:54,11
DA:55,11
DA:56,11
DA:57,11
DA:58,11
DA:59,11
DA:60,11
DA:61,11
DA:62,11
DA:63,11
DA:64,0
DA:65,0
DA:66,0
DA:67,0
DA:68,11
DA:69,31
DA:70,11
DA:71,11
DA:72,11
DA:73,11
DA:74,11
DA:75,11
DA:76,11
DA:77,11
DA:78,11
DA:79,11
DA:80,11
DA:81,11
LF:81
LH:73
BRDA:1,0,0,31
BRDA:24,1,0,103
BRDA:26,2,0,5
BRDA:28,3,0,11
BRDA:32,4,0,11
BRDA:33,5,0,0
BRDA:35,6,0,9
BRDA:36,7,0,2
BRDA:36,8,0,0
BRDA:43,9,0,11
BRDA:44,10,0,0
BRDA:46,11,0,0
BRDA:51,12,0,11
BRDA:52,13,0,8
BRDA:53,14,0,8
BRDA:54,15,0,4
BRDA:55,16,0,7
BRDA:55,17,0,0
BRDA:57,18,0,11
BRDA:58,19,0,4
BRDA:59,20,0,1
BRDA:60,21,0,1
BRDA:62,22,0,11
BRDA:63,23,0,4
BRDA:63,24,0,0
BRDA:69,25,0,11
BRDA:73,26,0,0
BRF:27
BRH:20
end_of_record
TN:
SF:dist/esm/hooks/cleanup.js
FN:5,removeManagedBlock
FN:25,findProjectRoot
FN:38,cleanupHooks
FNF:3
FNH:3
FNDA:4,removeManagedBlock
FNDA:2,findProjectRoot
FNDA:2,cleanupHooks
DA:1,30
DA:2,30
DA:3,30
DA:4,30
DA:5,4
DA:6,4
DA:7,4
DA:8,4
DA:9,4
DA:10,4
DA:11,4
DA:12,14
DA:13,1
DA:14,1
DA:15,1
DA:16,14
DA:17,1
DA:18,1
DA:19,1
DA:20,12
DA:21,14
DA:22,14
DA:23,4
DA:24,4
DA:25,2
DA:26,2
DA:27,2
DA:28,2
DA:29,2
DA:30,2
DA:31,0
DA:32,0
DA:33,0
DA:34,0
DA:35,0
DA:36,0
DA:37,2
DA:38,30
DA:39,2
DA:40,2
DA:41,2
DA:42,2
DA:43,2
DA:44,1
DA:45,1
DA:46,2
DA:47,2
DA:48,2
DA:49,2
DA:50,2
DA:51,1
DA:52,1
DA:53,1
DA:54,1
DA:55,2
DA:56,2
DA:57,2
DA:58,2
DA:59,1
DA:60,1
DA:61,1
DA:62,1
DA:63,2
DA:64,2
DA:65,2
DA:66,2
DA:67,2
DA:68,2
DA:69,2
DA:70,2
DA:71,2
DA:72,2
DA:73,2
LF:73
LH:67
BRDA:1,0,0,30
BRDA:5,1,0,4
BRDA:11,2,0,14
BRDA:12,3,0,1
BRDA:16,4,0,13
BRDA:16,5,0,1
BRDA:20,6,0,12
BRDA:21,7,0,9
BRDA:25,8,0,2
BRDA:31,9,0,0
BRDA:38,10,0,2
BRDA:39,11,0,0
BRDA:39,12,0,0
BRDA:43,13,0,1
BRDA:44,14,0,0
BRDA:50,15,0,1
BRDA:56,16,0,0
BRDA:58,17,0,1
BRDA:64,18,0,0
BRDA:72,19,0,0
BRF:20
BRH:13
end_of_record
TN:
SF:dist/esm/hooks/install.js
FN:5,ensureDir
FN:10,writeHook
FN:13,removeManagedBlock
FN:33,isGitRepository
FN:42,isProjectRoot
FN:45,getCurrentHooksPath
FN:91,removeHooksPath
FN:98,isCommitZeroHooksPath
FN:101,isDirectoryEmpty
FN:112,hasOnlyCommitZeroHooks
FN:137,tryConfigureHooksPath
FN:146,resolveHookDir
FN:159,installHooks
FN:175,resolveUninstallHookDir
FN:185,cleanupHookFile
FN:193,uninstallHooks
FNF:16
FNH:13
FNDA:1,ensureDir
FNDA:6,writeHook
FNDA:3,removeManagedBlock
FNDA:1,isGitRepository
FNDA:1,isProjectRoot
FNDA:6,getCurrentHooksPath
FNDA:0,removeHooksPath
FNDA:1,isCommitZeroHooksPath
FNDA:0,isDirectoryEmpty
FNDA:1,hasOnlyCommitZeroHooks
FNDA:0,tryConfigureHooksPath
FNDA:1,resolveHookDir
FNDA:1,installHooks
FNDA:1,resolveUninstallHookDir
FNDA:3,cleanupHookFile
FNDA:1,uninstallHooks
DA:1,30
DA:2,30
DA:3,30
DA:4,30
DA:5,1
DA:6,1
DA:7,0
DA:8,0
DA:9,1
DA:10,6
DA:11,6
DA:12,6
DA:13,3
DA:14,3
DA:15,3
DA:16,3
DA:17,3
DA:18,3
DA:19,3
DA:20,181
DA:21,11
DA:22,11
DA:23,11
DA:24,181
DA:25,5
DA:26,5
DA:27,5
DA:28,165
DA:29,181
DA:30,181
DA:31,3
DA:32,3
DA:33,1
DA:34,1
DA:35,1
DA:36,1
DA:37,1
DA:38,1
DA:39,0
DA:40,0
DA:41,1
DA:42,1
DA:43,1
DA:44,1
DA:45,30
DA:46,6
DA:47,2
DA:48,2
DA:49,2
DA:50,1
DA:51,1
DA:52,2
DA:53,2
DA:54,0
DA:55,0
DA:56,2
DA:57,5
DA:58,5
DA:59,5
DA:60,5
DA:61,6
DA:62,6
DA:63,6
DA:64,6
DA:65,6
DA:66,6
DA:67,0
DA:68,0
DA:69,0
DA:70,0
DA:71,6
DA:72,6
DA:73,6
DA:74,6
DA:75,6
DA:76,6
DA:77,0
DA:78,0
DA:79,0
DA:80,0
DA:81,0
DA:82,0
DA:83,6
DA:84,6
DA:85,6
DA:86,6
DA:87,6
DA:88,0
DA:89,0
DA:90,6
DA:91,0
DA:92,0
DA:93,0
DA:94,0
DA:95,0
DA:96,0
DA:97,0
DA:98,30
DA:99,1
DA:100,1
DA:101,0
DA:102,0
DA:103,0
DA:104,0
DA:105,0
DA:106,0
DA:107,0
DA:108,0
DA:109,0
DA:110,0
DA:111,0
DA:112,1
DA:113,1
DA:114,1
DA:115,1
DA:116,1
DA:117,1
DA:118,1
DA:119,1
DA:120,1
DA:121,1
DA:122,1
DA:123,1
DA:124,1
DA:125,1
DA:126,1
DA:127,1
DA:128,0
DA:129,0
DA:130,1
DA:131,0
DA:132,0
DA:133,0
DA:134,0
DA:135,0
DA:136,1
DA:137,0
DA:138,0
DA:139,0
DA:140,0
DA:141,0
DA:142,0
DA:143,0
DA:144,0
DA:145,0
DA:146,1
DA:147,1
DA:148,1
DA:149,1
DA:150,1
DA:151,1
DA:152,0
DA:153,0
DA:154,1
DA:155,0
DA:156,0
DA:157,1
DA:158,1
DA:159,30
DA:160,1
DA:161,0
DA:162,0
DA:163,1
DA:164,0
DA:165,0
DA:166,1
DA:167,1
DA:168,1
DA:169,1
DA:170,1
DA:171,1
DA:172,1
DA:173,1
DA:174,1
DA:175,1
DA:176,1
DA:177,1
DA:178,1
DA:179,1
DA:180,1
DA:181,1
DA:182,1
DA:183,1
DA:184,1
DA:185,3
DA:186,3
DA:187,3
DA:188,3
DA:189,3
DA:190,3
DA:191,3
DA:192,3
DA:193,30
DA:194,1
DA:195,1
DA:196,1
DA:197,1
DA:198,1
DA:199,1
DA:200,1
DA:201,1
DA:202,1
DA:203,1
DA:204,0
DA:205,0
DA:206,0
DA:207,0
DA:208,0
DA:209,0
DA:210,1
DA:211,1
LF:211
LH:145
BRDA:1,0,0,30
BRDA:5,1,0,1
BRDA:6,2,0,0
BRDA:10,3,0,6
BRDA:13,4,0,3
BRDA:19,5,0,181
BRDA:20,6,0,11
BRDA:24,7,0,170
BRDA:24,8,0,5
BRDA:28,9,0,165
BRDA:29,10,0,6
BRDA:33,11,0,1
BRDA:38,12,0,0
BRDA:42,13,0,1
BRDA:45,14,0,6
BRDA:46,15,0,2
BRDA:49,16,0,1
BRDA:53,17,0,0
BRDA:57,18,0,5
BRDA:61,19,0,4
BRDA:64,20,0,5
BRDA:66,21,0,0
BRDA:74,22,0,0
BRDA:76,23,0,0
BRDA:85,24,0,0
BRDA:87,25,0,0
BRDA:98,26,0,1
BRDA:99,27,0,0
BRDA:112,28,0,1
BRDA:114,29,0,0
BRDA:120,30,0,0
BRDA:127,31,0,0
BRDA:131,32,0,0
BRDA:146,33,0,1
BRDA:148,34,0,0
BRDA:151,35,0,0
BRDA:154,36,0,0
BRDA:154,37,0,0
BRDA:159,38,0,1
BRDA:160,39,0,0
BRDA:163,40,0,0
BRDA:175,41,0,1
BRDA:177,42,0,0
BRDA:180,43,0,0
BRDA:182,44,0,0
BRDA:185,45,0,3
BRDA:189,46,0,0
BRDA:191,47,0,0
BRDA:193,48,0,1
BRDA:203,49,0,0
BRDA:203,50,0,0
BRF:51
BRH:25
end_of_record
TN:
SF:dist/esm/hooks/postinstall.js
FN:3,detectPackageManager
FN:12,pmExec
FN:24,safeParseJson
FN:32,updateScripts
FN:58,findConsumerRoot
FNF:5
FNH:5
FNDA:1,detectPackageManager
FNDA:1,pmExec
FNDA:31,safeParseJson
FNDA:31,updateScripts
FNDA:30,findConsumerRoot
DA:1,30
DA:2,30
DA:3,1
DA:4,1
DA:5,1
DA:6,1
DA:7,1
DA:8,1
DA:9,1
DA:10,1
DA:11,1
DA:12,1
DA:13,1
DA:14,1
DA:15,0
DA:16,1
DA:17,0
DA:18,1
DA:19,0
DA:20,1
DA:21,1
DA:22,1
DA:23,1
DA:24,31
DA:25,31
DA:26,31
DA:27,31
DA:28,31
DA:29,0
DA:30,0
DA:31,31
DA:32,30
DA:33,31
DA:34,31
DA:35,31
DA:36,31
DA:37,31
DA:38,31
DA:39,31
DA:40,31
DA:41,31
DA:42,1
DA:43,1
DA:44,31
DA:45,0
DA:46,0
DA:47,2
DA:48,0
DA:49,0
DA:50,2
DA:51,0
DA:52,0
DA:53,2
DA:54,0
DA:55,0
DA:56,1
DA:57,31
DA:58,30
DA:59,30
DA:60,30
DA:61,30
DA:62,0
DA:63,0
DA:64,0
DA:65,0
DA:66,0
DA:67,0
DA:68,0
DA:69,0
DA:70,0
DA:71,0
DA:72,0
DA:73,0
DA:74,0
DA:75,0
DA:76,0
DA:77,0
DA:78,30
DA:79,30
DA:80,30
DA:81,30
DA:82,30
DA:83,30
DA:84,0
DA:85,0
LF:85
LH:54
BRDA:1,0,0,30
BRDA:84,1,0,0
BRDA:3,2,0,1
BRDA:5,3,0,0
BRDA:7,4,0,0
BRDA:9,5,0,0
BRDA:12,6,0,1
BRDA:14,7,0,0
BRDA:16,8,0,0
BRDA:18,9,0,0
BRDA:24,10,0,31
BRDA:28,11,0,0
BRDA:32,12,0,31
BRDA:35,13,0,0
BRDA:39,14,0,0
BRDA:41,15,0,30
BRDA:42,16,0,1
BRDA:44,17,0,2
BRDA:44,18,0,0
BRDA:47,19,0,1
BRDA:47,20,0,0
BRDA:50,21,0,1
BRDA:50,22,0,0
BRDA:53,23,0,1
BRDA:53,24,0,0
BRDA:56,25,0,1
BRDA:58,26,0,30
BRDA:59,27,0,0
BRDA:62,28,0,0
BRF:29
BRH:13
end_of_record
TN:
SF:dist/esm/hooks/scripts.js
FN:2,commitMsgScript
FN:108,prepareCommitMsgScript
FN:119,preCommitScript
FNF:3
FNH:3
FNDA:1,commitMsgScript
FNDA:1,prepareCommitMsgScript
FNDA:1,preCommitScript
DA:1,30
DA:2,30
DA:3,1
DA:4,1
DA:5,1
DA:6,1
DA:7,1
DA:8,1
DA:9,1
DA:10,1
DA:11,1
DA:12,1
DA:13,1
DA:14,1
DA:15,1
DA:16,1
DA:17,1
DA:18,1
DA:19,1
DA:20,1
DA:21,1
DA:22,1
DA:23,1
DA:24,1
DA:25,1
DA:26,1
DA:27,1
DA:28,1
DA:29,1
DA:30,1
DA:31,1
DA:32,1
DA:33,1
DA:34,1
DA:35,1
DA:36,1
DA:37,1
DA:38,1
DA:39,1
DA:40,1
DA:41,1
DA:42,1
DA:43,1
DA:44,1
DA:45,1
DA:46,1
DA:47,1
DA:48,1
DA:49,1
DA:50,1
DA:51,1
DA:52,1
DA:53,1
DA:54,1
DA:55,1
DA:56,1
DA:57,1
DA:58,1
DA:59,1
DA:60,1
DA:61,1
DA:62,1
DA:63,1
DA:64,1
DA:65,1
DA:66,1
DA:67,1
DA:68,1
DA:69,1
DA:70,1
DA:71,1
DA:72,1
DA:73,1
DA:74,1
DA:75,1
DA:76,1
DA:77,1
DA:78,1
DA:79,1
DA:80,1
DA:81,1
DA:82,1
DA:83,1
DA:84,1
DA:85,1
DA:86,1
DA:87,1
DA:88,1
DA:89,1
DA:90,1
DA:91,1
DA:92,1
DA:93,1
DA:94,1
DA:95,1
DA:96,1
DA:97,1
DA:98,1
DA:99,1
DA:100,1
DA:101,1
DA:102,1
DA:103,1
DA:104,1
DA:105,1
DA:106,1
DA:107,1
DA:108,30
DA:109,1
DA:110,1
DA:111,1
DA:112,1
DA:113,1
DA:114,1
DA:115,1
DA:116,1
DA:117,1
DA:118,1
DA:119,30
DA:120,1
DA:121,1
DA:122,1
DA:123,1
DA:124,1
DA:125,1
DA:126,1
DA:127,1
DA:128,1
DA:129,1
DA:130,1
DA:131,1
DA:132,1
DA:133,1
DA:134,1
DA:135,1
DA:136,1
DA:137,1
DA:138,1
DA:139,1
DA:140,1
DA:141,1
DA:142,1
DA:143,1
DA:144,1
DA:145,1
DA:146,1
DA:147,1
DA:148,1
DA:149,1
DA:150,1
DA:151,1
DA:152,1
DA:153,1
DA:154,1
DA:155,1
DA:156,1
DA:157,1
DA:158,1
DA:159,1
DA:160,1
DA:161,1
DA:162,1
DA:163,1
DA:164,1
DA:165,1
DA:166,1
DA:167,1
DA:168,1
DA:169,1
DA:170,1
DA:171,1
DA:172,1
DA:173,1
DA:174,1
DA:175,1
DA:176,1
DA:177,1
DA:178,1
DA:179,1
DA:180,1
DA:181,1
DA:182,1
DA:183,1
DA:184,1
DA:185,1
DA:186,1
DA:187,1
DA:188,1
DA:189,1
DA:190,1
DA:191,1
DA:192,1
DA:193,1
DA:194,1
DA:195,1
DA:196,1
DA:197,1
DA:198,1
DA:199,1
DA:200,1
DA:201,1
DA:202,1
DA:203,1
DA:204,1
DA:205,1
DA:206,1
DA:207,1
DA:208,1
DA:209,1
DA:210,1
DA:211,1
DA:212,1
DA:213,1
DA:214,1
DA:215,1
DA:216,1
DA:217,1
DA:218,1
DA:219,1
DA:220,1
DA:221,1
LF:221
LH:221
BRDA:1,0,0,30
BRDA:2,1,0,1
BRDA:108,2,0,1
BRDA:119,3,0,1
BRF:4
BRH:4
end_of_record
TN:
SF:dist/esm/i18n/index.js
FN:334,t
FNF:1
FNH:1
FNDA:152,t
DA:1,31
DA:2,31
DA:3,31
DA:4,31
DA:5,31
DA:6,31
DA:7,31
DA:8,31
DA:9,31
DA:10,31
DA:11,31
DA:12,31
DA:13,31
DA:14,31
DA:15,31
DA:16,31
DA:17,31
DA:18,31
DA:19,31
DA:20,31
DA:21,31
DA:22,31
DA:23,31
DA:24,31
DA:25,31
DA:26,31
DA:27,31
DA:28,31
DA:29,31
DA:30,31
DA:31,31
DA:32,31
DA:33,31
DA:34,31
DA:35,31
DA:36,31
DA:37,31
DA:38,31
DA:39,31
DA:40,31
DA:41,31
DA:42,31
DA:43,31
DA:44,31
DA:45,31
DA:46,31
DA:47,31
DA:48,31
DA:49,31
DA:50,31
DA:51,31
DA:52,31
DA:53,31
DA:54,31
DA:55,31
DA:56,31
DA:57,31
DA:58,31
DA:59,31
DA:60,31
DA:61,31
DA:62,31
DA:63,31
DA:64,31
DA:65,31
DA:66,31
DA:67,31
DA:68,31
DA:69,31
DA:70,31
DA:71,31
DA:72,31
DA:73,31
DA:74,31
DA:75,31
DA:76,31
DA:77,31
DA:78,31
DA:79,31
DA:80,31
DA:81,31
DA:82,31
DA:83,31
DA:84,31
DA:85,31
DA:86,31
DA:87,31
DA:88,31
DA:89,31
DA:90,31
DA:91,31
DA:92,31
DA:93,31
DA:94,31
DA:95,31
DA:96,31
DA:97,31
DA:98,31
DA:99,31
DA:100,31
DA:101,31
DA:102,31
DA:103,31
DA:104,31
DA:105,31
DA:106,31
DA:107,31
DA:108,31
DA:109,31
DA:110,31
DA:111,31
DA:112,31
DA:113,31
DA:114,31
DA:115,31
DA:116,31
DA:117,31
DA:118,31
DA:119,31
DA:120,31
DA:121,31
DA:122,31
DA:123,31
DA:124,31
DA:125,31
DA:126,31
DA:127,31
DA:128,31
DA:129,31
DA:130,31
DA:131,31
DA:132,31
DA:133,31
DA:134,31
DA:135,31
DA:136,31
DA:137,31
DA:138,31
DA:139,31
DA:140,31
DA:141,31
DA:142,31
DA:143,31
DA:144,31
DA:145,31
DA:146,31
DA:147,31
DA:148,31
DA:149,31
DA:150,31
DA:151,31
DA:152,31
DA:153,31
DA:154,31
DA:155,31
DA:156,31
DA:157,31
DA:158,31
DA:159,31
DA:160,31
DA:161,31
DA:162,31
DA:163,31
DA:164,31
DA:165,31
DA:166,31
DA:167,31
DA:168,31
DA:169,31
DA:170,31
DA:171,31
DA:172,31
DA:173,31
DA:174,31
DA:175,31
DA:176,31
DA:177,31
DA:178,31
DA:179,31
DA:180,31
DA:181,31
DA:182,31
DA:183,31
DA:184,31
DA:185,31
DA:186,31
DA:187,31
DA:188,31
DA:189,31
DA:190,31
DA:191,31
DA:192,31
DA:193,31
DA:194,31
DA:195,31
DA:196,31
DA:197,31
DA:198,31
DA:199,31
DA:200,31
DA:201,31
DA:202,31
DA:203,31
DA:204,31
DA:205,31
DA:206,31
DA:207,31
DA:208,31
DA:209,31
DA:210,31
DA:211,31
DA:212,31
DA:213,31
DA:214,31
DA:215,31
DA:216,31
DA:217,31
DA:218,31
DA:219,31
DA:220,31
DA:221,31
DA:222,31
DA:223,31
DA:224,31
DA:225,31
DA:226,31
DA:227,31
DA:228,31
DA:229,31
DA:230,31
DA:231,31
DA:232,31
DA:233,31
DA:234,31
DA:235,31
DA:236,31
DA:237,31
DA:238,31
DA:239,31
DA:240,31
DA:241,31
DA:242,31
DA:243,31
DA:244,31
DA:245,31
DA:246,31
DA:247,31
DA:248,31
DA:249,31
DA:250,31
DA:251,31
DA:252,31
DA:253,31
DA:254,31
DA:255,31
DA:256,31
DA:257,31
DA:258,31
DA:259,31
DA:260,31
DA:261,31
DA:262,31
DA:263,31
DA:264,31
DA:265,31
DA:266,31
DA:267,31
DA:268,31
DA:269,31
DA:270,31
DA:271,31
DA:272,31
DA:273,31
DA:274,31
DA:275,31
DA:276,31
DA:277,31
DA:278,31
DA:279,31
DA:280,31
DA:281,31
DA:282,31
DA:283,31
DA:284,31
DA:285,31
DA:286,31
DA:287,31
DA:288,31
DA:289,31
DA:290,31
DA:291,31
DA:292,31
DA:293,31
DA:294,31
DA:295,31
DA:296,31
DA:297,31
DA:298,31
DA:299,31
DA:300,31
DA:301,31
DA:302,31
DA:303,31
DA:304,31
DA:305,31
DA:306,31
DA:307,31
DA:308,31
DA:309,31
DA:310,31
DA:311,31
DA:312,31
DA:313,31
DA:314,31
DA:315,31
DA:316,31
DA:317,31
DA:318,31
DA:319,31
DA:320,31
DA:321,31
DA:322,31
DA:323,31
DA:324,31
DA:325,31
DA:326,31
DA:327,31
DA:328,31
DA:329,31
DA:330,31
DA:331,31
DA:332,31
DA:333,31
DA:334,31
DA:335,152
DA:336,152
DA:337,152
DA:338,39
DA:339,39
DA:340,152
DA:341,152
DA:342,31
LF:342
LH:342
BRDA:1,0,0,31
BRDA:334,1,0,152
BRDA:335,2,0,0
BRDA:336,3,0,0
BRDA:337,4,0,39
BRDA:338,5,0,46
BRDA:338,6,0,0
BRF:7
BRH:4
end_of_record
TN:
SF:dist/esm/utils/size.js
FN:1,parseSizeToBytes
FN:36,formatBytes
FNF:2
FNH:2
FNDA:6,parseSizeToBytes
FNDA:4,formatBytes
DA:1,30
DA:2,6
DA:3,5
DA:4,5
DA:5,1
DA:6,0
DA:7,0
DA:8,1
DA:9,1
DA:10,1
DA:11,0
DA:12,0
DA:13,0
DA:14,1
DA:15,1
DA:16,1
DA:17,0
DA:18,0
DA:19,1
DA:20,1
DA:21,6
DA:22,1
DA:23,6
DA:24,6
DA:25,0
DA:26,6
DA:27,6
DA:28,0
DA:29,6
DA:30,6
DA:31,0
DA:32,6
DA:33,0
DA:34,6
DA:35,6
DA:36,30
DA:37,4
DA:38,4
DA:39,4
DA:40,4
DA:41,4
DA:42,4
DA:43,4
LF:43
LH:32
BRDA:1,0,0,30
BRDA:1,1,0,6
BRDA:2,2,0,5
BRDA:5,3,0,1
BRDA:5,4,0,0
BRDA:10,5,0,0
BRDA:16,6,0,0
BRDA:21,7,0,1
BRDA:23,8,0,0
BRDA:24,9,0,0
BRDA:26,10,0,0
BRDA:27,11,0,0
BRDA:29,12,0,0
BRDA:30,13,0,0
BRDA:32,14,0,0
BRDA:36,15,0,4
BRDA:38,16,0,0
BRF:17
BRH:6
end_of_record
TN:
SF:dist/esm/utils/time.js
FN:1,parseTimeToMs
FN:17,formatDurationMs
FNF:2
FNH:2
FNDA:3,parseTimeToMs
FNDA:4,formatDurationMs
DA:1,30
DA:2,3
DA:3,3
DA:4,3
DA:5,3
DA:6,1
DA:7,1
DA:8,1
DA:9,0
DA:10,0
DA:11,0
DA:12,0
DA:13,0
DA:14,0
DA:15,0
DA:16,3
DA:17,30
DA:18,4
DA:19,4
DA:20,4
DA:21,4
DA:22,0
DA:23,0
DA:24,0
DA:25,0
DA:26,4
LF:26
LH:15
BRDA:1,0,0,30
BRDA:1,1,0,3
BRDA:2,2,0,1
BRDA:3,3,0,2
BRDA:4,4,0,1
BRDA:4,5,0,0
BRDA:5,6,0,1
BRDA:5,7,0,0
BRDA:9,8,0,0
BRDA:17,9,0,4
BRDA:19,10,0,0
BRDA:22,11,0,0
BRF:12
BRH:7
end_of_record
TN:
SF:dist/esm/version/check.js
FN:4,getStatePath
FN:9,ensureDir
FN:15,readState
FN:25,writeState
FN:33,msForPeriod
FN:44,shouldCheck
FN:50,parseSemver
FN:60,isNewer
FN:73,fetchLatestVersion
FN:104,checkForUpdate
FNF:10
FNH:8
FNDA:47,getStatePath
FNDA:19,ensureDir
FNDA:28,readState
FNDA:19,writeState
FNDA:9,msForPeriod
FNDA:28,shouldCheck
FNDA:0,parseSemver
FNDA:0,isNewer
FNDA:19,fetchLatestVersion
FNDA:28,checkForUpdate
DA:1,30
DA:2,30
DA:3,30
DA:4,47
DA:5,47
DA:6,47
DA:7,47
DA:8,47
DA:9,19
DA:10,19
DA:11,19
DA:12,19
DA:13,19
DA:14,19
DA:15,28
DA:16,28
DA:17,28
DA:18,28
DA:19,28
DA:20,28
DA:21,28
DA:22,19
DA:23,19
DA:24,28
DA:25,19
DA:26,19
DA:27,19
DA:28,19
DA:29,19
DA:30,19
DA:31,19
DA:32,19
DA:33,9
DA:34,9
DA:35,9
DA:36,0
DA:37,9
DA:38,0
DA:39,9
DA:40,9
DA:41,9
DA:42,9
DA:43,9
DA:44,28
DA:45,28
DA:46,28
DA:47,9
DA:48,9
DA:49,28
DA:50,0
DA:51,0
DA:52,0
DA:53,0
DA:54,0
DA:55,0
DA:56,0
DA:57,0
DA:58,0
DA:59,0
DA:60,0
DA:61,0
DA:62,0
DA:63,0
DA:64,0
DA:65,0
DA:66,0
DA:67,0
DA:68,0
DA:69,0
DA:70,0
DA:71,0
DA:72,0
DA:73,30
DA:74,19
DA:75,19
DA:76,19
DA:77,19
DA:78,0
DA:79,0
DA:80,0
DA:81,0
DA:82,19
DA:83,19
DA:84,19
DA:85,19
DA:86,19
DA:87,19
DA:88,19
DA:89,19
DA:90,0
DA:91,0
DA:92,19
DA:93,19
DA:94,19
DA:95,19
DA:96,0
DA:97,0
DA:98,0
DA:99,0
DA:100,0
DA:101,19
DA:102,19
DA:103,19
DA:104,30
DA:105,28
DA:106,28
DA:107,28
DA:108,28
DA:109,9
DA:110,9
DA:111,19
DA:112,19
DA:113,28
DA:114,28
DA:115,28
DA:116,19
DA:117,19
DA:118,0
DA:119,0
DA:120,0
DA:121,28
LF:121
LH:82
BRDA:1,0,0,30
BRDA:4,1,0,47
BRDA:9,2,0,19
BRDA:13,3,0,0
BRDA:15,4,0,28
BRDA:21,5,0,19
BRDA:25,6,0,19
BRDA:31,7,0,0
BRDA:33,8,0,9
BRDA:35,9,0,0
BRDA:37,10,0,0
BRDA:44,11,0,28
BRDA:46,12,0,19
BRDA:47,13,0,9
BRDA:73,14,0,19
BRDA:75,15,0,19
BRDA:76,16,0,19
BRDA:77,17,0,0
BRDA:83,18,0,78
BRDA:84,19,0,19
BRDA:87,20,0,0
BRDA:89,21,0,0
BRDA:104,22,0,28
BRDA:106,23,0,0
BRDA:108,24,0,9
BRDA:111,25,0,19
BRDA:113,26,0,0
BRDA:115,27,0,19
BRDA:115,28,0,0
BRDA:118,29,0,0
BRF:30
BRH:19
end_of_record
